{"uid":"9b89238a7899eced","name":"Test for successful habit creation","fullName":"tests.ui.habit_form_tests.test_successful_habit_creation#test_successful_habit_creation","historyId":"d2d398044bc133874756242d8abcf99f","time":{"start":1772208520131,"stop":1772208520273,"duration":142},"description":"Check that user is able to create a new habit card by\n    filling in all required fields on the Create habit page.","descriptionHtml":"<p>Check that user is able to create a new habit card by<br />\nfilling in all required fields on the Create habit page.</p>\n","status":"broken","statusMessage":"AttributeError: 'HabitBasicInfoFormComponent' object has no attribute 'resolve_list'. Did you mean: '_resolve_list'?","statusTrace":"driver_delete_habit_after = namespace(driver=<selenium.webdriver.chrome.webdriver.WebDriver (session=\"18121bc35e8151eb65be9da64b9c9057\")>, create_...e object at 0x7f1ac742ff20>, all_habits_page=<pages.habit_pages.all_habits_page.AllHabitPage object at 0x7f1ac742cbc0>)\n\n    @allure.title(\"Test for successful habit creation\")\n    def test_successful_habit_creation(driver_delete_habit_after):\n        \"\"\"Check that user is able to create a new habit card by\n        filling in all required fields on the Create habit page.\"\"\"\n    \n        with allure.step(\"Go to all habits page\"):\n            create_habit_page = driver_delete_habit_after.create_page\n            all_habits_page = driver_delete_habit_after.all_habits_page\n    \n        with allure.step(\"Enter valid data into required fields\"):\n            habit_basic_form = create_habit_page.basic_form\n            habit_basic_form.enter_title(\"Test title\")\n>           habit_basic_form.choose_tags([\"testing\"])\n\ntests/ui/habit_form_tests/test_successful_habit_creation.py:16: \n_ _ _ _ _ _ _ _ _ _ _ _ _ _ _ _ _ _ _ _ _ _ _ _ _ _ _ _ _ _ _ _ _ _ _ _ _ _ _ _ \ncomponents/habbit_components/habit_basic_info_form_component.py:80: in choose_tags\n    found_tags = self.resolve_list(\"tags\")\n_ _ _ _ _ _ _ _ _ _ _ _ _ _ _ _ _ _ _ _ _ _ _ _ _ _ _ _ _ _ _ _ _ _ _ _ _ _ _ _ \n\nself = <components.habbit_components.habit_basic_info_form_component.HabitBasicInfoFormComponent object at 0x7f1ac74422a0>\nname = 'resolve_list'\n\n    def __getattr__(self, name: str) -> Any:\n        \"\"\"\n        Lazy loading mechanism. Invoked only when the requested attribute\n        does not exist in the instance's __dict__.\n        \"\"\"\n        if name in self._lazy_resolvers:\n            # Note: Caching with setattr is omitted to prevent StaleElementReferenceException\n            # in dynamic environments (Angular/React).\n            return self._lazy_resolvers[name]()\n    \n>       raise AttributeError(f\"'{type(self).__name__}' object has no attribute '{name}'\")\nE       AttributeError: 'HabitBasicInfoFormComponent' object has no attribute 'resolve_list'. Did you mean: '_resolve_list'?\n\nutils/page_factory.py:51: AttributeError","flaky":false,"newFailed":false,"newBroken":true,"newPassed":false,"retriesCount":0,"retriesStatusChange":false,"beforeStages":[{"name":"capture_logs_to_allure","time":{"start":1772208516012,"stop":1772208516012,"duration":0},"status":"passed","steps":[],"attachments":[],"parameters":[],"stepsCount":0,"shouldDisplayMessage":false,"attachmentsCount":0,"hasContent":false,"attachmentStep":false},{"name":"driver","time":{"start":1772208516012,"stop":1772208518388,"duration":2376},"status":"passed","steps":[],"attachments":[],"parameters":[],"stepsCount":0,"shouldDisplayMessage":false,"attachmentsCount":0,"hasContent":false,"attachmentStep":false},{"name":"driver_with_login","time":{"start":1772208518388,"stop":1772208519875,"duration":1487},"status":"passed","steps":[{"name":"Logging in the user with email: greencitytest69@hotmail.com","time":{"start":1772208518388,"stop":1772208519875,"duration":1487},"status":"passed","steps":[{"name":"Clicking signin button in the header","time":{"start":1772208518400,"stop":1772208519064,"duration":664},"status":"passed","steps":[],"attachments":[],"parameters":[],"stepsCount":0,"shouldDisplayMessage":false,"attachmentsCount":0,"hasContent":false,"attachmentStep":false},{"name":"Sign in","time":{"start":1772208519064,"stop":1772208519861,"duration":797},"status":"passed","steps":[],"attachments":[],"parameters":[{"name":"email","value":"'greencitytest69@hotmail.com'"},{"name":"password","value":"'asweQA5346!)'"}],"stepsCount":0,"shouldDisplayMessage":false,"attachmentsCount":0,"hasContent":true,"attachmentStep":false}],"attachments":[],"parameters":[],"stepsCount":2,"shouldDisplayMessage":false,"attachmentsCount":0,"hasContent":true,"attachmentStep":false}],"attachments":[],"parameters":[],"stepsCount":3,"shouldDisplayMessage":false,"attachmentsCount":0,"hasContent":true,"attachmentStep":false},{"name":"create_habit_page_context","time":{"start":1772208519876,"stop":1772208520130,"duration":254},"status":"passed","steps":[{"name":"Go to Create Habit page","time":{"start":1772208519876,"stop":1772208520130,"duration":254},"status":"passed","steps":[{"name":"Clicking Add New Habit button on the My Habit page","time":{"start":1772208519876,"stop":1772208520012,"duration":136},"status":"passed","steps":[],"attachments":[],"parameters":[],"stepsCount":0,"shouldDisplayMessage":false,"attachmentsCount":0,"hasContent":false,"attachmentStep":false},{"name":"Clicking Create Habit button on the All Habits page","time":{"start":1772208520021,"stop":1772208520130,"duration":109},"status":"passed","steps":[],"attachments":[],"parameters":[],"stepsCount":0,"shouldDisplayMessage":false,"attachmentsCount":0,"hasContent":false,"attachmentStep":false}],"attachments":[],"parameters":[],"stepsCount":2,"shouldDisplayMessage":false,"attachmentsCount":0,"hasContent":true,"attachmentStep":false}],"attachments":[],"parameters":[],"stepsCount":3,"shouldDisplayMessage":false,"attachmentsCount":0,"hasContent":true,"attachmentStep":false},{"name":"driver_delete_habit_after","time":{"start":1772208520130,"stop":1772208520130,"duration":0},"status":"passed","steps":[],"attachments":[],"parameters":[],"stepsCount":0,"shouldDisplayMessage":false,"attachmentsCount":0,"hasContent":false,"attachmentStep":false}],"testStage":{"description":"Check that user is able to create a new habit card by\n    filling in all required fields on the Create habit page.","status":"broken","statusMessage":"AttributeError: 'HabitBasicInfoFormComponent' object has no attribute 'resolve_list'. Did you mean: '_resolve_list'?","statusTrace":"driver_delete_habit_after = namespace(driver=<selenium.webdriver.chrome.webdriver.WebDriver (session=\"18121bc35e8151eb65be9da64b9c9057\")>, create_...e object at 0x7f1ac742ff20>, all_habits_page=<pages.habit_pages.all_habits_page.AllHabitPage object at 0x7f1ac742cbc0>)\n\n    @allure.title(\"Test for successful habit creation\")\n    def test_successful_habit_creation(driver_delete_habit_after):\n        \"\"\"Check that user is able to create a new habit card by\n        filling in all required fields on the Create habit page.\"\"\"\n    \n        with allure.step(\"Go to all habits page\"):\n            create_habit_page = driver_delete_habit_after.create_page\n            all_habits_page = driver_delete_habit_after.all_habits_page\n    \n        with allure.step(\"Enter valid data into required fields\"):\n            habit_basic_form = create_habit_page.basic_form\n            habit_basic_form.enter_title(\"Test title\")\n>           habit_basic_form.choose_tags([\"testing\"])\n\ntests/ui/habit_form_tests/test_successful_habit_creation.py:16: \n_ _ _ _ _ _ _ _ _ _ _ _ _ _ _ _ _ _ _ _ _ _ _ _ _ _ _ _ _ _ _ _ _ _ _ _ _ _ _ _ \ncomponents/habbit_components/habit_basic_info_form_component.py:80: in choose_tags\n    found_tags = self.resolve_list(\"tags\")\n_ _ _ _ _ _ _ _ _ _ _ _ _ _ _ _ _ _ _ _ _ _ _ _ _ _ _ _ _ _ _ _ _ _ _ _ _ _ _ _ \n\nself = <components.habbit_components.habit_basic_info_form_component.HabitBasicInfoFormComponent object at 0x7f1ac74422a0>\nname = 'resolve_list'\n\n    def __getattr__(self, name: str) -> Any:\n        \"\"\"\n        Lazy loading mechanism. Invoked only when the requested attribute\n        does not exist in the instance's __dict__.\n        \"\"\"\n        if name in self._lazy_resolvers:\n            # Note: Caching with setattr is omitted to prevent StaleElementReferenceException\n            # in dynamic environments (Angular/React).\n            return self._lazy_resolvers[name]()\n    \n>       raise AttributeError(f\"'{type(self).__name__}' object has no attribute '{name}'\")\nE       AttributeError: 'HabitBasicInfoFormComponent' object has no attribute 'resolve_list'. Did you mean: '_resolve_list'?\n\nutils/page_factory.py:51: AttributeError","steps":[{"name":"Go to all habits page","time":{"start":1772208520131,"stop":1772208520131,"duration":0},"status":"passed","steps":[],"attachments":[],"parameters":[],"stepsCount":0,"shouldDisplayMessage":false,"attachmentsCount":0,"hasContent":false,"attachmentStep":false},{"name":"Enter valid data into required fields","time":{"start":1772208520131,"stop":1772208520271,"duration":140},"status":"broken","statusMessage":"AttributeError: 'HabitBasicInfoFormComponent' object has no attribute 'resolve_list'. Did you mean: '_resolve_list'?\n","statusTrace":"  File \"/home/runner/work/greencity5307/greencity5307/tests/ui/habit_form_tests/test_successful_habit_creation.py\", line 16, in test_successful_habit_creation\n    habit_basic_form.choose_tags([\"testing\"])\n  File \"/opt/hostedtoolcache/Python/3.12.12/x64/lib/python3.12/site-packages/allure_commons/_allure.py\", line 202, in impl\n    return func(*a, **kw)\n           ^^^^^^^^^^^^^^\n  File \"/home/runner/work/greencity5307/greencity5307/components/habbit_components/habit_basic_info_form_component.py\", line 80, in choose_tags\n    found_tags = self.resolve_list(\"tags\")\n                 ^^^^^^^^^^^^^^^^^\n  File \"/home/runner/work/greencity5307/greencity5307/utils/page_factory.py\", line 51, in __getattr__\n    raise AttributeError(f\"'{type(self).__name__}' object has no attribute '{name}'\")\n","steps":[{"name":"Enter text into title field on Create Habit form","time":{"start":1772208520191,"stop":1772208520269,"duration":78},"status":"passed","steps":[],"attachments":[],"parameters":[{"name":"text","value":"'Test title'"}],"stepsCount":0,"shouldDisplayMessage":false,"attachmentsCount":0,"hasContent":true,"attachmentStep":false},{"name":"Choose tags for habit on Create Habit form","time":{"start":1772208520269,"stop":1772208520269,"duration":0},"status":"broken","statusMessage":"AttributeError: 'HabitBasicInfoFormComponent' object has no attribute 'resolve_list'. Did you mean: '_resolve_list'?\n","statusTrace":"  File \"/opt/hostedtoolcache/Python/3.12.12/x64/lib/python3.12/site-packages/allure_commons/_allure.py\", line 202, in impl\n    return func(*a, **kw)\n           ^^^^^^^^^^^^^^\n  File \"/home/runner/work/greencity5307/greencity5307/components/habbit_components/habit_basic_info_form_component.py\", line 80, in choose_tags\n    found_tags = self.resolve_list(\"tags\")\n                 ^^^^^^^^^^^^^^^^^\n  File \"/home/runner/work/greencity5307/greencity5307/utils/page_factory.py\", line 51, in __getattr__\n    raise AttributeError(f\"'{type(self).__name__}' object has no attribute '{name}'\")\n","steps":[],"attachments":[],"parameters":[{"name":"chosen_tags","value":"['testing']"}],"stepsCount":0,"shouldDisplayMessage":true,"attachmentsCount":0,"hasContent":true,"attachmentStep":false}],"attachments":[],"parameters":[],"stepsCount":2,"shouldDisplayMessage":false,"attachmentsCount":0,"hasContent":true,"attachmentStep":false}],"attachments":[{"uid":"2c8570f7d4f13b0f","name":"failed_test_successful_habit_creation[chrome]_2026-02-27_16-08-40","source":"2c8570f7d4f13b0f.png","type":"image/png","size":120819}],"parameters":[],"stepsCount":4,"shouldDisplayMessage":true,"attachmentsCount":1,"hasContent":true,"attachmentStep":false},"afterStages":[{"name":"driver_delete_habit_after::0","time":{"start":1772208520360,"stop":1772208530411,"duration":10051},"status":"broken","statusMessage":"selenium.common.exceptions.TimeoutException: Message: \n\n","statusTrace":"  File \"/opt/hostedtoolcache/Python/3.12.12/x64/lib/python3.12/site-packages/allure_commons/_allure.py\", line 231, in __call__\n    return self._fixture_function(*args, **kwargs)\n           ^^^^^^^^^^^^^^^^^^^^^^^^^^^^^^^^^^^^^^^\n  File \"/opt/hostedtoolcache/Python/3.12.12/x64/lib/python3.12/site-packages/_pytest/fixtures.py\", line 893, in _teardown_yield_fixture\n    next(it)\n  File \"/home/runner/work/greencity5307/greencity5307/tests/ui/habit_form_tests/conftest.py\", line 31, in driver_delete_habit_after\n    habit_cards = all_habits_page.get_all_habit_cards()\n                  ^^^^^^^^^^^^^^^^^^^^^^^^^^^^^^^^^^^^^\n  File \"/opt/hostedtoolcache/Python/3.12.12/x64/lib/python3.12/site-packages/allure_commons/_allure.py\", line 202, in impl\n    return func(*a, **kw)\n           ^^^^^^^^^^^^^^\n  File \"/home/runner/work/greencity5307/greencity5307/pages/habit_pages/all_habits_page.py\", line 71, in get_all_habit_cards\n    self.get_wait().until(\n  File \"/opt/hostedtoolcache/Python/3.12.12/x64/lib/python3.12/site-packages/selenium/webdriver/support/wait.py\", line 121, in until\n    raise TimeoutException(message, screen, stacktrace)\n","steps":[{"name":"Deleting the created habit","time":{"start":1772208520360,"stop":1772208530410,"duration":10050},"status":"broken","statusMessage":"selenium.common.exceptions.TimeoutException: Message: \n\n","statusTrace":"  File \"/home/runner/work/greencity5307/greencity5307/tests/ui/habit_form_tests/conftest.py\", line 31, in driver_delete_habit_after\n    habit_cards = all_habits_page.get_all_habit_cards()\n                  ^^^^^^^^^^^^^^^^^^^^^^^^^^^^^^^^^^^^^\n  File \"/opt/hostedtoolcache/Python/3.12.12/x64/lib/python3.12/site-packages/allure_commons/_allure.py\", line 202, in impl\n    return func(*a, **kw)\n           ^^^^^^^^^^^^^^\n  File \"/home/runner/work/greencity5307/greencity5307/pages/habit_pages/all_habits_page.py\", line 71, in get_all_habit_cards\n    self.get_wait().until(\n  File \"/opt/hostedtoolcache/Python/3.12.12/x64/lib/python3.12/site-packages/selenium/webdriver/support/wait.py\", line 121, in until\n    raise TimeoutException(message, screen, stacktrace)\n","steps":[{"name":"Get all habit cards on All Habits page","time":{"start":1772208520360,"stop":1772208530410,"duration":10050},"status":"broken","statusMessage":"selenium.common.exceptions.TimeoutException: Message: \n\n","statusTrace":"  File \"/opt/hostedtoolcache/Python/3.12.12/x64/lib/python3.12/site-packages/allure_commons/_allure.py\", line 202, in impl\n    return func(*a, **kw)\n           ^^^^^^^^^^^^^^\n  File \"/home/runner/work/greencity5307/greencity5307/pages/habit_pages/all_habits_page.py\", line 71, in get_all_habit_cards\n    self.get_wait().until(\n  File \"/opt/hostedtoolcache/Python/3.12.12/x64/lib/python3.12/site-packages/selenium/webdriver/support/wait.py\", line 121, in until\n    raise TimeoutException(message, screen, stacktrace)\n","steps":[],"attachments":[],"parameters":[],"stepsCount":0,"shouldDisplayMessage":true,"attachmentsCount":0,"hasContent":true,"attachmentStep":false}],"attachments":[],"parameters":[],"stepsCount":1,"shouldDisplayMessage":false,"attachmentsCount":0,"hasContent":true,"attachmentStep":false}],"attachments":[],"parameters":[],"stepsCount":2,"shouldDisplayMessage":false,"attachmentsCount":0,"hasContent":true,"attachmentStep":false},{"name":"driver_with_login::0","time":{"start":1772208530411,"stop":1772208530411,"duration":0},"status":"passed","steps":[],"attachments":[],"parameters":[],"stepsCount":0,"shouldDisplayMessage":false,"attachmentsCount":0,"hasContent":false,"attachmentStep":false},{"name":"driver::0","time":{"start":1772208530412,"stop":1772208530516,"duration":104},"status":"passed","steps":[],"attachments":[],"parameters":[],"stepsCount":0,"shouldDisplayMessage":false,"attachmentsCount":0,"hasContent":false,"attachmentStep":false},{"name":"capture_logs_to_allure::0","time":{"start":1772208530516,"stop":1772208530516,"duration":0},"status":"passed","steps":[],"attachments":[],"parameters":[],"stepsCount":0,"shouldDisplayMessage":false,"attachmentsCount":0,"hasContent":false,"attachmentStep":false}],"labels":[{"name":"parentSuite","value":"tests.ui.habit_form_tests"},{"name":"suite","value":"test_successful_habit_creation"},{"name":"host","value":"runnervmnay03"},{"name":"thread","value":"2610-MainThread"},{"name":"framework","value":"pytest"},{"name":"language","value":"cpython3"},{"name":"package","value":"tests.ui.habit_form_tests.test_successful_habit_creation"},{"name":"resultFormat","value":"allure2"}],"parameters":[{"name":"browser","value":"'chrome'"},{"name":"driver","value":"'chrome'"}],"links":[],"hidden":false,"retry":false,"extra":{"severity":"normal","retries":[],"categories":[{"name":"Test defects","matchedStatuses":[],"flaky":false}],"history":{"statistic":{"failed":0,"broken":2,"skipped":0,"passed":12,"unknown":0,"total":14},"items":[{"uid":"95a4897d703a37b","reportUrl":"https://UA-5307-TAQC.github.io/greencity5307/main/282/#testresult/95a4897d703a37b","status":"passed","time":{"start":1772199366814,"stop":1772199368008,"duration":1194}},{"uid":"eeb1a3f6508a0cac","reportUrl":"https://UA-5307-TAQC.github.io/greencity5307/main/280/#testresult/eeb1a3f6508a0cac","status":"passed","time":{"start":1772197834142,"stop":1772197835225,"duration":1083}},{"uid":"8ff23d30c2c3ee17","reportUrl":"https://UA-5307-TAQC.github.io/greencity5307/main/274/#testresult/8ff23d30c2c3ee17","status":"passed","time":{"start":1772141744731,"stop":1772141745947,"duration":1216}},{"uid":"17bf78cd52c2fa90","reportUrl":"https://UA-5307-TAQC.github.io/greencity5307/main/272/#testresult/17bf78cd52c2fa90","status":"passed","time":{"start":1772138536196,"stop":1772138537365,"duration":1169}},{"uid":"13004ec7744263c8","reportUrl":"https://UA-5307-TAQC.github.io/greencity5307/main/266/#testresult/13004ec7744263c8","status":"broken","statusDetails":"TypeError: BaseComponent.__init__() got multiple values for argument 'root'","time":{"start":1772107654634,"stop":1772107654634,"duration":0}},{"uid":"8c8c52945a929501","reportUrl":"https://UA-5307-TAQC.github.io/greencity5307/main/234/#testresult/8c8c52945a929501","status":"passed","time":{"start":1771935266107,"stop":1771935267763,"duration":1656}},{"uid":"5de7c1f14af3fe72","reportUrl":"https://UA-5307-TAQC.github.io/greencity5307/main/232/#testresult/5de7c1f14af3fe72","status":"passed","time":{"start":1771934709431,"stop":1771934711019,"duration":1588}},{"uid":"6341fbe5827d062d","reportUrl":"https://UA-5307-TAQC.github.io/greencity5307/main/228/#testresult/6341fbe5827d062d","status":"passed","time":{"start":1771934141034,"stop":1771934142621,"duration":1587}},{"uid":"c96f7da883455ae8","reportUrl":"https://UA-5307-TAQC.github.io/greencity5307/main/224/#testresult/c96f7da883455ae8","status":"passed","time":{"start":1771932529402,"stop":1771932530840,"duration":1438}},{"uid":"5e1d413ec70bd071","reportUrl":"https://UA-5307-TAQC.github.io/greencity5307/main/221/#testresult/5e1d413ec70bd071","status":"passed","time":{"start":1771931584124,"stop":1771931585845,"duration":1721}},{"uid":"66790983b51cf787","reportUrl":"https://UA-5307-TAQC.github.io/greencity5307/main/196/#testresult/66790983b51cf787","status":"passed","time":{"start":1771582481517,"stop":1771582483298,"duration":1781}},{"uid":"59b6d46c80d18e0e","reportUrl":"https://UA-5307-TAQC.github.io/greencity5307/main/188/#testresult/59b6d46c80d18e0e","status":"passed","time":{"start":1771516366782,"stop":1771516368601,"duration":1819}},{"uid":"e9e95572b2985bd8","reportUrl":"https://UA-5307-TAQC.github.io/greencity5307/main/185/#testresult/e9e95572b2985bd8","status":"passed","time":{"start":1771515341876,"stop":1771515343740,"duration":1864}}]},"tags":[]},"source":"9b89238a7899eced.json","parameterValues":["'chrome'","'chrome'"]}