{"uid":"59f8d13ce1815606","name":"Add custom item into to_do_list","fullName":"tests.ui.my_habit_tests.test_one_event_page_add_custom_item_in_to_do_list#test_one_event_page_add_custom_item_in_to_do_list","historyId":"09cf78d175064b483d59b1bdfc1e00c2","time":{"start":1772199377029,"stop":1772199389789,"duration":12760},"description":"We check possibility add field into to do list of some special habit","descriptionHtml":"<p>We check possibility add field into to do list of some special habit</p>\n","status":"broken","statusMessage":"selenium.common.exceptions.NoSuchElementException: Message: Lazy resolution failed: Element via 'css selector'='.add-field' not found.; For documentation on this error, please visit: https://www.selenium.dev/documentation/webdriver/troubleshooting/errors#nosuchelementexception","statusTrace":"self = <pages.habit_pages.one_habit_page.OneHabitPage object at 0x7f5d78e239b0>\nby = 'css selector', value = '.add-field'\nelement_type = <class 'selenium.webdriver.remote.webelement.WebElement'>\n\n    def _resolve_element(self, by: str, value: str, element_type: type[T]) -> T:\n        \"\"\"\n        Explicitly locates and instantiates a WebElement or a Component.\n        \"\"\"\n        try:\n            # Search is triggered ONLY at the moment of physical attribute access\n>           web_element = self.root.find_element(by, value)\n\nutils/page_factory.py:61: \n_ _ _ _ _ _ _ _ _ _ _ _ _ _ _ _ _ _ _ _ _ _ _ _ _ _ _ _ _ _ _ _ _ _ _ _ _ _ _ _ \n/opt/hostedtoolcache/Python/3.12.12/x64/lib/python3.12/site-packages/selenium/webdriver/remote/webdriver.py:802: in find_element\n    return self.execute(Command.FIND_ELEMENT, {\"using\": by, \"value\": value})[\"value\"]\n/opt/hostedtoolcache/Python/3.12.12/x64/lib/python3.12/site-packages/selenium/webdriver/remote/webdriver.py:432: in execute\n    self.error_handler.check_response(response)\n_ _ _ _ _ _ _ _ _ _ _ _ _ _ _ _ _ _ _ _ _ _ _ _ _ _ _ _ _ _ _ _ _ _ _ _ _ _ _ _ \n\nself = <selenium.webdriver.remote.errorhandler.ErrorHandler object at 0x7f5d78d9c3e0>\nresponse = {'status': 404, 'value': '{\"value\":{\"error\":\"no such element\",\"message\":\"no such element: Unable to locate element: {\\...\\\\n#15 0x55d8fde581a3 \\\\u003Cunknown>\\\\n#16 0x7f0a8509caa4 \\\\u003Cunknown>\\\\n#17 0x7f0a85129c6c \\\\u003Cunknown>\\\\n\"}}'}\n\n    def check_response(self, response: dict[str, Any]) -> None:\n        \"\"\"Check that a JSON response from the WebDriver does not have an error.\n    \n        Args:\n            response: The JSON response from the WebDriver server as a dictionary\n                object.\n    \n        Raises:\n            WebDriverException: If the response contains an error message.\n        \"\"\"\n        status = response.get(\"status\", None)\n        if not status or status == ErrorCode.SUCCESS:\n            return\n        value = None\n        message = response.get(\"message\", \"\")\n        screen: str = response.get(\"screen\", \"\")\n        stacktrace = None\n        if isinstance(status, int):\n            value_json = response.get(\"value\", None)\n            if value_json and isinstance(value_json, str):\n                try:\n                    value = json.loads(value_json)\n                    if isinstance(value, dict):\n                        if len(value) == 1:\n                            value = value[\"value\"]\n                        status = value.get(\"error\", None)\n                        if not status:\n                            status = value.get(\"status\", ErrorCode.UNKNOWN_ERROR)\n                            message = value.get(\"value\") or value.get(\"message\")\n                            if not isinstance(message, str):\n                                value = message\n                                message = message.get(\"message\") if isinstance(message, dict) else None\n                        else:\n                            message = value.get(\"message\", None)\n                except ValueError:\n                    pass\n    \n        exception_class: type[WebDriverException]\n        e = ErrorCode()\n        error_codes = [item for item in dir(e) if not item.startswith(\"__\")]\n        for error_code in error_codes:\n            error_info = getattr(ErrorCode, error_code)\n            if isinstance(error_info, list) and status in error_info:\n                exception_class = getattr(ExceptionMapping, error_code, WebDriverException)\n                break\n        else:\n            exception_class = WebDriverException\n    \n        if not value:\n            value = response[\"value\"]\n        if isinstance(value, str):\n            raise exception_class(value)\n        if message == \"\" and \"message\" in value:\n            message = value[\"message\"]\n    \n        screen = None  # type: ignore[assignment]\n        if \"screen\" in value:\n            screen = value[\"screen\"]\n    \n        stacktrace = None\n        st_value = value.get(\"stackTrace\") or value.get(\"stacktrace\")\n        if st_value:\n            if isinstance(st_value, str):\n                stacktrace = st_value.split(\"\\n\")\n            else:\n                stacktrace = []\n                try:\n                    for frame in st_value:\n                        line = frame.get(\"lineNumber\", \"\")\n                        file = frame.get(\"fileName\", \"<anonymous>\")\n                        if line:\n                            file = f\"{file}:{line}\"\n                        meth = frame.get(\"methodName\", \"<anonymous>\")\n                        if \"className\" in frame:\n                            meth = f\"{frame['className']}.{meth}\"\n                        msg = \"    at %s (%s)\"\n                        msg = msg % (meth, file)\n                        stacktrace.append(msg)\n                except TypeError:\n                    pass\n        if exception_class == UnexpectedAlertPresentException:\n            alert_text = None\n            if \"data\" in value:\n                alert_text = value[\"data\"].get(\"text\")\n            elif \"alert\" in value:\n                alert_text = value[\"alert\"].get(\"text\")\n            raise exception_class(message, screen, stacktrace, alert_text)  # type: ignore[call-arg]  # mypy is not smart enough here\n>       raise exception_class(message, screen, stacktrace)\nE       selenium.common.exceptions.NoSuchElementException: Message: no such element: Unable to locate element: {\"method\":\"css selector\",\"selector\":\".add-field\"}\nE         (Session info: chrome=145.0.7632.116); For documentation on this error, please visit: https://www.selenium.dev/documentation/webdriver/troubleshooting/errors#nosuchelementexception\nE       Stacktrace:\nE       #0 0x55d8fde59b6a <unknown>\nE       #1 0x55d8fd86ca32 <unknown>\nE       #2 0x55d8fd8c1d66 <unknown>\nE       #3 0x55d8fd8c1fa1 <unknown>\nE       #4 0x55d8fd90d144 <unknown>\nE       #5 0x55d8fd90a369 <unknown>\nE       #6 0x55d8fd8b3c0f <unknown>\nE       #7 0x55d8fd8b49d1 <unknown>\nE       #8 0x55d8fde1e6b9 <unknown>\nE       #9 0x55d8fde215c1 <unknown>\nE       #10 0x55d8fde0ae29 <unknown>\nE       #11 0x55d8fde2217e <unknown>\nE       #12 0x55d8fddf14b0 <unknown>\nE       #13 0x55d8fde46578 <unknown>\nE       #14 0x55d8fde4674b <unknown>\nE       #15 0x55d8fde581a3 <unknown>\nE       #16 0x7f0a8509caa4 <unknown>\nE       #17 0x7f0a85129c6c <unknown>\n\n/opt/hostedtoolcache/Python/3.12.12/x64/lib/python3.12/site-packages/selenium/webdriver/remote/errorhandler.py:232: NoSuchElementException\n\nThe above exception was the direct cause of the following exception:\n\ndriver = <selenium.webdriver.chrome.webdriver.WebDriver (session=\"078661e4ff3e27efad69158d674b7eb9\")>\n\n    @allure.title(\"Add custom item into to_do_list\")\n    @allure.description(\"We check possibility add field into to do list of some special habit\")\n    @allure.severity(allure.severity_level.NORMAL)\n    def test_one_event_page_add_custom_item_in_to_do_list(driver: WebDriver):\n        \"\"\"test add custom item into do_list.\"\"\"\n        base_page = BasePage(driver)\n    \n        sign_in_component = base_page.header.click_sign_in_link()\n    \n        sign_in_component.sign_in(Config.USER_EMAIL, Config.USER_PASSWORD)\n    \n        page = MyHabitPage(driver)\n    \n        habit_card = page.get_habit_card()\n        habit_card.click_edit_habit()\n    \n        one_habit_page = OneHabitPage(driver)\n    \n        one_habit_page.press_to_do_list_edit_button()\n        time.sleep(0.5)\n        new_item_text = \"Eco Bag\"\n>       one_habit_page.add_element_into_list(new_item_text)\n\ntests/ui/my_habit_tests/test_one_event_page_add_custom_item_in_to_do_list.py:34: \n_ _ _ _ _ _ _ _ _ _ _ _ _ _ _ _ _ _ _ _ _ _ _ _ _ _ _ _ _ _ _ _ _ _ _ _ _ _ _ _ \npages/habit_pages/one_habit_page.py:92: in add_element_into_list\n    self.custom_item_input.send_keys(message)\nutils/page_factory.py:92: in __getattr__\n    return self._lazy_resolvers[name]()\nutils/page_factory.py:53: in <lambda>\n    lambda b=by, v=value, t=el_type: self._resolve_element(b, v, t)\n_ _ _ _ _ _ _ _ _ _ _ _ _ _ _ _ _ _ _ _ _ _ _ _ _ _ _ _ _ _ _ _ _ _ _ _ _ _ _ _ \n\nself = <pages.habit_pages.one_habit_page.OneHabitPage object at 0x7f5d78e239b0>\nby = 'css selector', value = '.add-field'\nelement_type = <class 'selenium.webdriver.remote.webelement.WebElement'>\n\n    def _resolve_element(self, by: str, value: str, element_type: type[T]) -> T:\n        \"\"\"\n        Explicitly locates and instantiates a WebElement or a Component.\n        \"\"\"\n        try:\n            # Search is triggered ONLY at the moment of physical attribute access\n            web_element = self.root.find_element(by, value)\n        except NoSuchElementException as e:\n>           raise NoSuchElementException(\n                f\"Lazy resolution failed: Element via '{by}'='{value}' not found.\"\n            ) from e\nE           selenium.common.exceptions.NoSuchElementException: Message: Lazy resolution failed: Element via 'css selector'='.add-field' not found.; For documentation on this error, please visit: https://www.selenium.dev/documentation/webdriver/troubleshooting/errors#nosuchelementexception\n\nutils/page_factory.py:63: NoSuchElementException","flaky":false,"newFailed":false,"newBroken":true,"newPassed":false,"retriesCount":0,"retriesStatusChange":false,"beforeStages":[{"name":"capture_logs_to_allure","time":{"start":1772199374111,"stop":1772199374111,"duration":0},"status":"passed","steps":[],"attachments":[],"parameters":[],"stepsCount":0,"shouldDisplayMessage":false,"attachmentsCount":0,"hasContent":false,"attachmentStep":false},{"name":"driver","time":{"start":1772199374111,"stop":1772199377028,"duration":2917},"status":"passed","steps":[],"attachments":[],"parameters":[],"stepsCount":0,"shouldDisplayMessage":false,"attachmentsCount":0,"hasContent":false,"attachmentStep":false}],"testStage":{"description":"We check possibility add field into to do list of some special habit","status":"broken","statusMessage":"selenium.common.exceptions.NoSuchElementException: Message: Lazy resolution failed: Element via 'css selector'='.add-field' not found.; For documentation on this error, please visit: https://www.selenium.dev/documentation/webdriver/troubleshooting/errors#nosuchelementexception","statusTrace":"self = <pages.habit_pages.one_habit_page.OneHabitPage object at 0x7f5d78e239b0>\nby = 'css selector', value = '.add-field'\nelement_type = <class 'selenium.webdriver.remote.webelement.WebElement'>\n\n    def _resolve_element(self, by: str, value: str, element_type: type[T]) -> T:\n        \"\"\"\n        Explicitly locates and instantiates a WebElement or a Component.\n        \"\"\"\n        try:\n            # Search is triggered ONLY at the moment of physical attribute access\n>           web_element = self.root.find_element(by, value)\n\nutils/page_factory.py:61: \n_ _ _ _ _ _ _ _ _ _ _ _ _ _ _ _ _ _ _ _ _ _ _ _ _ _ _ _ _ _ _ _ _ _ _ _ _ _ _ _ \n/opt/hostedtoolcache/Python/3.12.12/x64/lib/python3.12/site-packages/selenium/webdriver/remote/webdriver.py:802: in find_element\n    return self.execute(Command.FIND_ELEMENT, {\"using\": by, \"value\": value})[\"value\"]\n/opt/hostedtoolcache/Python/3.12.12/x64/lib/python3.12/site-packages/selenium/webdriver/remote/webdriver.py:432: in execute\n    self.error_handler.check_response(response)\n_ _ _ _ _ _ _ _ _ _ _ _ _ _ _ _ _ _ _ _ _ _ _ _ _ _ _ _ _ _ _ _ _ _ _ _ _ _ _ _ \n\nself = <selenium.webdriver.remote.errorhandler.ErrorHandler object at 0x7f5d78d9c3e0>\nresponse = {'status': 404, 'value': '{\"value\":{\"error\":\"no such element\",\"message\":\"no such element: Unable to locate element: {\\...\\\\n#15 0x55d8fde581a3 \\\\u003Cunknown>\\\\n#16 0x7f0a8509caa4 \\\\u003Cunknown>\\\\n#17 0x7f0a85129c6c \\\\u003Cunknown>\\\\n\"}}'}\n\n    def check_response(self, response: dict[str, Any]) -> None:\n        \"\"\"Check that a JSON response from the WebDriver does not have an error.\n    \n        Args:\n            response: The JSON response from the WebDriver server as a dictionary\n                object.\n    \n        Raises:\n            WebDriverException: If the response contains an error message.\n        \"\"\"\n        status = response.get(\"status\", None)\n        if not status or status == ErrorCode.SUCCESS:\n            return\n        value = None\n        message = response.get(\"message\", \"\")\n        screen: str = response.get(\"screen\", \"\")\n        stacktrace = None\n        if isinstance(status, int):\n            value_json = response.get(\"value\", None)\n            if value_json and isinstance(value_json, str):\n                try:\n                    value = json.loads(value_json)\n                    if isinstance(value, dict):\n                        if len(value) == 1:\n                            value = value[\"value\"]\n                        status = value.get(\"error\", None)\n                        if not status:\n                            status = value.get(\"status\", ErrorCode.UNKNOWN_ERROR)\n                            message = value.get(\"value\") or value.get(\"message\")\n                            if not isinstance(message, str):\n                                value = message\n                                message = message.get(\"message\") if isinstance(message, dict) else None\n                        else:\n                            message = value.get(\"message\", None)\n                except ValueError:\n                    pass\n    \n        exception_class: type[WebDriverException]\n        e = ErrorCode()\n        error_codes = [item for item in dir(e) if not item.startswith(\"__\")]\n        for error_code in error_codes:\n            error_info = getattr(ErrorCode, error_code)\n            if isinstance(error_info, list) and status in error_info:\n                exception_class = getattr(ExceptionMapping, error_code, WebDriverException)\n                break\n        else:\n            exception_class = WebDriverException\n    \n        if not value:\n            value = response[\"value\"]\n        if isinstance(value, str):\n            raise exception_class(value)\n        if message == \"\" and \"message\" in value:\n            message = value[\"message\"]\n    \n        screen = None  # type: ignore[assignment]\n        if \"screen\" in value:\n            screen = value[\"screen\"]\n    \n        stacktrace = None\n        st_value = value.get(\"stackTrace\") or value.get(\"stacktrace\")\n        if st_value:\n            if isinstance(st_value, str):\n                stacktrace = st_value.split(\"\\n\")\n            else:\n                stacktrace = []\n                try:\n                    for frame in st_value:\n                        line = frame.get(\"lineNumber\", \"\")\n                        file = frame.get(\"fileName\", \"<anonymous>\")\n                        if line:\n                            file = f\"{file}:{line}\"\n                        meth = frame.get(\"methodName\", \"<anonymous>\")\n                        if \"className\" in frame:\n                            meth = f\"{frame['className']}.{meth}\"\n                        msg = \"    at %s (%s)\"\n                        msg = msg % (meth, file)\n                        stacktrace.append(msg)\n                except TypeError:\n                    pass\n        if exception_class == UnexpectedAlertPresentException:\n            alert_text = None\n            if \"data\" in value:\n                alert_text = value[\"data\"].get(\"text\")\n            elif \"alert\" in value:\n                alert_text = value[\"alert\"].get(\"text\")\n            raise exception_class(message, screen, stacktrace, alert_text)  # type: ignore[call-arg]  # mypy is not smart enough here\n>       raise exception_class(message, screen, stacktrace)\nE       selenium.common.exceptions.NoSuchElementException: Message: no such element: Unable to locate element: {\"method\":\"css selector\",\"selector\":\".add-field\"}\nE         (Session info: chrome=145.0.7632.116); For documentation on this error, please visit: https://www.selenium.dev/documentation/webdriver/troubleshooting/errors#nosuchelementexception\nE       Stacktrace:\nE       #0 0x55d8fde59b6a <unknown>\nE       #1 0x55d8fd86ca32 <unknown>\nE       #2 0x55d8fd8c1d66 <unknown>\nE       #3 0x55d8fd8c1fa1 <unknown>\nE       #4 0x55d8fd90d144 <unknown>\nE       #5 0x55d8fd90a369 <unknown>\nE       #6 0x55d8fd8b3c0f <unknown>\nE       #7 0x55d8fd8b49d1 <unknown>\nE       #8 0x55d8fde1e6b9 <unknown>\nE       #9 0x55d8fde215c1 <unknown>\nE       #10 0x55d8fde0ae29 <unknown>\nE       #11 0x55d8fde2217e <unknown>\nE       #12 0x55d8fddf14b0 <unknown>\nE       #13 0x55d8fde46578 <unknown>\nE       #14 0x55d8fde4674b <unknown>\nE       #15 0x55d8fde581a3 <unknown>\nE       #16 0x7f0a8509caa4 <unknown>\nE       #17 0x7f0a85129c6c <unknown>\n\n/opt/hostedtoolcache/Python/3.12.12/x64/lib/python3.12/site-packages/selenium/webdriver/remote/errorhandler.py:232: NoSuchElementException\n\nThe above exception was the direct cause of the following exception:\n\ndriver = <selenium.webdriver.chrome.webdriver.WebDriver (session=\"078661e4ff3e27efad69158d674b7eb9\")>\n\n    @allure.title(\"Add custom item into to_do_list\")\n    @allure.description(\"We check possibility add field into to do list of some special habit\")\n    @allure.severity(allure.severity_level.NORMAL)\n    def test_one_event_page_add_custom_item_in_to_do_list(driver: WebDriver):\n        \"\"\"test add custom item into do_list.\"\"\"\n        base_page = BasePage(driver)\n    \n        sign_in_component = base_page.header.click_sign_in_link()\n    \n        sign_in_component.sign_in(Config.USER_EMAIL, Config.USER_PASSWORD)\n    \n        page = MyHabitPage(driver)\n    \n        habit_card = page.get_habit_card()\n        habit_card.click_edit_habit()\n    \n        one_habit_page = OneHabitPage(driver)\n    \n        one_habit_page.press_to_do_list_edit_button()\n        time.sleep(0.5)\n        new_item_text = \"Eco Bag\"\n>       one_habit_page.add_element_into_list(new_item_text)\n\ntests/ui/my_habit_tests/test_one_event_page_add_custom_item_in_to_do_list.py:34: \n_ _ _ _ _ _ _ _ _ _ _ _ _ _ _ _ _ _ _ _ _ _ _ _ _ _ _ _ _ _ _ _ _ _ _ _ _ _ _ _ \npages/habit_pages/one_habit_page.py:92: in add_element_into_list\n    self.custom_item_input.send_keys(message)\nutils/page_factory.py:92: in __getattr__\n    return self._lazy_resolvers[name]()\nutils/page_factory.py:53: in <lambda>\n    lambda b=by, v=value, t=el_type: self._resolve_element(b, v, t)\n_ _ _ _ _ _ _ _ _ _ _ _ _ _ _ _ _ _ _ _ _ _ _ _ _ _ _ _ _ _ _ _ _ _ _ _ _ _ _ _ \n\nself = <pages.habit_pages.one_habit_page.OneHabitPage object at 0x7f5d78e239b0>\nby = 'css selector', value = '.add-field'\nelement_type = <class 'selenium.webdriver.remote.webelement.WebElement'>\n\n    def _resolve_element(self, by: str, value: str, element_type: type[T]) -> T:\n        \"\"\"\n        Explicitly locates and instantiates a WebElement or a Component.\n        \"\"\"\n        try:\n            # Search is triggered ONLY at the moment of physical attribute access\n            web_element = self.root.find_element(by, value)\n        except NoSuchElementException as e:\n>           raise NoSuchElementException(\n                f\"Lazy resolution failed: Element via '{by}'='{value}' not found.\"\n            ) from e\nE           selenium.common.exceptions.NoSuchElementException: Message: Lazy resolution failed: Element via 'css selector'='.add-field' not found.; For documentation on this error, please visit: https://www.selenium.dev/documentation/webdriver/troubleshooting/errors#nosuchelementexception\n\nutils/page_factory.py:63: NoSuchElementException","steps":[{"name":"Clicking signin button in the header","time":{"start":1772199377051,"stop":1772199378199,"duration":1148},"status":"passed","steps":[],"attachments":[],"parameters":[],"stepsCount":0,"shouldDisplayMessage":false,"attachmentsCount":0,"hasContent":false,"attachmentStep":false},{"name":"Sign in","time":{"start":1772199378199,"stop":1772199378953,"duration":754},"status":"passed","steps":[],"attachments":[],"parameters":[{"name":"email","value":"'greencitytest69@hotmail.com'"},{"name":"password","value":"'asweQA5346!)'"}],"stepsCount":0,"shouldDisplayMessage":false,"attachmentsCount":0,"hasContent":true,"attachmentStep":false},{"name":"Get habit card component","time":{"start":1772199378953,"stop":1772199378996,"duration":43},"status":"passed","steps":[],"attachments":[],"parameters":[],"stepsCount":0,"shouldDisplayMessage":false,"attachmentsCount":0,"hasContent":false,"attachmentStep":false},{"name":"Clicking the edit icon on the habit card","time":{"start":1772199378996,"stop":1772199379121,"duration":125},"status":"passed","steps":[],"attachments":[],"parameters":[],"stepsCount":0,"shouldDisplayMessage":false,"attachmentsCount":0,"hasContent":false,"attachmentStep":false},{"name":"Click To-Do List edit button","time":{"start":1772199379122,"stop":1772199379245,"duration":123},"status":"passed","steps":[],"attachments":[],"parameters":[],"stepsCount":0,"shouldDisplayMessage":false,"attachmentsCount":0,"hasContent":false,"attachmentStep":false},{"name":"Enter and add item ''Eco Bag'' to the list","time":{"start":1772199379745,"stop":1772199389788,"duration":10043},"status":"broken","statusMessage":"selenium.common.exceptions.NoSuchElementException: Message: Lazy resolution failed: Element via 'css selector'='.add-field' not found.; For documentation on this error, please visit: https://www.selenium.dev/documentation/webdriver/troubleshooting/errors#nosuchelementexception\n\n","statusTrace":"  File \"/opt/hostedtoolcache/Python/3.12.12/x64/lib/python3.12/site-packages/allure_commons/_allure.py\", line 202, in impl\n    return func(*a, **kw)\n           ^^^^^^^^^^^^^^\n  File \"/home/runner/work/greencity5307/greencity5307/pages/habit_pages/one_habit_page.py\", line 92, in add_element_into_list\n    self.custom_item_input.send_keys(message)\n    ^^^^^^^^^^^^^^^^^^^^^^\n  File \"/home/runner/work/greencity5307/greencity5307/utils/page_factory.py\", line 92, in __getattr__\n    return self._lazy_resolvers[name]()\n           ^^^^^^^^^^^^^^^^^^^^^^^^^^^^\n  File \"/home/runner/work/greencity5307/greencity5307/utils/page_factory.py\", line 53, in <lambda>\n    lambda b=by, v=value, t=el_type: self._resolve_element(b, v, t)\n                                     ^^^^^^^^^^^^^^^^^^^^^^^^^^^^^^\n  File \"/home/runner/work/greencity5307/greencity5307/utils/page_factory.py\", line 63, in _resolve_element\n    raise NoSuchElementException(\n","steps":[],"attachments":[],"parameters":[{"name":"message","value":"'Eco Bag'"}],"stepsCount":0,"shouldDisplayMessage":true,"attachmentsCount":0,"hasContent":true,"attachmentStep":false}],"attachments":[{"uid":"84d4536b6c1484fd","name":"failed_test_one_event_page_add_custom_item_in_to_do_list[chrome]_2026-02-27_13-36-29","source":"84d4536b6c1484fd.png","type":"image/png","size":152114}],"parameters":[],"stepsCount":6,"shouldDisplayMessage":true,"attachmentsCount":1,"hasContent":true,"attachmentStep":false},"afterStages":[{"name":"driver::0","time":{"start":1772199389894,"stop":1772199389998,"duration":104},"status":"passed","steps":[],"attachments":[],"parameters":[],"stepsCount":0,"shouldDisplayMessage":false,"attachmentsCount":0,"hasContent":false,"attachmentStep":false},{"name":"capture_logs_to_allure::0","time":{"start":1772199389998,"stop":1772199389998,"duration":0},"status":"passed","steps":[],"attachments":[],"parameters":[],"stepsCount":0,"shouldDisplayMessage":false,"attachmentsCount":0,"hasContent":false,"attachmentStep":false}],"labels":[{"name":"severity","value":"normal"},{"name":"parentSuite","value":"tests.ui.my_habit_tests"},{"name":"suite","value":"test_one_event_page_add_custom_item_in_to_do_list"},{"name":"host","value":"runnervmnay03"},{"name":"thread","value":"2667-MainThread"},{"name":"framework","value":"pytest"},{"name":"language","value":"cpython3"},{"name":"package","value":"tests.ui.my_habit_tests.test_one_event_page_add_custom_item_in_to_do_list"},{"name":"resultFormat","value":"allure2"}],"parameters":[{"name":"browser","value":"'chrome'"},{"name":"driver","value":"'chrome'"}],"links":[],"hidden":false,"retry":false,"extra":{"severity":"normal","retries":[],"categories":[{"name":"Test defects","matchedStatuses":[],"flaky":false}],"history":{"statistic":{"failed":0,"broken":4,"skipped":0,"passed":1,"unknown":0,"total":5},"items":[{"uid":"d254c1fcd4644e71","reportUrl":"https://UA-5307-TAQC.github.io/greencity5307/main/280/#testresult/d254c1fcd4644e71","status":"passed","time":{"start":1772197843346,"stop":1772197855965,"duration":12619}},{"uid":"19504d06cbb01e8","reportUrl":"https://UA-5307-TAQC.github.io/greencity5307/main/274/#testresult/19504d06cbb01e8","status":"broken","statusDetails":"selenium.common.exceptions.NoSuchElementException: Message: Lazy resolution failed: Element via 'xpath'='(//app-one-habit)[1]' not found.; For documentation on this error, please visit: https://www.selenium.dev/documentation/webdriver/troubleshooting/errors#nosuchelementexception","time":{"start":1772141754426,"stop":1772141765962,"duration":11536}},{"uid":"7d36d1902caaed8d","reportUrl":"https://UA-5307-TAQC.github.io/greencity5307/main/272/#testresult/7d36d1902caaed8d","status":"broken","statusDetails":"TypeError: SignInComponent.sign_in() takes 3 positional arguments but 4 were given","time":{"start":1772138543559,"stop":1772138546898,"duration":3339}},{"uid":"403ec7a229a62e0d","reportUrl":"https://UA-5307-TAQC.github.io/greencity5307/main/266/#testresult/403ec7a229a62e0d","status":"broken","statusDetails":"TypeError: BaseComponent.__init__() got multiple values for argument 'root'","time":{"start":1772107663132,"stop":1772107663146,"duration":14}}]},"tags":[]},"source":"59f8d13ce1815606.json","parameterValues":["'chrome'","'chrome'"]}