{"uid":"1eaba6e729571813","name":"Verify user search, friend request sending, persistence, and cancellation","fullName":"tests.ui.find_friend_page_tests.test_findfriend_verify_user_search#test_find_friend_verify_user_search_friend_request","historyId":"c4bb4020defccb1d9e44b51c0cbad87a","time":{"start":1771576900640,"stop":1771576901601,"duration":961},"status":"failed","statusMessage":"AssertionError: The user 'None' is not signed in. Found user: 'TestAutomation'.\nassert 'TestAutomation' == None\n +  where None = Config.USER_NAME","statusTrace":"driver_with_login = <selenium.webdriver.chrome.webdriver.WebDriver (session=\"7e5e0da90ba6dcc528059a75b76d110d\")>\ntarget_user_not_added_to_friends = <function target_user_not_added_to_friends.<locals>._verify_is_added_friend at 0x7f501de94400>\n\n    @allure.title(\"Verify user search, friend request sending, persistence, and cancellation\")\n    def test_find_friend_verify_user_search_friend_request(driver_with_login, target_user_not_added_to_friends):\n        target_user_name = \"Liubomyr Halamaha\"\n    \n        with allure.step(f\"Precondition: A target user '{target_user_name}' exists in the system \"\n                         f\"who is not yet in the user's friend list\"):\n            target_user_not_added_to_friends(target_user_name)\n    \n        with allure.step(\"Step 1: Navigate to the GreenCity URL\"):\n            main_page = MainPage(driver_with_login)\n            user_name = main_page.header.get_signed_in_user_name()\n    \n            # Expected result:\n            # The main page loads successfully. The user is logged in.\n            assert main_page.is_loaded(), \"The main page did not load successfully after signing in.\"\n>           assert user_name == Config.USER_NAME, \\\n                f\"The user '{Config.USER_NAME}' is not signed in. Found user: '{user_name}'.\"\nE           AssertionError: The user 'None' is not signed in. Found user: 'TestAutomation'.\nE           assert 'TestAutomation' == None\nE            +  where None = Config.USER_NAME\n\ntests/ui/find_friend_page_tests/test_findfriend_verify_user_search.py:24: AssertionError","flaky":false,"newFailed":false,"newBroken":false,"newPassed":false,"retriesCount":0,"retriesStatusChange":false,"beforeStages":[{"name":"capture_logs_to_allure","time":{"start":1771576886871,"stop":1771576886871,"duration":0},"status":"passed","steps":[],"attachments":[],"parameters":[],"stepsCount":0,"shouldDisplayMessage":false,"attachmentsCount":0,"hasContent":false,"attachmentStep":false},{"name":"driver","time":{"start":1771576886871,"stop":1771576897451,"duration":10580},"status":"passed","steps":[],"attachments":[],"parameters":[],"stepsCount":0,"shouldDisplayMessage":false,"attachmentsCount":0,"hasContent":false,"attachmentStep":false},{"name":"driver_with_login","time":{"start":1771576897451,"stop":1771576900639,"duration":3188},"status":"passed","steps":[{"name":"Logging in the user with email: greencitytest69@hotmail.com","time":{"start":1771576897451,"stop":1771576900639,"duration":3188},"status":"passed","steps":[{"name":"Clicking signin button in the header","time":{"start":1771576897979,"stop":1771576898955,"duration":976},"status":"passed","steps":[],"attachments":[],"parameters":[],"stepsCount":0,"shouldDisplayMessage":false,"attachmentsCount":0,"hasContent":false,"attachmentStep":false},{"name":"Sign in","time":{"start":1771576898955,"stop":1771576900629,"duration":1674},"status":"passed","steps":[],"attachments":[],"parameters":[{"name":"driver","value":"<selenium.webdriver.chrome.webdriver.WebDriver (session=\"7e5e0da90ba6dcc528059a75b76d110d\")>"},{"name":"email","value":"'greencitytest69@hotmail.com'"},{"name":"password","value":"'asweQA5346!)'"}],"stepsCount":0,"shouldDisplayMessage":false,"attachmentsCount":0,"hasContent":true,"attachmentStep":false}],"attachments":[],"parameters":[],"stepsCount":2,"shouldDisplayMessage":false,"attachmentsCount":0,"hasContent":true,"attachmentStep":false}],"attachments":[],"parameters":[],"stepsCount":3,"shouldDisplayMessage":false,"attachmentsCount":0,"hasContent":true,"attachmentStep":false},{"name":"target_user_not_added_to_friends","time":{"start":1771576900640,"stop":1771576900640,"duration":0},"status":"passed","steps":[],"attachments":[],"parameters":[],"stepsCount":0,"shouldDisplayMessage":false,"attachmentsCount":0,"hasContent":false,"attachmentStep":false}],"testStage":{"status":"failed","statusMessage":"AssertionError: The user 'None' is not signed in. Found user: 'TestAutomation'.\nassert 'TestAutomation' == None\n +  where None = Config.USER_NAME","statusTrace":"driver_with_login = <selenium.webdriver.chrome.webdriver.WebDriver (session=\"7e5e0da90ba6dcc528059a75b76d110d\")>\ntarget_user_not_added_to_friends = <function target_user_not_added_to_friends.<locals>._verify_is_added_friend at 0x7f501de94400>\n\n    @allure.title(\"Verify user search, friend request sending, persistence, and cancellation\")\n    def test_find_friend_verify_user_search_friend_request(driver_with_login, target_user_not_added_to_friends):\n        target_user_name = \"Liubomyr Halamaha\"\n    \n        with allure.step(f\"Precondition: A target user '{target_user_name}' exists in the system \"\n                         f\"who is not yet in the user's friend list\"):\n            target_user_not_added_to_friends(target_user_name)\n    \n        with allure.step(\"Step 1: Navigate to the GreenCity URL\"):\n            main_page = MainPage(driver_with_login)\n            user_name = main_page.header.get_signed_in_user_name()\n    \n            # Expected result:\n            # The main page loads successfully. The user is logged in.\n            assert main_page.is_loaded(), \"The main page did not load successfully after signing in.\"\n>           assert user_name == Config.USER_NAME, \\\n                f\"The user '{Config.USER_NAME}' is not signed in. Found user: '{user_name}'.\"\nE           AssertionError: The user 'None' is not signed in. Found user: 'TestAutomation'.\nE           assert 'TestAutomation' == None\nE            +  where None = Config.USER_NAME\n\ntests/ui/find_friend_page_tests/test_findfriend_verify_user_search.py:24: AssertionError","steps":[{"name":"Precondition: A target user 'Liubomyr Halamaha' exists in the system who is not yet in the user's friend list","time":{"start":1771576900640,"stop":1771576901554,"duration":914},"status":"passed","steps":[{"name":"Click on Add friends button on Profile Banner component","time":{"start":1771576900742,"stop":1771576900833,"duration":91},"status":"passed","steps":[],"attachments":[],"parameters":[],"stepsCount":0,"shouldDisplayMessage":false,"attachmentsCount":0,"hasContent":false,"attachmentStep":false},{"name":"Clicking the logo link in the header","time":{"start":1771576901456,"stop":1771576901554,"duration":98},"status":"passed","steps":[],"attachments":[],"parameters":[],"stepsCount":0,"shouldDisplayMessage":false,"attachmentsCount":0,"hasContent":false,"attachmentStep":false}],"attachments":[],"parameters":[],"stepsCount":2,"shouldDisplayMessage":false,"attachmentsCount":0,"hasContent":true,"attachmentStep":false},{"name":"Step 1: Navigate to the GreenCity URL","time":{"start":1771576901554,"stop":1771576901600,"duration":46},"status":"failed","statusMessage":"AssertionError: The user 'None' is not signed in. Found user: 'TestAutomation'.\nassert 'TestAutomation' == None\n +  where None = Config.USER_NAME\n","statusTrace":"  File \"/home/runner/work/greencity5307/greencity5307/tests/ui/find_friend_page_tests/test_findfriend_verify_user_search.py\", line 24, in test_find_friend_verify_user_search_friend_request\n    assert user_name == Config.USER_NAME, \\\n","steps":[],"attachments":[],"parameters":[],"stepsCount":0,"shouldDisplayMessage":true,"attachmentsCount":0,"hasContent":true,"attachmentStep":false}],"attachments":[{"uid":"fa2f2da005107140","name":"failed_test_find_friend_verify_user_search_friend_request[chrome]_2026-02-20_08-41-41","source":"fa2f2da005107140.png","type":"image/png","size":174867}],"parameters":[],"stepsCount":4,"shouldDisplayMessage":true,"attachmentsCount":1,"hasContent":true,"attachmentStep":false},"afterStages":[{"name":"driver_with_login::0","time":{"start":1771576902630,"stop":1771576902630,"duration":0},"status":"passed","steps":[],"attachments":[],"parameters":[],"stepsCount":0,"shouldDisplayMessage":false,"attachmentsCount":0,"hasContent":false,"attachmentStep":false},{"name":"driver::0","time":{"start":1771576902630,"stop":1771576902732,"duration":102},"status":"passed","steps":[],"attachments":[],"parameters":[],"stepsCount":0,"shouldDisplayMessage":false,"attachmentsCount":0,"hasContent":false,"attachmentStep":false},{"name":"capture_logs_to_allure::0","time":{"start":1771576902732,"stop":1771576902732,"duration":0},"status":"passed","steps":[],"attachments":[],"parameters":[],"stepsCount":0,"shouldDisplayMessage":false,"attachmentsCount":0,"hasContent":false,"attachmentStep":false}],"labels":[{"name":"parentSuite","value":"tests.ui.find_friend_page_tests"},{"name":"suite","value":"test_findfriend_verify_user_search"},{"name":"host","value":"runnervmwffz4"},{"name":"thread","value":"2618-MainThread"},{"name":"framework","value":"pytest"},{"name":"language","value":"cpython3"},{"name":"package","value":"tests.ui.find_friend_page_tests.test_findfriend_verify_user_search"},{"name":"resultFormat","value":"allure2"}],"parameters":[{"name":"browser","value":"'chrome'"},{"name":"driver","value":"'chrome'"}],"links":[],"hidden":false,"retry":false,"extra":{"severity":"normal","retries":[],"categories":[{"name":"Product defects","matchedStatuses":[],"flaky":false}],"history":{"statistic":{"failed":2,"broken":0,"skipped":0,"passed":0,"unknown":0,"total":2},"items":[{"uid":"52cc0c0e50b6861f","reportUrl":"https://UA-5307-TAQC.github.io/greencity5307/pr-105/192/#testresult/52cc0c0e50b6861f","status":"failed","statusDetails":"AssertionError: The user 'None' is not signed in. Found user: 'TestAutomation'.\nassert 'TestAutomation' == None\n +  where None = Config.USER_NAME","time":{"start":1771576650764,"stop":1771576651806,"duration":1042}}]},"tags":[]},"source":"1eaba6e729571813.json","parameterValues":["'chrome'","'chrome'"]}