{"uid":"53c5445e82eebdac","name":"Test Validation: Click buttons in the vision card after sing in.","fullName":"tests.ui.about_us_page_tests.test_about_us_page_singin_vision_cards_buttons_check#test_about_us_page_sing_in_vision_cards_buttons_check","historyId":"fd85e3f1543a03decc15644dd75befe9","time":{"start":1772390403787,"stop":1772390416559,"duration":12772},"description":"This test verifies that a user can successfully open pages after clicking on buttons in vision cards on the page. ","descriptionHtml":"<p>This test verifies that a user can successfully open pages after clicking on buttons in vision cards on the page.</p>\n","status":"broken","statusMessage":"selenium.common.exceptions.NoSuchElementException: Message: Lazy resolution failed: Element via 'css selector'='.search' not found.; For documentation on this error, please visit: https://www.selenium.dev/documentation/webdriver/troubleshooting/errors#nosuchelementexception","statusTrace":"self = <pages.abstract_pages.friends_abstract.friends_abstract_page.FriendsAbstractPage object at 0x7f274fd34860>\nby = 'css selector', value = '.search'\nelement_type = <class 'utils.custom_web_element.CustomWebElement'>\n\n    def _resolve_element(self, by: str, value: str, element_type: type[T]) -> T:\n        \"\"\"\n        Explicitly locates and instantiates a WebElement or a Component.\n        \"\"\"\n        try:\n            if self.root:\n                web_element = self.root.find_element(by, value)\n            else:\n>               web_element = self.driver.find_element(by, value)\n\nutils/page_factory.py:95: \n_ _ _ _ _ _ _ _ _ _ _ _ _ _ _ _ _ _ _ _ _ _ _ _ _ _ _ _ _ _ _ _ _ _ _ _ _ _ _ _ \n/opt/hostedtoolcache/Python/3.12.12/x64/lib/python3.12/site-packages/selenium/webdriver/remote/webdriver.py:802: in find_element\n    return self.execute(Command.FIND_ELEMENT, {\"using\": by, \"value\": value})[\"value\"]\n/opt/hostedtoolcache/Python/3.12.12/x64/lib/python3.12/site-packages/selenium/webdriver/remote/webdriver.py:432: in execute\n    self.error_handler.check_response(response)\n_ _ _ _ _ _ _ _ _ _ _ _ _ _ _ _ _ _ _ _ _ _ _ _ _ _ _ _ _ _ _ _ _ _ _ _ _ _ _ _ \n\nself = <selenium.webdriver.remote.errorhandler.ErrorHandler object at 0x7f274fd30bf0>\nresponse = {'status': 404, 'value': '{\"value\":{\"error\":\"no such element\",\"message\":\"no such element: Unable to locate element: {\\...\\\\n#15 0x5616df94f1a3 \\\\u003Cunknown>\\\\n#16 0x7fef0e89caa4 \\\\u003Cunknown>\\\\n#17 0x7fef0e929c6c \\\\u003Cunknown>\\\\n\"}}'}\n\n    def check_response(self, response: dict[str, Any]) -> None:\n        \"\"\"Check that a JSON response from the WebDriver does not have an error.\n    \n        Args:\n            response: The JSON response from the WebDriver server as a dictionary\n                object.\n    \n        Raises:\n            WebDriverException: If the response contains an error message.\n        \"\"\"\n        status = response.get(\"status\", None)\n        if not status or status == ErrorCode.SUCCESS:\n            return\n        value = None\n        message = response.get(\"message\", \"\")\n        screen: str = response.get(\"screen\", \"\")\n        stacktrace = None\n        if isinstance(status, int):\n            value_json = response.get(\"value\", None)\n            if value_json and isinstance(value_json, str):\n                try:\n                    value = json.loads(value_json)\n                    if isinstance(value, dict):\n                        if len(value) == 1:\n                            value = value[\"value\"]\n                        status = value.get(\"error\", None)\n                        if not status:\n                            status = value.get(\"status\", ErrorCode.UNKNOWN_ERROR)\n                            message = value.get(\"value\") or value.get(\"message\")\n                            if not isinstance(message, str):\n                                value = message\n                                message = message.get(\"message\") if isinstance(message, dict) else None\n                        else:\n                            message = value.get(\"message\", None)\n                except ValueError:\n                    pass\n    \n        exception_class: type[WebDriverException]\n        e = ErrorCode()\n        error_codes = [item for item in dir(e) if not item.startswith(\"__\")]\n        for error_code in error_codes:\n            error_info = getattr(ErrorCode, error_code)\n            if isinstance(error_info, list) and status in error_info:\n                exception_class = getattr(ExceptionMapping, error_code, WebDriverException)\n                break\n        else:\n            exception_class = WebDriverException\n    \n        if not value:\n            value = response[\"value\"]\n        if isinstance(value, str):\n            raise exception_class(value)\n        if message == \"\" and \"message\" in value:\n            message = value[\"message\"]\n    \n        screen = None  # type: ignore[assignment]\n        if \"screen\" in value:\n            screen = value[\"screen\"]\n    \n        stacktrace = None\n        st_value = value.get(\"stackTrace\") or value.get(\"stacktrace\")\n        if st_value:\n            if isinstance(st_value, str):\n                stacktrace = st_value.split(\"\\n\")\n            else:\n                stacktrace = []\n                try:\n                    for frame in st_value:\n                        line = frame.get(\"lineNumber\", \"\")\n                        file = frame.get(\"fileName\", \"<anonymous>\")\n                        if line:\n                            file = f\"{file}:{line}\"\n                        meth = frame.get(\"methodName\", \"<anonymous>\")\n                        if \"className\" in frame:\n                            meth = f\"{frame['className']}.{meth}\"\n                        msg = \"    at %s (%s)\"\n                        msg = msg % (meth, file)\n                        stacktrace.append(msg)\n                except TypeError:\n                    pass\n        if exception_class == UnexpectedAlertPresentException:\n            alert_text = None\n            if \"data\" in value:\n                alert_text = value[\"data\"].get(\"text\")\n            elif \"alert\" in value:\n                alert_text = value[\"alert\"].get(\"text\")\n            raise exception_class(message, screen, stacktrace, alert_text)  # type: ignore[call-arg]  # mypy is not smart enough here\n>       raise exception_class(message, screen, stacktrace)\nE       selenium.common.exceptions.NoSuchElementException: Message: no such element: Unable to locate element: {\"method\":\"css selector\",\"selector\":\".search\"}\nE         (Session info: chrome=145.0.7632.116); For documentation on this error, please visit: https://www.selenium.dev/documentation/webdriver/troubleshooting/errors#nosuchelementexception\nE       Stacktrace:\nE       #0 0x5616df950b6a <unknown>\nE       #1 0x5616df363a32 <unknown>\nE       #2 0x5616df3b8d66 <unknown>\nE       #3 0x5616df3b8fa1 <unknown>\nE       #4 0x5616df404144 <unknown>\nE       #5 0x5616df401369 <unknown>\nE       #6 0x5616df3aac0f <unknown>\nE       #7 0x5616df3ab9d1 <unknown>\nE       #8 0x5616df9156b9 <unknown>\nE       #9 0x5616df9185c1 <unknown>\nE       #10 0x5616df901e29 <unknown>\nE       #11 0x5616df91917e <unknown>\nE       #12 0x5616df8e84b0 <unknown>\nE       #13 0x5616df93d578 <unknown>\nE       #14 0x5616df93d74b <unknown>\nE       #15 0x5616df94f1a3 <unknown>\nE       #16 0x7fef0e89caa4 <unknown>\nE       #17 0x7fef0e929c6c <unknown>\n\n/opt/hostedtoolcache/Python/3.12.12/x64/lib/python3.12/site-packages/selenium/webdriver/remote/errorhandler.py:232: NoSuchElementException\n\nThe above exception was the direct cause of the following exception:\n\ndriver = <selenium.webdriver.chrome.webdriver.WebDriver (session=\"412acee5c271c50412525a5f530342e4\")>\n\n    @allure.title(\"Test Validation: Click buttons in the vision card after sing in.\")\n    @allure.description(\"This test verifies that a user can successfully open pages \"\n                        \"after clicking on buttons in vision cards on the page. \")\n    @allure.severity(allure.severity_level.CRITICAL)\n    @allure.label(\"owner\", \"vitalina.kliuieva\")\n    @allure.testcase(\"TC-102\")\n    def test_about_us_page_sing_in_vision_cards_buttons_check(driver):\n        \"\"\"\n            TC-102\n            Title: Click buttons in the vision card after sing in\n            Author: Vitalina Kliuieva\n            Priority: Medium\n        \"\"\"\n    \n        main_page = MainPage(driver)\n    \n        sign_in_modal: SignInComponent = main_page.header.click_sign_in_link()\n        sign_in_modal.sign_in(Config.USER_EMAIL, Config.USER_PASSWORD)\n    \n        about_page: AboutUsPage = main_page.go_to_about_us()\n        assert about_page.is_page_loaded(), \"About Us page is not opened\"\n    \n        place_page: PlacesPage = about_page.click_vision_card_button(1)\n        assert place_page.is_page_loaded(), \"Eco News page is not opened\"\n    \n        about_page = place_page.go_to_about_us()\n        assert about_page.is_page_loaded(), \"About Us page is not opened\"\n    \n        friends_page: FriendsAbstractPage = about_page.click_vision_card_button(2)\n        assert friends_page.is_page_loaded(), \"Friends page is not opened\"\n    \n        about_page = friends_page.go_to_about_us()\n        assert about_page.is_page_opened(), \"About Us page is not opened\"\n    \n        news_page: EcoNewsPage = about_page.click_vision_card_button(3)\n        assert news_page.is_page_opened(), \"Eco News page is not opened\"\n    \n        about_page = news_page.go_to_about_us()\n        assert about_page.is_page_opened(), \"About Us page is not opened\"\n    \n        friends_page = about_page.click_vision_card_button(4)\n>       assert friends_page.is_page_loaded(), \"Friends page is not opened\"\n\ntests/ui/about_us_page_tests/test_about_us_page_singin_vision_cards_buttons_check.py:54: \n_ _ _ _ _ _ _ _ _ _ _ _ _ _ _ _ _ _ _ _ _ _ _ _ _ _ _ _ _ _ _ _ _ _ _ _ _ _ _ _ \npages/abstract_pages/friends_abstract/friends_abstract_page.py:32: in is_page_loaded\n    EC.visibility_of(self.search_input)\nutils/page_factory.py:49: in __getattr__\n    return self._lazy_resolvers[name]()\nutils/page_factory.py:85: in <lambda>\n    lambda b=by, v=value, t=el_type: self._resolve_element(b, v, t)\n_ _ _ _ _ _ _ _ _ _ _ _ _ _ _ _ _ _ _ _ _ _ _ _ _ _ _ _ _ _ _ _ _ _ _ _ _ _ _ _ \n\nself = <pages.abstract_pages.friends_abstract.friends_abstract_page.FriendsAbstractPage object at 0x7f274fd34860>\nby = 'css selector', value = '.search'\nelement_type = <class 'utils.custom_web_element.CustomWebElement'>\n\n    def _resolve_element(self, by: str, value: str, element_type: type[T]) -> T:\n        \"\"\"\n        Explicitly locates and instantiates a WebElement or a Component.\n        \"\"\"\n        try:\n            if self.root:\n                web_element = self.root.find_element(by, value)\n            else:\n                web_element = self.driver.find_element(by, value)\n        except NoSuchElementException as e:\n>           raise NoSuchElementException(\n                f\"Lazy resolution failed: Element via '{by}'='{value}' not found.\"\n            ) from e\nE           selenium.common.exceptions.NoSuchElementException: Message: Lazy resolution failed: Element via 'css selector'='.search' not found.; For documentation on this error, please visit: https://www.selenium.dev/documentation/webdriver/troubleshooting/errors#nosuchelementexception\n\nutils/page_factory.py:97: NoSuchElementException","flaky":false,"newFailed":false,"newBroken":true,"newPassed":false,"retriesCount":0,"retriesStatusChange":false,"beforeStages":[{"name":"capture_logs_to_allure","time":{"start":1772390401860,"stop":1772390401860,"duration":0},"status":"passed","steps":[],"attachments":[],"parameters":[],"stepsCount":0,"shouldDisplayMessage":false,"attachmentsCount":0,"hasContent":false,"attachmentStep":false},{"name":"driver","time":{"start":1772390401860,"stop":1772390403786,"duration":1926},"status":"passed","steps":[],"attachments":[],"parameters":[],"stepsCount":0,"shouldDisplayMessage":false,"attachmentsCount":0,"hasContent":false,"attachmentStep":false}],"testStage":{"description":"This test verifies that a user can successfully open pages after clicking on buttons in vision cards on the page. ","status":"broken","statusMessage":"selenium.common.exceptions.NoSuchElementException: Message: Lazy resolution failed: Element via 'css selector'='.search' not found.; For documentation on this error, please visit: https://www.selenium.dev/documentation/webdriver/troubleshooting/errors#nosuchelementexception","statusTrace":"self = <pages.abstract_pages.friends_abstract.friends_abstract_page.FriendsAbstractPage object at 0x7f274fd34860>\nby = 'css selector', value = '.search'\nelement_type = <class 'utils.custom_web_element.CustomWebElement'>\n\n    def _resolve_element(self, by: str, value: str, element_type: type[T]) -> T:\n        \"\"\"\n        Explicitly locates and instantiates a WebElement or a Component.\n        \"\"\"\n        try:\n            if self.root:\n                web_element = self.root.find_element(by, value)\n            else:\n>               web_element = self.driver.find_element(by, value)\n\nutils/page_factory.py:95: \n_ _ _ _ _ _ _ _ _ _ _ _ _ _ _ _ _ _ _ _ _ _ _ _ _ _ _ _ _ _ _ _ _ _ _ _ _ _ _ _ \n/opt/hostedtoolcache/Python/3.12.12/x64/lib/python3.12/site-packages/selenium/webdriver/remote/webdriver.py:802: in find_element\n    return self.execute(Command.FIND_ELEMENT, {\"using\": by, \"value\": value})[\"value\"]\n/opt/hostedtoolcache/Python/3.12.12/x64/lib/python3.12/site-packages/selenium/webdriver/remote/webdriver.py:432: in execute\n    self.error_handler.check_response(response)\n_ _ _ _ _ _ _ _ _ _ _ _ _ _ _ _ _ _ _ _ _ _ _ _ _ _ _ _ _ _ _ _ _ _ _ _ _ _ _ _ \n\nself = <selenium.webdriver.remote.errorhandler.ErrorHandler object at 0x7f274fd30bf0>\nresponse = {'status': 404, 'value': '{\"value\":{\"error\":\"no such element\",\"message\":\"no such element: Unable to locate element: {\\...\\\\n#15 0x5616df94f1a3 \\\\u003Cunknown>\\\\n#16 0x7fef0e89caa4 \\\\u003Cunknown>\\\\n#17 0x7fef0e929c6c \\\\u003Cunknown>\\\\n\"}}'}\n\n    def check_response(self, response: dict[str, Any]) -> None:\n        \"\"\"Check that a JSON response from the WebDriver does not have an error.\n    \n        Args:\n            response: The JSON response from the WebDriver server as a dictionary\n                object.\n    \n        Raises:\n            WebDriverException: If the response contains an error message.\n        \"\"\"\n        status = response.get(\"status\", None)\n        if not status or status == ErrorCode.SUCCESS:\n            return\n        value = None\n        message = response.get(\"message\", \"\")\n        screen: str = response.get(\"screen\", \"\")\n        stacktrace = None\n        if isinstance(status, int):\n            value_json = response.get(\"value\", None)\n            if value_json and isinstance(value_json, str):\n                try:\n                    value = json.loads(value_json)\n                    if isinstance(value, dict):\n                        if len(value) == 1:\n                            value = value[\"value\"]\n                        status = value.get(\"error\", None)\n                        if not status:\n                            status = value.get(\"status\", ErrorCode.UNKNOWN_ERROR)\n                            message = value.get(\"value\") or value.get(\"message\")\n                            if not isinstance(message, str):\n                                value = message\n                                message = message.get(\"message\") if isinstance(message, dict) else None\n                        else:\n                            message = value.get(\"message\", None)\n                except ValueError:\n                    pass\n    \n        exception_class: type[WebDriverException]\n        e = ErrorCode()\n        error_codes = [item for item in dir(e) if not item.startswith(\"__\")]\n        for error_code in error_codes:\n            error_info = getattr(ErrorCode, error_code)\n            if isinstance(error_info, list) and status in error_info:\n                exception_class = getattr(ExceptionMapping, error_code, WebDriverException)\n                break\n        else:\n            exception_class = WebDriverException\n    \n        if not value:\n            value = response[\"value\"]\n        if isinstance(value, str):\n            raise exception_class(value)\n        if message == \"\" and \"message\" in value:\n            message = value[\"message\"]\n    \n        screen = None  # type: ignore[assignment]\n        if \"screen\" in value:\n            screen = value[\"screen\"]\n    \n        stacktrace = None\n        st_value = value.get(\"stackTrace\") or value.get(\"stacktrace\")\n        if st_value:\n            if isinstance(st_value, str):\n                stacktrace = st_value.split(\"\\n\")\n            else:\n                stacktrace = []\n                try:\n                    for frame in st_value:\n                        line = frame.get(\"lineNumber\", \"\")\n                        file = frame.get(\"fileName\", \"<anonymous>\")\n                        if line:\n                            file = f\"{file}:{line}\"\n                        meth = frame.get(\"methodName\", \"<anonymous>\")\n                        if \"className\" in frame:\n                            meth = f\"{frame['className']}.{meth}\"\n                        msg = \"    at %s (%s)\"\n                        msg = msg % (meth, file)\n                        stacktrace.append(msg)\n                except TypeError:\n                    pass\n        if exception_class == UnexpectedAlertPresentException:\n            alert_text = None\n            if \"data\" in value:\n                alert_text = value[\"data\"].get(\"text\")\n            elif \"alert\" in value:\n                alert_text = value[\"alert\"].get(\"text\")\n            raise exception_class(message, screen, stacktrace, alert_text)  # type: ignore[call-arg]  # mypy is not smart enough here\n>       raise exception_class(message, screen, stacktrace)\nE       selenium.common.exceptions.NoSuchElementException: Message: no such element: Unable to locate element: {\"method\":\"css selector\",\"selector\":\".search\"}\nE         (Session info: chrome=145.0.7632.116); For documentation on this error, please visit: https://www.selenium.dev/documentation/webdriver/troubleshooting/errors#nosuchelementexception\nE       Stacktrace:\nE       #0 0x5616df950b6a <unknown>\nE       #1 0x5616df363a32 <unknown>\nE       #2 0x5616df3b8d66 <unknown>\nE       #3 0x5616df3b8fa1 <unknown>\nE       #4 0x5616df404144 <unknown>\nE       #5 0x5616df401369 <unknown>\nE       #6 0x5616df3aac0f <unknown>\nE       #7 0x5616df3ab9d1 <unknown>\nE       #8 0x5616df9156b9 <unknown>\nE       #9 0x5616df9185c1 <unknown>\nE       #10 0x5616df901e29 <unknown>\nE       #11 0x5616df91917e <unknown>\nE       #12 0x5616df8e84b0 <unknown>\nE       #13 0x5616df93d578 <unknown>\nE       #14 0x5616df93d74b <unknown>\nE       #15 0x5616df94f1a3 <unknown>\nE       #16 0x7fef0e89caa4 <unknown>\nE       #17 0x7fef0e929c6c <unknown>\n\n/opt/hostedtoolcache/Python/3.12.12/x64/lib/python3.12/site-packages/selenium/webdriver/remote/errorhandler.py:232: NoSuchElementException\n\nThe above exception was the direct cause of the following exception:\n\ndriver = <selenium.webdriver.chrome.webdriver.WebDriver (session=\"412acee5c271c50412525a5f530342e4\")>\n\n    @allure.title(\"Test Validation: Click buttons in the vision card after sing in.\")\n    @allure.description(\"This test verifies that a user can successfully open pages \"\n                        \"after clicking on buttons in vision cards on the page. \")\n    @allure.severity(allure.severity_level.CRITICAL)\n    @allure.label(\"owner\", \"vitalina.kliuieva\")\n    @allure.testcase(\"TC-102\")\n    def test_about_us_page_sing_in_vision_cards_buttons_check(driver):\n        \"\"\"\n            TC-102\n            Title: Click buttons in the vision card after sing in\n            Author: Vitalina Kliuieva\n            Priority: Medium\n        \"\"\"\n    \n        main_page = MainPage(driver)\n    \n        sign_in_modal: SignInComponent = main_page.header.click_sign_in_link()\n        sign_in_modal.sign_in(Config.USER_EMAIL, Config.USER_PASSWORD)\n    \n        about_page: AboutUsPage = main_page.go_to_about_us()\n        assert about_page.is_page_loaded(), \"About Us page is not opened\"\n    \n        place_page: PlacesPage = about_page.click_vision_card_button(1)\n        assert place_page.is_page_loaded(), \"Eco News page is not opened\"\n    \n        about_page = place_page.go_to_about_us()\n        assert about_page.is_page_loaded(), \"About Us page is not opened\"\n    \n        friends_page: FriendsAbstractPage = about_page.click_vision_card_button(2)\n        assert friends_page.is_page_loaded(), \"Friends page is not opened\"\n    \n        about_page = friends_page.go_to_about_us()\n        assert about_page.is_page_opened(), \"About Us page is not opened\"\n    \n        news_page: EcoNewsPage = about_page.click_vision_card_button(3)\n        assert news_page.is_page_opened(), \"Eco News page is not opened\"\n    \n        about_page = news_page.go_to_about_us()\n        assert about_page.is_page_opened(), \"About Us page is not opened\"\n    \n        friends_page = about_page.click_vision_card_button(4)\n>       assert friends_page.is_page_loaded(), \"Friends page is not opened\"\n\ntests/ui/about_us_page_tests/test_about_us_page_singin_vision_cards_buttons_check.py:54: \n_ _ _ _ _ _ _ _ _ _ _ _ _ _ _ _ _ _ _ _ _ _ _ _ _ _ _ _ _ _ _ _ _ _ _ _ _ _ _ _ \npages/abstract_pages/friends_abstract/friends_abstract_page.py:32: in is_page_loaded\n    EC.visibility_of(self.search_input)\nutils/page_factory.py:49: in __getattr__\n    return self._lazy_resolvers[name]()\nutils/page_factory.py:85: in <lambda>\n    lambda b=by, v=value, t=el_type: self._resolve_element(b, v, t)\n_ _ _ _ _ _ _ _ _ _ _ _ _ _ _ _ _ _ _ _ _ _ _ _ _ _ _ _ _ _ _ _ _ _ _ _ _ _ _ _ \n\nself = <pages.abstract_pages.friends_abstract.friends_abstract_page.FriendsAbstractPage object at 0x7f274fd34860>\nby = 'css selector', value = '.search'\nelement_type = <class 'utils.custom_web_element.CustomWebElement'>\n\n    def _resolve_element(self, by: str, value: str, element_type: type[T]) -> T:\n        \"\"\"\n        Explicitly locates and instantiates a WebElement or a Component.\n        \"\"\"\n        try:\n            if self.root:\n                web_element = self.root.find_element(by, value)\n            else:\n                web_element = self.driver.find_element(by, value)\n        except NoSuchElementException as e:\n>           raise NoSuchElementException(\n                f\"Lazy resolution failed: Element via '{by}'='{value}' not found.\"\n            ) from e\nE           selenium.common.exceptions.NoSuchElementException: Message: Lazy resolution failed: Element via 'css selector'='.search' not found.; For documentation on this error, please visit: https://www.selenium.dev/documentation/webdriver/troubleshooting/errors#nosuchelementexception\n\nutils/page_factory.py:97: NoSuchElementException","steps":[{"name":"Clicking signin button in the header","time":{"start":1772390403798,"stop":1772390404521,"duration":723},"status":"passed","steps":[],"attachments":[],"parameters":[],"stepsCount":0,"shouldDisplayMessage":false,"attachmentsCount":0,"hasContent":false,"attachmentStep":false},{"name":"Sign in","time":{"start":1772390404521,"stop":1772390405324,"duration":803},"status":"passed","steps":[],"attachments":[],"parameters":[{"name":"email","value":"'greencitytest69@hotmail.com'"},{"name":"password","value":"'asweQA5346!)'"}],"stepsCount":0,"shouldDisplayMessage":false,"attachmentsCount":0,"hasContent":true,"attachmentStep":false},{"name":"Navigating to the About Us page","time":{"start":1772390405324,"stop":1772390405459,"duration":135},"status":"passed","steps":[{"name":"Clicking the about us link in the header","time":{"start":1772390405333,"stop":1772390405438,"duration":105},"status":"passed","steps":[],"attachments":[],"parameters":[],"stepsCount":0,"shouldDisplayMessage":false,"attachmentsCount":0,"hasContent":false,"attachmentStep":false}],"attachments":[],"parameters":[],"stepsCount":1,"shouldDisplayMessage":false,"attachmentsCount":0,"hasContent":true,"attachmentStep":false},{"name":"Checking if Places page is loaded","time":{"start":1772390405636,"stop":1772390405737,"duration":101},"status":"passed","steps":[],"attachments":[],"parameters":[],"stepsCount":0,"shouldDisplayMessage":false,"attachmentsCount":0,"hasContent":false,"attachmentStep":false},{"name":"Navigating to the About Us page from Places page","time":{"start":1772390405737,"stop":1772390405836,"duration":99},"status":"passed","steps":[{"name":"Clicking the about us link in the header","time":{"start":1772390405744,"stop":1772390405832,"duration":88},"status":"passed","steps":[],"attachments":[],"parameters":[],"stepsCount":0,"shouldDisplayMessage":false,"attachmentsCount":0,"hasContent":false,"attachmentStep":false}],"attachments":[],"parameters":[],"stepsCount":1,"shouldDisplayMessage":false,"attachmentsCount":0,"hasContent":true,"attachmentStep":false},{"name":"Navigating to the About Us page from Friends page","time":{"start":1772390406002,"stop":1772390406099,"duration":97},"status":"passed","steps":[{"name":"Clicking the about us link in the header","time":{"start":1772390406015,"stop":1772390406095,"duration":80},"status":"passed","steps":[],"attachments":[],"parameters":[],"stepsCount":0,"shouldDisplayMessage":false,"attachmentsCount":0,"hasContent":false,"attachmentStep":false}],"attachments":[],"parameters":[],"stepsCount":1,"shouldDisplayMessage":false,"attachmentsCount":0,"hasContent":true,"attachmentStep":false},{"name":"Checking if Eco News page is opened","time":{"start":1772390406222,"stop":1772390406248,"duration":26},"status":"passed","steps":[],"attachments":[],"parameters":[],"stepsCount":0,"shouldDisplayMessage":false,"attachmentsCount":0,"hasContent":false,"attachmentStep":false},{"name":"Navigating to the About Us page from Eco News page","time":{"start":1772390406248,"stop":1772390406378,"duration":130},"status":"passed","steps":[{"name":"Clicking the about us link in the header","time":{"start":1772390406253,"stop":1772390406374,"duration":121},"status":"passed","steps":[],"attachments":[],"parameters":[],"stepsCount":0,"shouldDisplayMessage":false,"attachmentsCount":0,"hasContent":false,"attachmentStep":false}],"attachments":[],"parameters":[],"stepsCount":1,"shouldDisplayMessage":false,"attachmentsCount":0,"hasContent":true,"attachmentStep":false}],"attachments":[{"uid":"8f8ee68cf245c875","name":"failed_test_about_us_page_sing_in_vision_cards_buttons_check[chrome]_2026-03-01_18-40-16","source":"8f8ee68cf245c875.png","type":"image/png","size":132553}],"parameters":[],"stepsCount":12,"shouldDisplayMessage":true,"attachmentsCount":1,"hasContent":true,"attachmentStep":false},"afterStages":[{"name":"driver::0","time":{"start":1772390416671,"stop":1772390416776,"duration":105},"status":"passed","steps":[],"attachments":[],"parameters":[],"stepsCount":0,"shouldDisplayMessage":false,"attachmentsCount":0,"hasContent":false,"attachmentStep":false},{"name":"capture_logs_to_allure::0","time":{"start":1772390416776,"stop":1772390416776,"duration":0},"status":"passed","steps":[],"attachments":[],"parameters":[],"stepsCount":0,"shouldDisplayMessage":false,"attachmentsCount":0,"hasContent":false,"attachmentStep":false}],"labels":[{"name":"severity","value":"critical"},{"name":"owner","value":"vitalina.kliuieva"},{"name":"parentSuite","value":"tests.ui.about_us_page_tests"},{"name":"suite","value":"test_about_us_page_singin_vision_cards_buttons_check"},{"name":"host","value":"runnervmnay03"},{"name":"thread","value":"2684-MainThread"},{"name":"framework","value":"pytest"},{"name":"language","value":"cpython3"},{"name":"package","value":"tests.ui.about_us_page_tests.test_about_us_page_singin_vision_cards_buttons_check"},{"name":"resultFormat","value":"allure2"}],"parameters":[{"name":"browser","value":"'chrome'"},{"name":"driver","value":"'chrome'"}],"links":[{"name":"TC-102","url":"TC-102","type":"tms"}],"hidden":false,"retry":false,"extra":{"severity":"critical","owner":"vitalina.kliuieva","retries":[],"categories":[{"name":"Test defects","matchedStatuses":[],"flaky":false}],"history":{"statistic":{"failed":0,"broken":1,"skipped":0,"passed":1,"unknown":0,"total":2},"items":[{"uid":"f95bddb39fc55066","reportUrl":"https://UA-5307-TAQC.github.io/greencity5307/pr-131/295/#testresult/f95bddb39fc55066","status":"passed","time":{"start":1772389968522,"stop":1772389973210,"duration":4688}}]},"tags":[]},"source":"53c5445e82eebdac.json","parameterValues":["'chrome'","'chrome'"]}