{"uid":"174165e4e4057ccd","name":"Verify user search, friend request sending, persistence, and cancellation","fullName":"tests.ui.find_friend_page_tests.test_findfriend_verify_user_search#test_find_friend_verify_user_search_friend_request","historyId":"c4bb4020defccb1d9e44b51c0cbad87a","time":{"start":1772142371588,"stop":1772142381763,"duration":10175},"status":"broken","statusMessage":"selenium.common.exceptions.NoSuchElementException: Message: no such element: Unable to locate element: {\"method\":\"css selector\",\"selector\":\".side-bar\"}\n  (Session info: chrome=145.0.7632.116); For documentation on this error, please visit: https://www.selenium.dev/documentation/webdriver/troubleshooting/errors#nosuchelementexception\nStacktrace:\n#0 0x55f39ad17b6a <unknown>\n#1 0x55f39a72aa32 <unknown>\n#2 0x55f39a77fd66 <unknown>\n#3 0x55f39a77ffa1 <unknown>\n#4 0x55f39a7cb144 <unknown>\n#5 0x55f39a7c8369 <unknown>\n#6 0x55f39a771c0f <unknown>\n#7 0x55f39a7729d1 <unknown>\n#8 0x55f39acdc6b9 <unknown>\n#9 0x55f39acdf5c1 <unknown>\n#10 0x55f39acc8e29 <unknown>\n#11 0x55f39ace017e <unknown>\n#12 0x55f39acaf4b0 <unknown>\n#13 0x55f39ad04578 <unknown>\n#14 0x55f39ad0474b <unknown>\n#15 0x55f39ad161a3 <unknown>\n#16 0x7f0e7ee9caa4 <unknown>\n#17 0x7f0e7ef29c6c <unknown>","statusTrace":"driver_with_login = <selenium.webdriver.chrome.webdriver.WebDriver (session=\"301531b54ab8ca815d1ed630bfdbf05b\")>\ntarget_user_not_added_to_friends = <function target_user_not_added_to_friends.<locals>._verify_is_added_friend at 0x7fd47b042d40>\n\n    @allure.title(\"Verify user search, friend request sending, persistence, and cancellation\")\n    def test_find_friend_verify_user_search_friend_request(driver_with_login, target_user_not_added_to_friends):\n        target_user_name = \"Liubomyr Halamaha\"\n    \n        with allure.step(f\"Precondition: A target user '{target_user_name}' exists in the system \"\n                         f\"who is not yet in the user's friend list\"):\n>           target_user_not_added_to_friends(target_user_name)\n\ntests/ui/find_friend_page_tests/test_findfriend_verify_user_search.py:15: \n_ _ _ _ _ _ _ _ _ _ _ _ _ _ _ _ _ _ _ _ _ _ _ _ _ _ _ _ _ _ _ _ _ _ _ _ _ _ _ _ \ntests/conftest.py:121: in _verify_is_added_friend\n    find_friend_page = MyHabitPage(driver_with_login).profile_banner.click_add_friends_btn()\ncomponents/my_profile_data_banner_component.py:50: in click_add_friends_btn\n    return AllFriendsPage(self.root.parent)\npages/friend_abstract_page.py:14: in __init__\n    self._user_info_banner_root = self.driver.find_element(*self.user_info_banner_locator)\n/opt/hostedtoolcache/Python/3.12.12/x64/lib/python3.12/site-packages/selenium/webdriver/remote/webdriver.py:802: in find_element\n    return self.execute(Command.FIND_ELEMENT, {\"using\": by, \"value\": value})[\"value\"]\n/opt/hostedtoolcache/Python/3.12.12/x64/lib/python3.12/site-packages/selenium/webdriver/remote/webdriver.py:432: in execute\n    self.error_handler.check_response(response)\n_ _ _ _ _ _ _ _ _ _ _ _ _ _ _ _ _ _ _ _ _ _ _ _ _ _ _ _ _ _ _ _ _ _ _ _ _ _ _ _ \n\nself = <selenium.webdriver.remote.errorhandler.ErrorHandler object at 0x7fd47b0c4fb0>\nresponse = {'status': 404, 'value': '{\"value\":{\"error\":\"no such element\",\"message\":\"no such element: Unable to locate element: {\\...\\\\n#15 0x55f39ad161a3 \\\\u003Cunknown>\\\\n#16 0x7f0e7ee9caa4 \\\\u003Cunknown>\\\\n#17 0x7f0e7ef29c6c \\\\u003Cunknown>\\\\n\"}}'}\n\n    def check_response(self, response: dict[str, Any]) -> None:\n        \"\"\"Check that a JSON response from the WebDriver does not have an error.\n    \n        Args:\n            response: The JSON response from the WebDriver server as a dictionary\n                object.\n    \n        Raises:\n            WebDriverException: If the response contains an error message.\n        \"\"\"\n        status = response.get(\"status\", None)\n        if not status or status == ErrorCode.SUCCESS:\n            return\n        value = None\n        message = response.get(\"message\", \"\")\n        screen: str = response.get(\"screen\", \"\")\n        stacktrace = None\n        if isinstance(status, int):\n            value_json = response.get(\"value\", None)\n            if value_json and isinstance(value_json, str):\n                try:\n                    value = json.loads(value_json)\n                    if isinstance(value, dict):\n                        if len(value) == 1:\n                            value = value[\"value\"]\n                        status = value.get(\"error\", None)\n                        if not status:\n                            status = value.get(\"status\", ErrorCode.UNKNOWN_ERROR)\n                            message = value.get(\"value\") or value.get(\"message\")\n                            if not isinstance(message, str):\n                                value = message\n                                message = message.get(\"message\") if isinstance(message, dict) else None\n                        else:\n                            message = value.get(\"message\", None)\n                except ValueError:\n                    pass\n    \n        exception_class: type[WebDriverException]\n        e = ErrorCode()\n        error_codes = [item for item in dir(e) if not item.startswith(\"__\")]\n        for error_code in error_codes:\n            error_info = getattr(ErrorCode, error_code)\n            if isinstance(error_info, list) and status in error_info:\n                exception_class = getattr(ExceptionMapping, error_code, WebDriverException)\n                break\n        else:\n            exception_class = WebDriverException\n    \n        if not value:\n            value = response[\"value\"]\n        if isinstance(value, str):\n            raise exception_class(value)\n        if message == \"\" and \"message\" in value:\n            message = value[\"message\"]\n    \n        screen = None  # type: ignore[assignment]\n        if \"screen\" in value:\n            screen = value[\"screen\"]\n    \n        stacktrace = None\n        st_value = value.get(\"stackTrace\") or value.get(\"stacktrace\")\n        if st_value:\n            if isinstance(st_value, str):\n                stacktrace = st_value.split(\"\\n\")\n            else:\n                stacktrace = []\n                try:\n                    for frame in st_value:\n                        line = frame.get(\"lineNumber\", \"\")\n                        file = frame.get(\"fileName\", \"<anonymous>\")\n                        if line:\n                            file = f\"{file}:{line}\"\n                        meth = frame.get(\"methodName\", \"<anonymous>\")\n                        if \"className\" in frame:\n                            meth = f\"{frame['className']}.{meth}\"\n                        msg = \"    at %s (%s)\"\n                        msg = msg % (meth, file)\n                        stacktrace.append(msg)\n                except TypeError:\n                    pass\n        if exception_class == UnexpectedAlertPresentException:\n            alert_text = None\n            if \"data\" in value:\n                alert_text = value[\"data\"].get(\"text\")\n            elif \"alert\" in value:\n                alert_text = value[\"alert\"].get(\"text\")\n            raise exception_class(message, screen, stacktrace, alert_text)  # type: ignore[call-arg]  # mypy is not smart enough here\n>       raise exception_class(message, screen, stacktrace)\nE       selenium.common.exceptions.NoSuchElementException: Message: no such element: Unable to locate element: {\"method\":\"css selector\",\"selector\":\".side-bar\"}\nE         (Session info: chrome=145.0.7632.116); For documentation on this error, please visit: https://www.selenium.dev/documentation/webdriver/troubleshooting/errors#nosuchelementexception\nE       Stacktrace:\nE       #0 0x55f39ad17b6a <unknown>\nE       #1 0x55f39a72aa32 <unknown>\nE       #2 0x55f39a77fd66 <unknown>\nE       #3 0x55f39a77ffa1 <unknown>\nE       #4 0x55f39a7cb144 <unknown>\nE       #5 0x55f39a7c8369 <unknown>\nE       #6 0x55f39a771c0f <unknown>\nE       #7 0x55f39a7729d1 <unknown>\nE       #8 0x55f39acdc6b9 <unknown>\nE       #9 0x55f39acdf5c1 <unknown>\nE       #10 0x55f39acc8e29 <unknown>\nE       #11 0x55f39ace017e <unknown>\nE       #12 0x55f39acaf4b0 <unknown>\nE       #13 0x55f39ad04578 <unknown>\nE       #14 0x55f39ad0474b <unknown>\nE       #15 0x55f39ad161a3 <unknown>\nE       #16 0x7f0e7ee9caa4 <unknown>\nE       #17 0x7f0e7ef29c6c <unknown>\n\n/opt/hostedtoolcache/Python/3.12.12/x64/lib/python3.12/site-packages/selenium/webdriver/remote/errorhandler.py:232: NoSuchElementException","flaky":true,"newFailed":false,"newBroken":true,"newPassed":false,"retriesCount":0,"retriesStatusChange":false,"beforeStages":[{"name":"capture_logs_to_allure","time":{"start":1772142365625,"stop":1772142365625,"duration":0},"status":"passed","steps":[],"attachments":[],"parameters":[],"stepsCount":0,"shouldDisplayMessage":false,"attachmentsCount":0,"hasContent":false,"attachmentStep":false},{"name":"driver","time":{"start":1772142365625,"stop":1772142366937,"duration":1312},"status":"passed","steps":[],"attachments":[],"parameters":[],"stepsCount":0,"shouldDisplayMessage":false,"attachmentsCount":0,"hasContent":false,"attachmentStep":false},{"name":"driver_with_login","time":{"start":1772142366937,"stop":1772142371587,"duration":4650},"status":"passed","steps":[{"name":"Logging in the user with email: greencitytest69@hotmail.com","time":{"start":1772142366937,"stop":1772142371587,"duration":4650},"status":"passed","steps":[{"name":"Clicking signin button in the header","time":{"start":1772142367095,"stop":1772142370488,"duration":3393},"status":"passed","steps":[],"attachments":[],"parameters":[],"stepsCount":0,"shouldDisplayMessage":false,"attachmentsCount":0,"hasContent":false,"attachmentStep":false},{"name":"Sign in","time":{"start":1772142370488,"stop":1772142371243,"duration":755},"status":"passed","steps":[],"attachments":[],"parameters":[{"name":"email","value":"'greencitytest69@hotmail.com'"},{"name":"password","value":"'asweQA5346!)'"}],"stepsCount":0,"shouldDisplayMessage":false,"attachmentsCount":0,"hasContent":true,"attachmentStep":false}],"attachments":[],"parameters":[],"stepsCount":2,"shouldDisplayMessage":false,"attachmentsCount":0,"hasContent":true,"attachmentStep":false}],"attachments":[],"parameters":[],"stepsCount":3,"shouldDisplayMessage":false,"attachmentsCount":0,"hasContent":true,"attachmentStep":false},{"name":"target_user_not_added_to_friends","time":{"start":1772142371587,"stop":1772142371587,"duration":0},"status":"passed","steps":[],"attachments":[],"parameters":[],"stepsCount":0,"shouldDisplayMessage":false,"attachmentsCount":0,"hasContent":false,"attachmentStep":false}],"testStage":{"status":"broken","statusMessage":"selenium.common.exceptions.NoSuchElementException: Message: no such element: Unable to locate element: {\"method\":\"css selector\",\"selector\":\".side-bar\"}\n  (Session info: chrome=145.0.7632.116); For documentation on this error, please visit: https://www.selenium.dev/documentation/webdriver/troubleshooting/errors#nosuchelementexception\nStacktrace:\n#0 0x55f39ad17b6a <unknown>\n#1 0x55f39a72aa32 <unknown>\n#2 0x55f39a77fd66 <unknown>\n#3 0x55f39a77ffa1 <unknown>\n#4 0x55f39a7cb144 <unknown>\n#5 0x55f39a7c8369 <unknown>\n#6 0x55f39a771c0f <unknown>\n#7 0x55f39a7729d1 <unknown>\n#8 0x55f39acdc6b9 <unknown>\n#9 0x55f39acdf5c1 <unknown>\n#10 0x55f39acc8e29 <unknown>\n#11 0x55f39ace017e <unknown>\n#12 0x55f39acaf4b0 <unknown>\n#13 0x55f39ad04578 <unknown>\n#14 0x55f39ad0474b <unknown>\n#15 0x55f39ad161a3 <unknown>\n#16 0x7f0e7ee9caa4 <unknown>\n#17 0x7f0e7ef29c6c <unknown>","statusTrace":"driver_with_login = <selenium.webdriver.chrome.webdriver.WebDriver (session=\"301531b54ab8ca815d1ed630bfdbf05b\")>\ntarget_user_not_added_to_friends = <function target_user_not_added_to_friends.<locals>._verify_is_added_friend at 0x7fd47b042d40>\n\n    @allure.title(\"Verify user search, friend request sending, persistence, and cancellation\")\n    def test_find_friend_verify_user_search_friend_request(driver_with_login, target_user_not_added_to_friends):\n        target_user_name = \"Liubomyr Halamaha\"\n    \n        with allure.step(f\"Precondition: A target user '{target_user_name}' exists in the system \"\n                         f\"who is not yet in the user's friend list\"):\n>           target_user_not_added_to_friends(target_user_name)\n\ntests/ui/find_friend_page_tests/test_findfriend_verify_user_search.py:15: \n_ _ _ _ _ _ _ _ _ _ _ _ _ _ _ _ _ _ _ _ _ _ _ _ _ _ _ _ _ _ _ _ _ _ _ _ _ _ _ _ \ntests/conftest.py:121: in _verify_is_added_friend\n    find_friend_page = MyHabitPage(driver_with_login).profile_banner.click_add_friends_btn()\ncomponents/my_profile_data_banner_component.py:50: in click_add_friends_btn\n    return AllFriendsPage(self.root.parent)\npages/friend_abstract_page.py:14: in __init__\n    self._user_info_banner_root = self.driver.find_element(*self.user_info_banner_locator)\n/opt/hostedtoolcache/Python/3.12.12/x64/lib/python3.12/site-packages/selenium/webdriver/remote/webdriver.py:802: in find_element\n    return self.execute(Command.FIND_ELEMENT, {\"using\": by, \"value\": value})[\"value\"]\n/opt/hostedtoolcache/Python/3.12.12/x64/lib/python3.12/site-packages/selenium/webdriver/remote/webdriver.py:432: in execute\n    self.error_handler.check_response(response)\n_ _ _ _ _ _ _ _ _ _ _ _ _ _ _ _ _ _ _ _ _ _ _ _ _ _ _ _ _ _ _ _ _ _ _ _ _ _ _ _ \n\nself = <selenium.webdriver.remote.errorhandler.ErrorHandler object at 0x7fd47b0c4fb0>\nresponse = {'status': 404, 'value': '{\"value\":{\"error\":\"no such element\",\"message\":\"no such element: Unable to locate element: {\\...\\\\n#15 0x55f39ad161a3 \\\\u003Cunknown>\\\\n#16 0x7f0e7ee9caa4 \\\\u003Cunknown>\\\\n#17 0x7f0e7ef29c6c \\\\u003Cunknown>\\\\n\"}}'}\n\n    def check_response(self, response: dict[str, Any]) -> None:\n        \"\"\"Check that a JSON response from the WebDriver does not have an error.\n    \n        Args:\n            response: The JSON response from the WebDriver server as a dictionary\n                object.\n    \n        Raises:\n            WebDriverException: If the response contains an error message.\n        \"\"\"\n        status = response.get(\"status\", None)\n        if not status or status == ErrorCode.SUCCESS:\n            return\n        value = None\n        message = response.get(\"message\", \"\")\n        screen: str = response.get(\"screen\", \"\")\n        stacktrace = None\n        if isinstance(status, int):\n            value_json = response.get(\"value\", None)\n            if value_json and isinstance(value_json, str):\n                try:\n                    value = json.loads(value_json)\n                    if isinstance(value, dict):\n                        if len(value) == 1:\n                            value = value[\"value\"]\n                        status = value.get(\"error\", None)\n                        if not status:\n                            status = value.get(\"status\", ErrorCode.UNKNOWN_ERROR)\n                            message = value.get(\"value\") or value.get(\"message\")\n                            if not isinstance(message, str):\n                                value = message\n                                message = message.get(\"message\") if isinstance(message, dict) else None\n                        else:\n                            message = value.get(\"message\", None)\n                except ValueError:\n                    pass\n    \n        exception_class: type[WebDriverException]\n        e = ErrorCode()\n        error_codes = [item for item in dir(e) if not item.startswith(\"__\")]\n        for error_code in error_codes:\n            error_info = getattr(ErrorCode, error_code)\n            if isinstance(error_info, list) and status in error_info:\n                exception_class = getattr(ExceptionMapping, error_code, WebDriverException)\n                break\n        else:\n            exception_class = WebDriverException\n    \n        if not value:\n            value = response[\"value\"]\n        if isinstance(value, str):\n            raise exception_class(value)\n        if message == \"\" and \"message\" in value:\n            message = value[\"message\"]\n    \n        screen = None  # type: ignore[assignment]\n        if \"screen\" in value:\n            screen = value[\"screen\"]\n    \n        stacktrace = None\n        st_value = value.get(\"stackTrace\") or value.get(\"stacktrace\")\n        if st_value:\n            if isinstance(st_value, str):\n                stacktrace = st_value.split(\"\\n\")\n            else:\n                stacktrace = []\n                try:\n                    for frame in st_value:\n                        line = frame.get(\"lineNumber\", \"\")\n                        file = frame.get(\"fileName\", \"<anonymous>\")\n                        if line:\n                            file = f\"{file}:{line}\"\n                        meth = frame.get(\"methodName\", \"<anonymous>\")\n                        if \"className\" in frame:\n                            meth = f\"{frame['className']}.{meth}\"\n                        msg = \"    at %s (%s)\"\n                        msg = msg % (meth, file)\n                        stacktrace.append(msg)\n                except TypeError:\n                    pass\n        if exception_class == UnexpectedAlertPresentException:\n            alert_text = None\n            if \"data\" in value:\n                alert_text = value[\"data\"].get(\"text\")\n            elif \"alert\" in value:\n                alert_text = value[\"alert\"].get(\"text\")\n            raise exception_class(message, screen, stacktrace, alert_text)  # type: ignore[call-arg]  # mypy is not smart enough here\n>       raise exception_class(message, screen, stacktrace)\nE       selenium.common.exceptions.NoSuchElementException: Message: no such element: Unable to locate element: {\"method\":\"css selector\",\"selector\":\".side-bar\"}\nE         (Session info: chrome=145.0.7632.116); For documentation on this error, please visit: https://www.selenium.dev/documentation/webdriver/troubleshooting/errors#nosuchelementexception\nE       Stacktrace:\nE       #0 0x55f39ad17b6a <unknown>\nE       #1 0x55f39a72aa32 <unknown>\nE       #2 0x55f39a77fd66 <unknown>\nE       #3 0x55f39a77ffa1 <unknown>\nE       #4 0x55f39a7cb144 <unknown>\nE       #5 0x55f39a7c8369 <unknown>\nE       #6 0x55f39a771c0f <unknown>\nE       #7 0x55f39a7729d1 <unknown>\nE       #8 0x55f39acdc6b9 <unknown>\nE       #9 0x55f39acdf5c1 <unknown>\nE       #10 0x55f39acc8e29 <unknown>\nE       #11 0x55f39ace017e <unknown>\nE       #12 0x55f39acaf4b0 <unknown>\nE       #13 0x55f39ad04578 <unknown>\nE       #14 0x55f39ad0474b <unknown>\nE       #15 0x55f39ad161a3 <unknown>\nE       #16 0x7f0e7ee9caa4 <unknown>\nE       #17 0x7f0e7ef29c6c <unknown>\n\n/opt/hostedtoolcache/Python/3.12.12/x64/lib/python3.12/site-packages/selenium/webdriver/remote/errorhandler.py:232: NoSuchElementException","steps":[{"name":"Precondition: A target user 'Liubomyr Halamaha' exists in the system who is not yet in the user's friend list","time":{"start":1772142371588,"stop":1772142381762,"duration":10174},"status":"broken","statusMessage":"selenium.common.exceptions.NoSuchElementException: Message: no such element: Unable to locate element: {\"method\":\"css selector\",\"selector\":\".side-bar\"}\n  (Session info: chrome=145.0.7632.116); For documentation on this error, please visit: https://www.selenium.dev/documentation/webdriver/troubleshooting/errors#nosuchelementexception\nStacktrace:\n#0 0x55f39ad17b6a <unknown>\n#1 0x55f39a72aa32 <unknown>\n#2 0x55f39a77fd66 <unknown>\n#3 0x55f39a77ffa1 <unknown>\n#4 0x55f39a7cb144 <unknown>\n#5 0x55f39a7c8369 <unknown>\n#6 0x55f39a771c0f <unknown>\n#7 0x55f39a7729d1 <unknown>\n#8 0x55f39acdc6b9 <unknown>\n#9 0x55f39acdf5c1 <unknown>\n#10 0x55f39acc8e29 <unknown>\n#11 0x55f39ace017e <unknown>\n#12 0x55f39acaf4b0 <unknown>\n#13 0x55f39ad04578 <unknown>\n#14 0x55f39ad0474b <unknown>\n#15 0x55f39ad161a3 <unknown>\n#16 0x7f0e7ee9caa4 <unknown>\n#17 0x7f0e7ef29c6c <unknown>\n\n","statusTrace":"  File \"/home/runner/work/greencity5307/greencity5307/tests/ui/find_friend_page_tests/test_findfriend_verify_user_search.py\", line 15, in test_find_friend_verify_user_search_friend_request\n    target_user_not_added_to_friends(target_user_name)\n  File \"/home/runner/work/greencity5307/greencity5307/tests/conftest.py\", line 121, in _verify_is_added_friend\n    find_friend_page = MyHabitPage(driver_with_login).profile_banner.click_add_friends_btn()\n                       ^^^^^^^^^^^^^^^^^^^^^^^^^^^^^^^^^^^^^^^^^^^^^^^^^^^^^^^^^^^^^^^^^^^^^\n  File \"/opt/hostedtoolcache/Python/3.12.12/x64/lib/python3.12/site-packages/allure_commons/_allure.py\", line 202, in impl\n    return func(*a, **kw)\n           ^^^^^^^^^^^^^^\n  File \"/home/runner/work/greencity5307/greencity5307/components/my_profile_data_banner_component.py\", line 50, in click_add_friends_btn\n    return AllFriendsPage(self.root.parent)\n           ^^^^^^^^^^^^^^^^^^^^^^^^^^^^^^^^\n  File \"/home/runner/work/greencity5307/greencity5307/pages/friend_abstract_page.py\", line 14, in __init__\n    self._user_info_banner_root = self.driver.find_element(*self.user_info_banner_locator)\n                                  ^^^^^^^^^^^^^^^^^^^^^^^^^^^^^^^^^^^^^^^^^^^^^^^^^^^^^^^^\n  File \"/opt/hostedtoolcache/Python/3.12.12/x64/lib/python3.12/site-packages/selenium/webdriver/remote/webdriver.py\", line 802, in find_element\n    return self.execute(Command.FIND_ELEMENT, {\"using\": by, \"value\": value})[\"value\"]\n           ^^^^^^^^^^^^^^^^^^^^^^^^^^^^^^^^^^^^^^^^^^^^^^^^^^^^^^^^^^^^^^^^^\n  File \"/opt/hostedtoolcache/Python/3.12.12/x64/lib/python3.12/site-packages/selenium/webdriver/remote/webdriver.py\", line 432, in execute\n    self.error_handler.check_response(response)\n  File \"/opt/hostedtoolcache/Python/3.12.12/x64/lib/python3.12/site-packages/selenium/webdriver/remote/errorhandler.py\", line 232, in check_response\n    raise exception_class(message, screen, stacktrace)\n","steps":[{"name":"Click on Add friends button on Profile Banner component","time":{"start":1772142371596,"stop":1772142381761,"duration":10165},"status":"broken","statusMessage":"selenium.common.exceptions.NoSuchElementException: Message: no such element: Unable to locate element: {\"method\":\"css selector\",\"selector\":\".side-bar\"}\n  (Session info: chrome=145.0.7632.116); For documentation on this error, please visit: https://www.selenium.dev/documentation/webdriver/troubleshooting/errors#nosuchelementexception\nStacktrace:\n#0 0x55f39ad17b6a <unknown>\n#1 0x55f39a72aa32 <unknown>\n#2 0x55f39a77fd66 <unknown>\n#3 0x55f39a77ffa1 <unknown>\n#4 0x55f39a7cb144 <unknown>\n#5 0x55f39a7c8369 <unknown>\n#6 0x55f39a771c0f <unknown>\n#7 0x55f39a7729d1 <unknown>\n#8 0x55f39acdc6b9 <unknown>\n#9 0x55f39acdf5c1 <unknown>\n#10 0x55f39acc8e29 <unknown>\n#11 0x55f39ace017e <unknown>\n#12 0x55f39acaf4b0 <unknown>\n#13 0x55f39ad04578 <unknown>\n#14 0x55f39ad0474b <unknown>\n#15 0x55f39ad161a3 <unknown>\n#16 0x7f0e7ee9caa4 <unknown>\n#17 0x7f0e7ef29c6c <unknown>\n\n","statusTrace":"  File \"/opt/hostedtoolcache/Python/3.12.12/x64/lib/python3.12/site-packages/allure_commons/_allure.py\", line 202, in impl\n    return func(*a, **kw)\n           ^^^^^^^^^^^^^^\n  File \"/home/runner/work/greencity5307/greencity5307/components/my_profile_data_banner_component.py\", line 50, in click_add_friends_btn\n    return AllFriendsPage(self.root.parent)\n           ^^^^^^^^^^^^^^^^^^^^^^^^^^^^^^^^\n  File \"/home/runner/work/greencity5307/greencity5307/pages/friend_abstract_page.py\", line 14, in __init__\n    self._user_info_banner_root = self.driver.find_element(*self.user_info_banner_locator)\n                                  ^^^^^^^^^^^^^^^^^^^^^^^^^^^^^^^^^^^^^^^^^^^^^^^^^^^^^^^^\n  File \"/opt/hostedtoolcache/Python/3.12.12/x64/lib/python3.12/site-packages/selenium/webdriver/remote/webdriver.py\", line 802, in find_element\n    return self.execute(Command.FIND_ELEMENT, {\"using\": by, \"value\": value})[\"value\"]\n           ^^^^^^^^^^^^^^^^^^^^^^^^^^^^^^^^^^^^^^^^^^^^^^^^^^^^^^^^^^^^^^^^^\n  File \"/opt/hostedtoolcache/Python/3.12.12/x64/lib/python3.12/site-packages/selenium/webdriver/remote/webdriver.py\", line 432, in execute\n    self.error_handler.check_response(response)\n  File \"/opt/hostedtoolcache/Python/3.12.12/x64/lib/python3.12/site-packages/selenium/webdriver/remote/errorhandler.py\", line 232, in check_response\n    raise exception_class(message, screen, stacktrace)\n","steps":[],"attachments":[],"parameters":[],"stepsCount":0,"shouldDisplayMessage":true,"attachmentsCount":0,"hasContent":true,"attachmentStep":false}],"attachments":[],"parameters":[],"stepsCount":1,"shouldDisplayMessage":false,"attachmentsCount":0,"hasContent":true,"attachmentStep":false}],"attachments":[{"uid":"1acf8f92c1143596","name":"failed_test_find_friend_verify_user_search_friend_request[chrome]_2026-02-26_21-46-21","source":"1acf8f92c1143596.png","type":"image/png","size":126032}],"parameters":[],"stepsCount":2,"shouldDisplayMessage":true,"attachmentsCount":1,"hasContent":true,"attachmentStep":false},"afterStages":[{"name":"driver_with_login::0","time":{"start":1772142381868,"stop":1772142381868,"duration":0},"status":"passed","steps":[],"attachments":[],"parameters":[],"stepsCount":0,"shouldDisplayMessage":false,"attachmentsCount":0,"hasContent":false,"attachmentStep":false},{"name":"driver::0","time":{"start":1772142381869,"stop":1772142381971,"duration":102},"status":"passed","steps":[],"attachments":[],"parameters":[],"stepsCount":0,"shouldDisplayMessage":false,"attachmentsCount":0,"hasContent":false,"attachmentStep":false},{"name":"capture_logs_to_allure::0","time":{"start":1772142381972,"stop":1772142381972,"duration":0},"status":"passed","steps":[],"attachments":[],"parameters":[],"stepsCount":0,"shouldDisplayMessage":false,"attachmentsCount":0,"hasContent":false,"attachmentStep":false}],"labels":[{"name":"parentSuite","value":"tests.ui.find_friend_page_tests"},{"name":"suite","value":"test_findfriend_verify_user_search"},{"name":"host","value":"runnervmnay03"},{"name":"thread","value":"2681-MainThread"},{"name":"framework","value":"pytest"},{"name":"language","value":"cpython3"},{"name":"package","value":"tests.ui.find_friend_page_tests.test_findfriend_verify_user_search"},{"name":"resultFormat","value":"allure2"}],"parameters":[{"name":"browser","value":"'chrome'"},{"name":"driver","value":"'chrome'"}],"links":[],"hidden":false,"retry":false,"extra":{"severity":"normal","retries":[],"categories":[{"name":"Test defects","matchedStatuses":[],"flaky":false}],"history":{"statistic":{"failed":3,"broken":1,"skipped":0,"passed":1,"unknown":0,"total":5},"items":[{"uid":"394d571106c6c014","reportUrl":"https://UA-5307-TAQC.github.io/greencity5307/pr-105/193/#testresult/394d571106c6c014","status":"passed","time":{"start":1771577760796,"stop":1771577769822,"duration":9026}},{"uid":"7c809e5ae454920","reportUrl":"https://UA-5307-TAQC.github.io/greencity5307/pr-105/192/#testresult/7c809e5ae454920","status":"failed","statusDetails":"AssertionError: The user 'None' is not signed in. Found user: 'TestAutomation'.\nassert 'TestAutomation' == None\n +  where None = Config.USER_NAME","time":{"start":1771577311537,"stop":1771577312516,"duration":979}},{"uid":"1eaba6e729571813","reportUrl":"https://UA-5307-TAQC.github.io/greencity5307/pr-105/192/#testresult/1eaba6e729571813","status":"failed","statusDetails":"AssertionError: The user 'None' is not signed in. Found user: 'TestAutomation'.\nassert 'TestAutomation' == None\n +  where None = Config.USER_NAME","time":{"start":1771576900640,"stop":1771576901601,"duration":961}},{"uid":"52cc0c0e50b6861f","reportUrl":"https://UA-5307-TAQC.github.io/greencity5307/pr-105/192/#testresult/52cc0c0e50b6861f","status":"failed","statusDetails":"AssertionError: The user 'None' is not signed in. Found user: 'TestAutomation'.\nassert 'TestAutomation' == None\n +  where None = Config.USER_NAME","time":{"start":1771576650764,"stop":1771576651806,"duration":1042}}]},"tags":[]},"source":"174165e4e4057ccd.json","parameterValues":["'chrome'","'chrome'"]}