{"uid":"ad81e111a1a4d59e","name":"Test for successful habit creation","fullName":"tests.ui.habit_form_tests.test_successful_habit_creation#test_successful_habit_creation","historyId":"d2d398044bc133874756242d8abcf99f","time":{"start":1772304761802,"stop":1772304761946,"duration":144},"description":"Check that user is able to create a new habit card by\n    filling in all required fields on the Create habit page.","descriptionHtml":"<p>Check that user is able to create a new habit card by<br />\nfilling in all required fields on the Create habit page.</p>\n","status":"broken","statusMessage":"AttributeError: 'HabitBasicInfoFormComponent' object has no attribute 'resolve_list'. Did you mean: '_resolve_list'?","statusTrace":"driver_delete_habit_after = namespace(driver=<selenium.webdriver.chrome.webdriver.WebDriver (session=\"1441c8228cb173c1f28a90717cfb8b83\")>, create_...e object at 0x7fd87743c350>, all_habits_page=<pages.habit_pages.all_habits_page.AllHabitPage object at 0x7fd87743f0b0>)\n\n    @allure.title(\"Test for successful habit creation\")\n    def test_successful_habit_creation(driver_delete_habit_after):\n        \"\"\"Check that user is able to create a new habit card by\n        filling in all required fields on the Create habit page.\"\"\"\n    \n        with allure.step(\"Go to all habits page\"):\n            create_habit_page = driver_delete_habit_after.create_page\n            all_habits_page = driver_delete_habit_after.all_habits_page\n    \n        with allure.step(\"Enter valid data into required fields\"):\n            habit_basic_form = create_habit_page.basic_form\n            habit_basic_form.enter_title(\"Test title\")\n>           habit_basic_form.choose_tags([\"testing\"])\n\ntests/ui/habit_form_tests/test_successful_habit_creation.py:16: \n_ _ _ _ _ _ _ _ _ _ _ _ _ _ _ _ _ _ _ _ _ _ _ _ _ _ _ _ _ _ _ _ _ _ _ _ _ _ _ _ \ncomponents/habbit_components/habit_basic_info_form_component.py:80: in choose_tags\n    found_tags = self.resolve_list(\"tags\")\n_ _ _ _ _ _ _ _ _ _ _ _ _ _ _ _ _ _ _ _ _ _ _ _ _ _ _ _ _ _ _ _ _ _ _ _ _ _ _ _ \n\nself = <components.habbit_components.habit_basic_info_form_component.HabitBasicInfoFormComponent object at 0x7fd8774407d0>\nname = 'resolve_list'\n\n    def __getattr__(self, name: str) -> Any:\n        \"\"\"\n        Lazy loading mechanism. Invoked only when the requested attribute\n        does not exist in the instance's __dict__.\n        \"\"\"\n        if name in self._lazy_resolvers:\n            # Note: Caching with setattr is omitted to prevent StaleElementReferenceException\n            # in dynamic environments (Angular/React).\n            return self._lazy_resolvers[name]()\n    \n>       raise AttributeError(f\"'{type(self).__name__}' object has no attribute '{name}'\")\nE       AttributeError: 'HabitBasicInfoFormComponent' object has no attribute 'resolve_list'. Did you mean: '_resolve_list'?\n\nutils/page_factory.py:51: AttributeError","flaky":false,"newFailed":false,"newBroken":false,"newPassed":false,"retriesCount":0,"retriesStatusChange":false,"beforeStages":[{"name":"capture_logs_to_allure","time":{"start":1772304756251,"stop":1772304756252,"duration":1},"status":"passed","steps":[],"attachments":[],"parameters":[],"stepsCount":0,"shouldDisplayMessage":false,"attachmentsCount":0,"hasContent":false,"attachmentStep":false},{"name":"driver","time":{"start":1772304756252,"stop":1772304757590,"duration":1338},"status":"passed","steps":[],"attachments":[],"parameters":[],"stepsCount":0,"shouldDisplayMessage":false,"attachmentsCount":0,"hasContent":false,"attachmentStep":false},{"name":"driver_with_login","time":{"start":1772304757590,"stop":1772304761518,"duration":3928},"status":"passed","steps":[{"name":"Logging in the user with email: greencitytest69@hotmail.com","time":{"start":1772304757590,"stop":1772304761518,"duration":3928},"status":"passed","steps":[{"name":"Clicking signin button in the header","time":{"start":1772304757730,"stop":1772304760395,"duration":2665},"status":"passed","steps":[],"attachments":[],"parameters":[],"stepsCount":0,"shouldDisplayMessage":false,"attachmentsCount":0,"hasContent":false,"attachmentStep":false},{"name":"Sign in","time":{"start":1772304760395,"stop":1772304761171,"duration":776},"status":"passed","steps":[],"attachments":[],"parameters":[{"name":"email","value":"'greencitytest69@hotmail.com'"},{"name":"password","value":"'asweQA5346!)'"}],"stepsCount":0,"shouldDisplayMessage":false,"attachmentsCount":0,"hasContent":true,"attachmentStep":false}],"attachments":[],"parameters":[],"stepsCount":2,"shouldDisplayMessage":false,"attachmentsCount":0,"hasContent":true,"attachmentStep":false}],"attachments":[],"parameters":[],"stepsCount":3,"shouldDisplayMessage":false,"attachmentsCount":0,"hasContent":true,"attachmentStep":false},{"name":"create_habit_page_context","time":{"start":1772304761518,"stop":1772304761801,"duration":283},"status":"passed","steps":[{"name":"Go to Create Habit page","time":{"start":1772304761518,"stop":1772304761800,"duration":282},"status":"passed","steps":[{"name":"Clicking Add New Habit button on the My Habit page","time":{"start":1772304761518,"stop":1772304761677,"duration":159},"status":"passed","steps":[],"attachments":[],"parameters":[],"stepsCount":0,"shouldDisplayMessage":false,"attachmentsCount":0,"hasContent":false,"attachmentStep":false},{"name":"Clicking Create Habit button on the All Habits page","time":{"start":1772304761687,"stop":1772304761800,"duration":113},"status":"passed","steps":[],"attachments":[],"parameters":[],"stepsCount":0,"shouldDisplayMessage":false,"attachmentsCount":0,"hasContent":false,"attachmentStep":false}],"attachments":[],"parameters":[],"stepsCount":2,"shouldDisplayMessage":false,"attachmentsCount":0,"hasContent":true,"attachmentStep":false}],"attachments":[],"parameters":[],"stepsCount":3,"shouldDisplayMessage":false,"attachmentsCount":0,"hasContent":true,"attachmentStep":false},{"name":"driver_delete_habit_after","time":{"start":1772304761801,"stop":1772304761801,"duration":0},"status":"passed","steps":[],"attachments":[],"parameters":[],"stepsCount":0,"shouldDisplayMessage":false,"attachmentsCount":0,"hasContent":false,"attachmentStep":false}],"testStage":{"description":"Check that user is able to create a new habit card by\n    filling in all required fields on the Create habit page.","status":"broken","statusMessage":"AttributeError: 'HabitBasicInfoFormComponent' object has no attribute 'resolve_list'. Did you mean: '_resolve_list'?","statusTrace":"driver_delete_habit_after = namespace(driver=<selenium.webdriver.chrome.webdriver.WebDriver (session=\"1441c8228cb173c1f28a90717cfb8b83\")>, create_...e object at 0x7fd87743c350>, all_habits_page=<pages.habit_pages.all_habits_page.AllHabitPage object at 0x7fd87743f0b0>)\n\n    @allure.title(\"Test for successful habit creation\")\n    def test_successful_habit_creation(driver_delete_habit_after):\n        \"\"\"Check that user is able to create a new habit card by\n        filling in all required fields on the Create habit page.\"\"\"\n    \n        with allure.step(\"Go to all habits page\"):\n            create_habit_page = driver_delete_habit_after.create_page\n            all_habits_page = driver_delete_habit_after.all_habits_page\n    \n        with allure.step(\"Enter valid data into required fields\"):\n            habit_basic_form = create_habit_page.basic_form\n            habit_basic_form.enter_title(\"Test title\")\n>           habit_basic_form.choose_tags([\"testing\"])\n\ntests/ui/habit_form_tests/test_successful_habit_creation.py:16: \n_ _ _ _ _ _ _ _ _ _ _ _ _ _ _ _ _ _ _ _ _ _ _ _ _ _ _ _ _ _ _ _ _ _ _ _ _ _ _ _ \ncomponents/habbit_components/habit_basic_info_form_component.py:80: in choose_tags\n    found_tags = self.resolve_list(\"tags\")\n_ _ _ _ _ _ _ _ _ _ _ _ _ _ _ _ _ _ _ _ _ _ _ _ _ _ _ _ _ _ _ _ _ _ _ _ _ _ _ _ \n\nself = <components.habbit_components.habit_basic_info_form_component.HabitBasicInfoFormComponent object at 0x7fd8774407d0>\nname = 'resolve_list'\n\n    def __getattr__(self, name: str) -> Any:\n        \"\"\"\n        Lazy loading mechanism. Invoked only when the requested attribute\n        does not exist in the instance's __dict__.\n        \"\"\"\n        if name in self._lazy_resolvers:\n            # Note: Caching with setattr is omitted to prevent StaleElementReferenceException\n            # in dynamic environments (Angular/React).\n            return self._lazy_resolvers[name]()\n    \n>       raise AttributeError(f\"'{type(self).__name__}' object has no attribute '{name}'\")\nE       AttributeError: 'HabitBasicInfoFormComponent' object has no attribute 'resolve_list'. Did you mean: '_resolve_list'?\n\nutils/page_factory.py:51: AttributeError","steps":[{"name":"Go to all habits page","time":{"start":1772304761802,"stop":1772304761802,"duration":0},"status":"passed","steps":[],"attachments":[],"parameters":[],"stepsCount":0,"shouldDisplayMessage":false,"attachmentsCount":0,"hasContent":false,"attachmentStep":false},{"name":"Enter valid data into required fields","time":{"start":1772304761802,"stop":1772304761944,"duration":142},"status":"broken","statusMessage":"AttributeError: 'HabitBasicInfoFormComponent' object has no attribute 'resolve_list'. Did you mean: '_resolve_list'?\n","statusTrace":"  File \"/home/runner/work/greencity5307/greencity5307/tests/ui/habit_form_tests/test_successful_habit_creation.py\", line 16, in test_successful_habit_creation\n    habit_basic_form.choose_tags([\"testing\"])\n  File \"/opt/hostedtoolcache/Python/3.12.12/x64/lib/python3.12/site-packages/allure_commons/_allure.py\", line 202, in impl\n    return func(*a, **kw)\n           ^^^^^^^^^^^^^^\n  File \"/home/runner/work/greencity5307/greencity5307/components/habbit_components/habit_basic_info_form_component.py\", line 80, in choose_tags\n    found_tags = self.resolve_list(\"tags\")\n                 ^^^^^^^^^^^^^^^^^\n  File \"/home/runner/work/greencity5307/greencity5307/utils/page_factory.py\", line 51, in __getattr__\n    raise AttributeError(f\"'{type(self).__name__}' object has no attribute '{name}'\")\n","steps":[{"name":"Enter text into title field on Create Habit form","time":{"start":1772304761821,"stop":1772304761942,"duration":121},"status":"passed","steps":[],"attachments":[],"parameters":[{"name":"text","value":"'Test title'"}],"stepsCount":0,"shouldDisplayMessage":false,"attachmentsCount":0,"hasContent":true,"attachmentStep":false},{"name":"Choose tags for habit on Create Habit form","time":{"start":1772304761942,"stop":1772304761942,"duration":0},"status":"broken","statusMessage":"AttributeError: 'HabitBasicInfoFormComponent' object has no attribute 'resolve_list'. Did you mean: '_resolve_list'?\n","statusTrace":"  File \"/opt/hostedtoolcache/Python/3.12.12/x64/lib/python3.12/site-packages/allure_commons/_allure.py\", line 202, in impl\n    return func(*a, **kw)\n           ^^^^^^^^^^^^^^\n  File \"/home/runner/work/greencity5307/greencity5307/components/habbit_components/habit_basic_info_form_component.py\", line 80, in choose_tags\n    found_tags = self.resolve_list(\"tags\")\n                 ^^^^^^^^^^^^^^^^^\n  File \"/home/runner/work/greencity5307/greencity5307/utils/page_factory.py\", line 51, in __getattr__\n    raise AttributeError(f\"'{type(self).__name__}' object has no attribute '{name}'\")\n","steps":[],"attachments":[],"parameters":[{"name":"chosen_tags","value":"['testing']"}],"stepsCount":0,"shouldDisplayMessage":true,"attachmentsCount":0,"hasContent":true,"attachmentStep":false}],"attachments":[],"parameters":[],"stepsCount":2,"shouldDisplayMessage":false,"attachmentsCount":0,"hasContent":true,"attachmentStep":false}],"attachments":[{"uid":"592bb635ba1f2f32","name":"failed_test_successful_habit_creation[chrome]_2026-02-28_18-52-41","source":"592bb635ba1f2f32.png","type":"image/png","size":120819}],"parameters":[],"stepsCount":4,"shouldDisplayMessage":true,"attachmentsCount":1,"hasContent":true,"attachmentStep":false},"afterStages":[{"name":"driver_delete_habit_after::0","time":{"start":1772304762074,"stop":1772304772108,"duration":10034},"status":"broken","statusMessage":"selenium.common.exceptions.TimeoutException: Message: \n\n","statusTrace":"  File \"/opt/hostedtoolcache/Python/3.12.12/x64/lib/python3.12/site-packages/allure_commons/_allure.py\", line 231, in __call__\n    return self._fixture_function(*args, **kwargs)\n           ^^^^^^^^^^^^^^^^^^^^^^^^^^^^^^^^^^^^^^^\n  File \"/opt/hostedtoolcache/Python/3.12.12/x64/lib/python3.12/site-packages/_pytest/fixtures.py\", line 893, in _teardown_yield_fixture\n    next(it)\n  File \"/home/runner/work/greencity5307/greencity5307/tests/ui/habit_form_tests/conftest.py\", line 31, in driver_delete_habit_after\n    habit_cards = all_habits_page.get_all_habit_cards()\n                  ^^^^^^^^^^^^^^^^^^^^^^^^^^^^^^^^^^^^^\n  File \"/opt/hostedtoolcache/Python/3.12.12/x64/lib/python3.12/site-packages/allure_commons/_allure.py\", line 202, in impl\n    return func(*a, **kw)\n           ^^^^^^^^^^^^^^\n  File \"/home/runner/work/greencity5307/greencity5307/pages/habit_pages/all_habits_page.py\", line 71, in get_all_habit_cards\n    self.get_wait().until(\n  File \"/opt/hostedtoolcache/Python/3.12.12/x64/lib/python3.12/site-packages/selenium/webdriver/support/wait.py\", line 121, in until\n    raise TimeoutException(message, screen, stacktrace)\n","steps":[{"name":"Deleting the created habit","time":{"start":1772304762074,"stop":1772304772108,"duration":10034},"status":"broken","statusMessage":"selenium.common.exceptions.TimeoutException: Message: \n\n","statusTrace":"  File \"/home/runner/work/greencity5307/greencity5307/tests/ui/habit_form_tests/conftest.py\", line 31, in driver_delete_habit_after\n    habit_cards = all_habits_page.get_all_habit_cards()\n                  ^^^^^^^^^^^^^^^^^^^^^^^^^^^^^^^^^^^^^\n  File \"/opt/hostedtoolcache/Python/3.12.12/x64/lib/python3.12/site-packages/allure_commons/_allure.py\", line 202, in impl\n    return func(*a, **kw)\n           ^^^^^^^^^^^^^^\n  File \"/home/runner/work/greencity5307/greencity5307/pages/habit_pages/all_habits_page.py\", line 71, in get_all_habit_cards\n    self.get_wait().until(\n  File \"/opt/hostedtoolcache/Python/3.12.12/x64/lib/python3.12/site-packages/selenium/webdriver/support/wait.py\", line 121, in until\n    raise TimeoutException(message, screen, stacktrace)\n","steps":[{"name":"Get all habit cards on All Habits page","time":{"start":1772304762074,"stop":1772304772107,"duration":10033},"status":"broken","statusMessage":"selenium.common.exceptions.TimeoutException: Message: \n\n","statusTrace":"  File \"/opt/hostedtoolcache/Python/3.12.12/x64/lib/python3.12/site-packages/allure_commons/_allure.py\", line 202, in impl\n    return func(*a, **kw)\n           ^^^^^^^^^^^^^^\n  File \"/home/runner/work/greencity5307/greencity5307/pages/habit_pages/all_habits_page.py\", line 71, in get_all_habit_cards\n    self.get_wait().until(\n  File \"/opt/hostedtoolcache/Python/3.12.12/x64/lib/python3.12/site-packages/selenium/webdriver/support/wait.py\", line 121, in until\n    raise TimeoutException(message, screen, stacktrace)\n","steps":[],"attachments":[],"parameters":[],"stepsCount":0,"shouldDisplayMessage":true,"attachmentsCount":0,"hasContent":true,"attachmentStep":false}],"attachments":[],"parameters":[],"stepsCount":1,"shouldDisplayMessage":false,"attachmentsCount":0,"hasContent":true,"attachmentStep":false}],"attachments":[],"parameters":[],"stepsCount":2,"shouldDisplayMessage":false,"attachmentsCount":0,"hasContent":true,"attachmentStep":false},{"name":"driver::0","time":{"start":1772304772109,"stop":1772304772213,"duration":104},"status":"passed","steps":[],"attachments":[],"parameters":[],"stepsCount":0,"shouldDisplayMessage":false,"attachmentsCount":0,"hasContent":false,"attachmentStep":false},{"name":"driver_with_login::0","time":{"start":1772304772109,"stop":1772304772109,"duration":0},"status":"passed","steps":[],"attachments":[],"parameters":[],"stepsCount":0,"shouldDisplayMessage":false,"attachmentsCount":0,"hasContent":false,"attachmentStep":false},{"name":"capture_logs_to_allure::0","time":{"start":1772304772213,"stop":1772304772213,"duration":0},"status":"passed","steps":[],"attachments":[],"parameters":[],"stepsCount":0,"shouldDisplayMessage":false,"attachmentsCount":0,"hasContent":false,"attachmentStep":false}],"labels":[{"name":"parentSuite","value":"tests.ui.habit_form_tests"},{"name":"suite","value":"test_successful_habit_creation"},{"name":"host","value":"runnervmnay03"},{"name":"thread","value":"2690-MainThread"},{"name":"framework","value":"pytest"},{"name":"language","value":"cpython3"},{"name":"package","value":"tests.ui.habit_form_tests.test_successful_habit_creation"},{"name":"resultFormat","value":"allure2"}],"parameters":[{"name":"browser","value":"'chrome'"},{"name":"driver","value":"'chrome'"}],"links":[],"hidden":false,"retry":false,"extra":{"severity":"normal","retries":[],"categories":[{"name":"Test defects","matchedStatuses":[],"flaky":false}],"history":{"statistic":{"failed":0,"broken":2,"skipped":0,"passed":0,"unknown":0,"total":2},"items":[{"uid":"5e134fabd0f3a4e1","reportUrl":"https://UA-5307-TAQC.github.io/greencity5307/pr-127/289/#testresult/5e134fabd0f3a4e1","status":"broken","statusDetails":"AttributeError: 'HabitBasicInfoFormComponent' object has no attribute 'resolve_list'. Did you mean: '_resolve_list'?","time":{"start":1772300911492,"stop":1772300911622,"duration":130}}]},"tags":[]},"source":"ad81e111a1a4d59e.json","parameterValues":["'chrome'","'chrome'"]}