{"uid":"422df1bca2ed3e79","name":"Test for successful habit creation","fullName":"tests.ui.habit_form_tests.test_successful_habit_creation#test_successful_habit_creation","historyId":"d2d398044bc133874756242d8abcf99f","time":{"start":1772379430677,"stop":1772379430814,"duration":137},"description":"Check that user is able to create a new habit card by\n    filling in all required fields on the Create habit page.","descriptionHtml":"<p>Check that user is able to create a new habit card by<br />\nfilling in all required fields on the Create habit page.</p>\n","status":"broken","statusMessage":"AttributeError: 'HabitBasicInfoFormComponent' object has no attribute 'resolve_list'. Did you mean: '_resolve_list'?","statusTrace":"driver_delete_habit_after = namespace(driver=<selenium.webdriver.chrome.webdriver.WebDriver (session=\"ad088348f58c5e9eed4e806da0ce9e8e\")>, create_...e object at 0x7fa73f950500>, all_habits_page=<pages.habit_pages.all_habits_page.AllHabitPage object at 0x7fa73f941a90>)\n\n    @allure.title(\"Test for successful habit creation\")\n    def test_successful_habit_creation(driver_delete_habit_after):\n        \"\"\"Check that user is able to create a new habit card by\n        filling in all required fields on the Create habit page.\"\"\"\n    \n        with allure.step(\"Go to all habits page\"):\n            create_habit_page = driver_delete_habit_after.create_page\n            all_habits_page = driver_delete_habit_after.all_habits_page\n    \n        with allure.step(\"Enter valid data into required fields\"):\n            habit_basic_form = create_habit_page.basic_form\n            habit_basic_form.enter_title(\"Test title\")\n>           habit_basic_form.choose_tags([\"testing\"])\n\ntests/ui/habit_form_tests/test_successful_habit_creation.py:16: \n_ _ _ _ _ _ _ _ _ _ _ _ _ _ _ _ _ _ _ _ _ _ _ _ _ _ _ _ _ _ _ _ _ _ _ _ _ _ _ _ \ncomponents/habbit_components/habit_basic_info_form_component.py:80: in choose_tags\n    found_tags = self.resolve_list(\"tags\")\n_ _ _ _ _ _ _ _ _ _ _ _ _ _ _ _ _ _ _ _ _ _ _ _ _ _ _ _ _ _ _ _ _ _ _ _ _ _ _ _ \n\nself = <components.habbit_components.habit_basic_info_form_component.HabitBasicInfoFormComponent object at 0x7fa73f953a40>\nname = 'resolve_list'\n\n    def __getattr__(self, name: str) -> Any:\n        \"\"\"\n        Lazy loading mechanism. Invoked only when the requested attribute\n        does not exist in the instance's __dict__.\n        \"\"\"\n        if name in self._lazy_resolvers:\n            # Note: Caching with setattr is omitted to prevent StaleElementReferenceException\n            # in dynamic environments (Angular/React).\n            return self._lazy_resolvers[name]()\n    \n>       raise AttributeError(f\"'{type(self).__name__}' object has no attribute '{name}'\")\nE       AttributeError: 'HabitBasicInfoFormComponent' object has no attribute 'resolve_list'. Did you mean: '_resolve_list'?\n\nutils/page_factory.py:51: AttributeError","flaky":false,"newFailed":false,"newBroken":false,"newPassed":false,"retriesCount":0,"retriesStatusChange":false,"beforeStages":[{"name":"driver","time":{"start":1772379426616,"stop":1772379428976,"duration":2360},"status":"passed","steps":[],"attachments":[],"parameters":[],"stepsCount":0,"shouldDisplayMessage":false,"attachmentsCount":0,"hasContent":false,"attachmentStep":false},{"name":"capture_logs_to_allure","time":{"start":1772379426616,"stop":1772379426616,"duration":0},"status":"passed","steps":[],"attachments":[],"parameters":[],"stepsCount":0,"shouldDisplayMessage":false,"attachmentsCount":0,"hasContent":false,"attachmentStep":false},{"name":"driver_with_login","time":{"start":1772379428976,"stop":1772379430412,"duration":1436},"status":"passed","steps":[{"name":"Logging in the user with email: greencitytest69@hotmail.com","time":{"start":1772379428976,"stop":1772379430412,"duration":1436},"status":"passed","steps":[{"name":"Clicking signin button in the header","time":{"start":1772379428986,"stop":1772379429614,"duration":628},"status":"passed","steps":[],"attachments":[],"parameters":[],"stepsCount":0,"shouldDisplayMessage":false,"attachmentsCount":0,"hasContent":false,"attachmentStep":false},{"name":"Sign in","time":{"start":1772379429615,"stop":1772379430392,"duration":777},"status":"passed","steps":[],"attachments":[],"parameters":[{"name":"email","value":"'greencitytest69@hotmail.com'"},{"name":"password","value":"'asweQA5346!)'"}],"stepsCount":0,"shouldDisplayMessage":false,"attachmentsCount":0,"hasContent":true,"attachmentStep":false}],"attachments":[],"parameters":[],"stepsCount":2,"shouldDisplayMessage":false,"attachmentsCount":0,"hasContent":true,"attachmentStep":false}],"attachments":[],"parameters":[],"stepsCount":3,"shouldDisplayMessage":false,"attachmentsCount":0,"hasContent":true,"attachmentStep":false},{"name":"create_habit_page_context","time":{"start":1772379430412,"stop":1772379430676,"duration":264},"status":"passed","steps":[{"name":"Go to Create Habit page","time":{"start":1772379430412,"stop":1772379430676,"duration":264},"status":"passed","steps":[{"name":"Clicking Add New Habit button on the My Habit page","time":{"start":1772379430412,"stop":1772379430550,"duration":138},"status":"passed","steps":[],"attachments":[],"parameters":[],"stepsCount":0,"shouldDisplayMessage":false,"attachmentsCount":0,"hasContent":false,"attachmentStep":false},{"name":"Clicking Create Habit button on the All Habits page","time":{"start":1772379430558,"stop":1772379430676,"duration":118},"status":"passed","steps":[],"attachments":[],"parameters":[],"stepsCount":0,"shouldDisplayMessage":false,"attachmentsCount":0,"hasContent":false,"attachmentStep":false}],"attachments":[],"parameters":[],"stepsCount":2,"shouldDisplayMessage":false,"attachmentsCount":0,"hasContent":true,"attachmentStep":false}],"attachments":[],"parameters":[],"stepsCount":3,"shouldDisplayMessage":false,"attachmentsCount":0,"hasContent":true,"attachmentStep":false},{"name":"driver_delete_habit_after","time":{"start":1772379430676,"stop":1772379430676,"duration":0},"status":"passed","steps":[],"attachments":[],"parameters":[],"stepsCount":0,"shouldDisplayMessage":false,"attachmentsCount":0,"hasContent":false,"attachmentStep":false}],"testStage":{"description":"Check that user is able to create a new habit card by\n    filling in all required fields on the Create habit page.","status":"broken","statusMessage":"AttributeError: 'HabitBasicInfoFormComponent' object has no attribute 'resolve_list'. Did you mean: '_resolve_list'?","statusTrace":"driver_delete_habit_after = namespace(driver=<selenium.webdriver.chrome.webdriver.WebDriver (session=\"ad088348f58c5e9eed4e806da0ce9e8e\")>, create_...e object at 0x7fa73f950500>, all_habits_page=<pages.habit_pages.all_habits_page.AllHabitPage object at 0x7fa73f941a90>)\n\n    @allure.title(\"Test for successful habit creation\")\n    def test_successful_habit_creation(driver_delete_habit_after):\n        \"\"\"Check that user is able to create a new habit card by\n        filling in all required fields on the Create habit page.\"\"\"\n    \n        with allure.step(\"Go to all habits page\"):\n            create_habit_page = driver_delete_habit_after.create_page\n            all_habits_page = driver_delete_habit_after.all_habits_page\n    \n        with allure.step(\"Enter valid data into required fields\"):\n            habit_basic_form = create_habit_page.basic_form\n            habit_basic_form.enter_title(\"Test title\")\n>           habit_basic_form.choose_tags([\"testing\"])\n\ntests/ui/habit_form_tests/test_successful_habit_creation.py:16: \n_ _ _ _ _ _ _ _ _ _ _ _ _ _ _ _ _ _ _ _ _ _ _ _ _ _ _ _ _ _ _ _ _ _ _ _ _ _ _ _ \ncomponents/habbit_components/habit_basic_info_form_component.py:80: in choose_tags\n    found_tags = self.resolve_list(\"tags\")\n_ _ _ _ _ _ _ _ _ _ _ _ _ _ _ _ _ _ _ _ _ _ _ _ _ _ _ _ _ _ _ _ _ _ _ _ _ _ _ _ \n\nself = <components.habbit_components.habit_basic_info_form_component.HabitBasicInfoFormComponent object at 0x7fa73f953a40>\nname = 'resolve_list'\n\n    def __getattr__(self, name: str) -> Any:\n        \"\"\"\n        Lazy loading mechanism. Invoked only when the requested attribute\n        does not exist in the instance's __dict__.\n        \"\"\"\n        if name in self._lazy_resolvers:\n            # Note: Caching with setattr is omitted to prevent StaleElementReferenceException\n            # in dynamic environments (Angular/React).\n            return self._lazy_resolvers[name]()\n    \n>       raise AttributeError(f\"'{type(self).__name__}' object has no attribute '{name}'\")\nE       AttributeError: 'HabitBasicInfoFormComponent' object has no attribute 'resolve_list'. Did you mean: '_resolve_list'?\n\nutils/page_factory.py:51: AttributeError","steps":[{"name":"Go to all habits page","time":{"start":1772379430677,"stop":1772379430677,"duration":0},"status":"passed","steps":[],"attachments":[],"parameters":[],"stepsCount":0,"shouldDisplayMessage":false,"attachmentsCount":0,"hasContent":false,"attachmentStep":false},{"name":"Enter valid data into required fields","time":{"start":1772379430677,"stop":1772379430812,"duration":135},"status":"broken","statusMessage":"AttributeError: 'HabitBasicInfoFormComponent' object has no attribute 'resolve_list'. Did you mean: '_resolve_list'?\n","statusTrace":"  File \"/home/runner/work/greencity5307/greencity5307/tests/ui/habit_form_tests/test_successful_habit_creation.py\", line 16, in test_successful_habit_creation\n    habit_basic_form.choose_tags([\"testing\"])\n  File \"/opt/hostedtoolcache/Python/3.12.12/x64/lib/python3.12/site-packages/allure_commons/_allure.py\", line 202, in impl\n    return func(*a, **kw)\n           ^^^^^^^^^^^^^^\n  File \"/home/runner/work/greencity5307/greencity5307/components/habbit_components/habit_basic_info_form_component.py\", line 80, in choose_tags\n    found_tags = self.resolve_list(\"tags\")\n                 ^^^^^^^^^^^^^^^^^\n  File \"/home/runner/work/greencity5307/greencity5307/utils/page_factory.py\", line 51, in __getattr__\n    raise AttributeError(f\"'{type(self).__name__}' object has no attribute '{name}'\")\n","steps":[{"name":"Enter text into title field on Create Habit form","time":{"start":1772379430739,"stop":1772379430809,"duration":70},"status":"passed","steps":[],"attachments":[],"parameters":[{"name":"text","value":"'Test title'"}],"stepsCount":0,"shouldDisplayMessage":false,"attachmentsCount":0,"hasContent":true,"attachmentStep":false},{"name":"Choose tags for habit on Create Habit form","time":{"start":1772379430809,"stop":1772379430809,"duration":0},"status":"broken","statusMessage":"AttributeError: 'HabitBasicInfoFormComponent' object has no attribute 'resolve_list'. Did you mean: '_resolve_list'?\n","statusTrace":"  File \"/opt/hostedtoolcache/Python/3.12.12/x64/lib/python3.12/site-packages/allure_commons/_allure.py\", line 202, in impl\n    return func(*a, **kw)\n           ^^^^^^^^^^^^^^\n  File \"/home/runner/work/greencity5307/greencity5307/components/habbit_components/habit_basic_info_form_component.py\", line 80, in choose_tags\n    found_tags = self.resolve_list(\"tags\")\n                 ^^^^^^^^^^^^^^^^^\n  File \"/home/runner/work/greencity5307/greencity5307/utils/page_factory.py\", line 51, in __getattr__\n    raise AttributeError(f\"'{type(self).__name__}' object has no attribute '{name}'\")\n","steps":[],"attachments":[],"parameters":[{"name":"chosen_tags","value":"['testing']"}],"stepsCount":0,"shouldDisplayMessage":true,"attachmentsCount":0,"hasContent":true,"attachmentStep":false}],"attachments":[],"parameters":[],"stepsCount":2,"shouldDisplayMessage":false,"attachmentsCount":0,"hasContent":true,"attachmentStep":false}],"attachments":[{"uid":"ea0415215254bc7a","name":"failed_test_successful_habit_creation[chrome]_2026-03-01_15-37-10","source":"ea0415215254bc7a.png","type":"image/png","size":120473}],"parameters":[],"stepsCount":4,"shouldDisplayMessage":true,"attachmentsCount":1,"hasContent":true,"attachmentStep":false},"afterStages":[{"name":"driver_delete_habit_after::0","time":{"start":1772379430905,"stop":1772379440938,"duration":10033},"status":"broken","statusMessage":"selenium.common.exceptions.TimeoutException: Message: \n\n","statusTrace":"  File \"/opt/hostedtoolcache/Python/3.12.12/x64/lib/python3.12/site-packages/allure_commons/_allure.py\", line 231, in __call__\n    return self._fixture_function(*args, **kwargs)\n           ^^^^^^^^^^^^^^^^^^^^^^^^^^^^^^^^^^^^^^^\n  File \"/opt/hostedtoolcache/Python/3.12.12/x64/lib/python3.12/site-packages/_pytest/fixtures.py\", line 893, in _teardown_yield_fixture\n    next(it)\n  File \"/home/runner/work/greencity5307/greencity5307/tests/ui/habit_form_tests/conftest.py\", line 31, in driver_delete_habit_after\n    habit_cards = all_habits_page.get_all_habit_cards()\n                  ^^^^^^^^^^^^^^^^^^^^^^^^^^^^^^^^^^^^^\n  File \"/opt/hostedtoolcache/Python/3.12.12/x64/lib/python3.12/site-packages/allure_commons/_allure.py\", line 202, in impl\n    return func(*a, **kw)\n           ^^^^^^^^^^^^^^\n  File \"/home/runner/work/greencity5307/greencity5307/pages/habit_pages/all_habits_page.py\", line 71, in get_all_habit_cards\n    self.get_wait().until(\n  File \"/opt/hostedtoolcache/Python/3.12.12/x64/lib/python3.12/site-packages/selenium/webdriver/support/wait.py\", line 121, in until\n    raise TimeoutException(message, screen, stacktrace)\n","steps":[{"name":"Deleting the created habit","time":{"start":1772379430905,"stop":1772379440937,"duration":10032},"status":"broken","statusMessage":"selenium.common.exceptions.TimeoutException: Message: \n\n","statusTrace":"  File \"/home/runner/work/greencity5307/greencity5307/tests/ui/habit_form_tests/conftest.py\", line 31, in driver_delete_habit_after\n    habit_cards = all_habits_page.get_all_habit_cards()\n                  ^^^^^^^^^^^^^^^^^^^^^^^^^^^^^^^^^^^^^\n  File \"/opt/hostedtoolcache/Python/3.12.12/x64/lib/python3.12/site-packages/allure_commons/_allure.py\", line 202, in impl\n    return func(*a, **kw)\n           ^^^^^^^^^^^^^^\n  File \"/home/runner/work/greencity5307/greencity5307/pages/habit_pages/all_habits_page.py\", line 71, in get_all_habit_cards\n    self.get_wait().until(\n  File \"/opt/hostedtoolcache/Python/3.12.12/x64/lib/python3.12/site-packages/selenium/webdriver/support/wait.py\", line 121, in until\n    raise TimeoutException(message, screen, stacktrace)\n","steps":[{"name":"Get all habit cards on All Habits page","time":{"start":1772379430905,"stop":1772379440937,"duration":10032},"status":"broken","statusMessage":"selenium.common.exceptions.TimeoutException: Message: \n\n","statusTrace":"  File \"/opt/hostedtoolcache/Python/3.12.12/x64/lib/python3.12/site-packages/allure_commons/_allure.py\", line 202, in impl\n    return func(*a, **kw)\n           ^^^^^^^^^^^^^^\n  File \"/home/runner/work/greencity5307/greencity5307/pages/habit_pages/all_habits_page.py\", line 71, in get_all_habit_cards\n    self.get_wait().until(\n  File \"/opt/hostedtoolcache/Python/3.12.12/x64/lib/python3.12/site-packages/selenium/webdriver/support/wait.py\", line 121, in until\n    raise TimeoutException(message, screen, stacktrace)\n","steps":[],"attachments":[],"parameters":[],"stepsCount":0,"shouldDisplayMessage":true,"attachmentsCount":0,"hasContent":true,"attachmentStep":false}],"attachments":[],"parameters":[],"stepsCount":1,"shouldDisplayMessage":false,"attachmentsCount":0,"hasContent":true,"attachmentStep":false}],"attachments":[],"parameters":[],"stepsCount":2,"shouldDisplayMessage":false,"attachmentsCount":0,"hasContent":true,"attachmentStep":false},{"name":"driver_with_login::0","time":{"start":1772379440938,"stop":1772379440938,"duration":0},"status":"passed","steps":[],"attachments":[],"parameters":[],"stepsCount":0,"shouldDisplayMessage":false,"attachmentsCount":0,"hasContent":false,"attachmentStep":false},{"name":"driver::0","time":{"start":1772379440939,"stop":1772379441028,"duration":89},"status":"passed","steps":[],"attachments":[],"parameters":[],"stepsCount":0,"shouldDisplayMessage":false,"attachmentsCount":0,"hasContent":false,"attachmentStep":false},{"name":"capture_logs_to_allure::0","time":{"start":1772379441029,"stop":1772379441029,"duration":0},"status":"passed","steps":[],"attachments":[],"parameters":[],"stepsCount":0,"shouldDisplayMessage":false,"attachmentsCount":0,"hasContent":false,"attachmentStep":false}],"labels":[{"name":"parentSuite","value":"tests.ui.habit_form_tests"},{"name":"suite","value":"test_successful_habit_creation"},{"name":"host","value":"runnervmnay03"},{"name":"thread","value":"2631-MainThread"},{"name":"framework","value":"pytest"},{"name":"language","value":"cpython3"},{"name":"package","value":"tests.ui.habit_form_tests.test_successful_habit_creation"},{"name":"resultFormat","value":"allure2"}],"parameters":[{"name":"browser","value":"'chrome'"},{"name":"driver","value":"'chrome'"}],"links":[],"hidden":false,"retry":false,"extra":{"severity":"normal","retries":[],"categories":[{"name":"Test defects","matchedStatuses":[],"flaky":false}],"tags":[]},"source":"422df1bca2ed3e79.json","parameterValues":["'chrome'","'chrome'"]}