{"uid":"e16806c008dc623","name":"Test like one news on one news page","fullName":"tests.ui.news_pages_tests.test_one_news_page_like_one_news#test_one_news_page_like_one_news","historyId":"0107243d16876e540bb8fdd82d00de54","time":{"start":1772107676495,"stop":1772107676506,"duration":11},"description":"Test like one news page like one news","descriptionHtml":"<p>Test like one news page like one news</p>\n","status":"broken","statusMessage":"TypeError: BaseComponent.__init__() got multiple values for argument 'root'","statusTrace":"driver = <selenium.webdriver.chrome.webdriver.WebDriver (session=\"8d75b1eaea70844678789c8ec95fa699\")>\n\n    @allure.title(\"Test like one news on one news page\")\n    def test_one_news_page_like_one_news(driver: WebDriver):\n        \"\"\"Test like one news page like one news\"\"\"\n    \n        # open main page\n        main_page = MainPage(driver)\n        # sign in\n>       sign_in_modal: SignInComponent = main_page.header.click_sign_in_link()\n\ntests/ui/news_pages_tests/test_one_news_page_like_one_news.py:22: \n_ _ _ _ _ _ _ _ _ _ _ _ _ _ _ _ _ _ _ _ _ _ _ _ _ _ _ _ _ _ _ _ _ _ _ _ _ _ _ _ \nutils/page_factory.py:92: in __getattr__\n    return self._lazy_resolvers[name]()\nutils/page_factory.py:53: in <lambda>\n    lambda b=by, v=value, t=el_type: self._resolve_element(b, v, t)\n_ _ _ _ _ _ _ _ _ _ _ _ _ _ _ _ _ _ _ _ _ _ _ _ _ _ _ _ _ _ _ _ _ _ _ _ _ _ _ _ \n\nself = <pages.main_page.MainPage object at 0x7f60fe7223c0>, by = 'xpath'\nvalue = \"//header[@role='banner']\"\nelement_type = <class 'components.header_component.HeaderComponent'>\n\n    def _resolve_element(self, by: str, value: str, element_type: type[T]) -> T:\n        \"\"\"\n        Explicitly locates and instantiates a WebElement or a Component.\n        \"\"\"\n        try:\n            # Search is triggered ONLY at the moment of physical attribute access\n            web_element = self.root.find_element(by, value)\n        except NoSuchElementException as e:\n            raise NoSuchElementException(\n                f\"Lazy resolution failed: Element via '{by}'='{value}' not found.\"\n            ) from e\n    \n        # Local import to break circular dependency with BaseComponent\n        from components.base_component import BaseComponent # pylint: disable=C0415\n    \n        if issubclass(element_type, BaseComponent):\n>           return cast(T, element_type(self.driver, root=web_element))\nE           TypeError: BaseComponent.__init__() got multiple values for argument 'root'\n\nutils/page_factory.py:71: TypeError","flaky":true,"newFailed":false,"newBroken":true,"newPassed":false,"retriesCount":0,"retriesStatusChange":false,"beforeStages":[{"name":"driver","time":{"start":1772107673970,"stop":1772107676494,"duration":2524},"status":"passed","steps":[],"attachments":[],"parameters":[],"stepsCount":0,"shouldDisplayMessage":false,"attachmentsCount":0,"hasContent":false,"attachmentStep":false},{"name":"capture_logs_to_allure","time":{"start":1772107673970,"stop":1772107673970,"duration":0},"status":"passed","steps":[],"attachments":[],"parameters":[],"stepsCount":0,"shouldDisplayMessage":false,"attachmentsCount":0,"hasContent":false,"attachmentStep":false}],"testStage":{"description":"Test like one news page like one news","status":"broken","statusMessage":"TypeError: BaseComponent.__init__() got multiple values for argument 'root'","statusTrace":"driver = <selenium.webdriver.chrome.webdriver.WebDriver (session=\"8d75b1eaea70844678789c8ec95fa699\")>\n\n    @allure.title(\"Test like one news on one news page\")\n    def test_one_news_page_like_one_news(driver: WebDriver):\n        \"\"\"Test like one news page like one news\"\"\"\n    \n        # open main page\n        main_page = MainPage(driver)\n        # sign in\n>       sign_in_modal: SignInComponent = main_page.header.click_sign_in_link()\n\ntests/ui/news_pages_tests/test_one_news_page_like_one_news.py:22: \n_ _ _ _ _ _ _ _ _ _ _ _ _ _ _ _ _ _ _ _ _ _ _ _ _ _ _ _ _ _ _ _ _ _ _ _ _ _ _ _ \nutils/page_factory.py:92: in __getattr__\n    return self._lazy_resolvers[name]()\nutils/page_factory.py:53: in <lambda>\n    lambda b=by, v=value, t=el_type: self._resolve_element(b, v, t)\n_ _ _ _ _ _ _ _ _ _ _ _ _ _ _ _ _ _ _ _ _ _ _ _ _ _ _ _ _ _ _ _ _ _ _ _ _ _ _ _ \n\nself = <pages.main_page.MainPage object at 0x7f60fe7223c0>, by = 'xpath'\nvalue = \"//header[@role='banner']\"\nelement_type = <class 'components.header_component.HeaderComponent'>\n\n    def _resolve_element(self, by: str, value: str, element_type: type[T]) -> T:\n        \"\"\"\n        Explicitly locates and instantiates a WebElement or a Component.\n        \"\"\"\n        try:\n            # Search is triggered ONLY at the moment of physical attribute access\n            web_element = self.root.find_element(by, value)\n        except NoSuchElementException as e:\n            raise NoSuchElementException(\n                f\"Lazy resolution failed: Element via '{by}'='{value}' not found.\"\n            ) from e\n    \n        # Local import to break circular dependency with BaseComponent\n        from components.base_component import BaseComponent # pylint: disable=C0415\n    \n        if issubclass(element_type, BaseComponent):\n>           return cast(T, element_type(self.driver, root=web_element))\nE           TypeError: BaseComponent.__init__() got multiple values for argument 'root'\n\nutils/page_factory.py:71: TypeError","steps":[],"attachments":[{"uid":"6b27a8d2404a3ebc","name":"failed_test_one_news_page_like_one_news[chrome]_2026-02-26_12-07-56","source":"6b27a8d2404a3ebc.png","type":"image/png","size":178193}],"parameters":[],"stepsCount":0,"shouldDisplayMessage":true,"attachmentsCount":1,"hasContent":true,"attachmentStep":false},"afterStages":[{"name":"driver::0","time":{"start":1772107676632,"stop":1772107676721,"duration":89},"status":"passed","steps":[],"attachments":[],"parameters":[],"stepsCount":0,"shouldDisplayMessage":false,"attachmentsCount":0,"hasContent":false,"attachmentStep":false},{"name":"capture_logs_to_allure::0","time":{"start":1772107676721,"stop":1772107676721,"duration":0},"status":"passed","steps":[],"attachments":[],"parameters":[],"stepsCount":0,"shouldDisplayMessage":false,"attachmentsCount":0,"hasContent":false,"attachmentStep":false}],"labels":[{"name":"parentSuite","value":"tests.ui.news_pages_tests"},{"name":"suite","value":"test_one_news_page_like_one_news"},{"name":"host","value":"runnervmnay03"},{"name":"thread","value":"2674-MainThread"},{"name":"framework","value":"pytest"},{"name":"language","value":"cpython3"},{"name":"package","value":"tests.ui.news_pages_tests.test_one_news_page_like_one_news"},{"name":"resultFormat","value":"allure2"}],"parameters":[{"name":"browser","value":"'chrome'"},{"name":"driver","value":"'chrome'"}],"links":[],"hidden":false,"retry":false,"extra":{"severity":"normal","retries":[],"categories":[{"name":"Test defects","matchedStatuses":[],"flaky":false}],"history":{"statistic":{"failed":4,"broken":1,"skipped":0,"passed":4,"unknown":0,"total":9},"items":[{"uid":"b533c9f9e96048ea","reportUrl":"https://UA-5307-TAQC.github.io/greencity5307/main/234/#testresult/b533c9f9e96048ea","status":"failed","statusDetails":"AssertionError: assert 0 == (1 + 1)","time":{"start":1771935275847,"stop":1771935278913,"duration":3066}},{"uid":"1f285efdb2dd3853","reportUrl":"https://UA-5307-TAQC.github.io/greencity5307/main/232/#testresult/1f285efdb2dd3853","status":"failed","statusDetails":"AssertionError: assert 1 == (2 + 1)","time":{"start":1771934720213,"stop":1771934722926,"duration":2713}},{"uid":"c06d88bbf3bfb0b","reportUrl":"https://UA-5307-TAQC.github.io/greencity5307/main/228/#testresult/c06d88bbf3bfb0b","status":"passed","time":{"start":1771934151768,"stop":1771934155760,"duration":3992}},{"uid":"a8ca6912527ae18d","reportUrl":"https://UA-5307-TAQC.github.io/greencity5307/main/224/#testresult/a8ca6912527ae18d","status":"failed","statusDetails":"AssertionError: assert 0 == (1 + 1)","time":{"start":1771932539798,"stop":1771932544278,"duration":4480}},{"uid":"88d5b97aa97e46be","reportUrl":"https://UA-5307-TAQC.github.io/greencity5307/main/221/#testresult/88d5b97aa97e46be","status":"passed","time":{"start":1771931594740,"stop":1771931598258,"duration":3518}},{"uid":"f09c43c7ca10b231","reportUrl":"https://UA-5307-TAQC.github.io/greencity5307/main/196/#testresult/f09c43c7ca10b231","status":"passed","time":{"start":1771582492649,"stop":1771582498281,"duration":5632}},{"uid":"60affa7bca813e64","reportUrl":"https://UA-5307-TAQC.github.io/greencity5307/main/188/#testresult/60affa7bca813e64","status":"passed","time":{"start":1771516377904,"stop":1771516380780,"duration":2876}},{"uid":"c9cff48fb4370128","reportUrl":"https://UA-5307-TAQC.github.io/greencity5307/main/185/#testresult/c9cff48fb4370128","status":"failed","statusDetails":"AssertionError: assert 0 == (1 + 1)","time":{"start":1771515353322,"stop":1771515356148,"duration":2826}}]},"tags":[]},"source":"e16806c008dc623.json","parameterValues":["'chrome'","'chrome'"]}