{"uid":"29c93f801dafe6e","name":"test_fill_in_form[chrome]","fullName":"tests.test_createupdateeconewspage.TestCreateUpdateEcoNewsPage#test_fill_in_form","historyId":"1ce390a09dda8cf481fd86dd637ed2b2","time":{"start":1771273356531,"stop":1771273366591,"duration":10060},"description":"Fill in the form with valid data.","descriptionHtml":"<p>Fill in the form with valid data.</p>\n","status":"broken","statusMessage":"selenium.common.exceptions.TimeoutException: Message: \nStacktrace:\n#0 0x562a5a1d9a4a <unknown>\n#1 0x562a59bf26a2 <unknown>\n#2 0x562a59c47a8d <unknown>\n#3 0x562a59c47cd1 <unknown>\n#4 0x562a59c935c4 <unknown>\n#5 0x562a59c907f0 <unknown>\n#6 0x562a59c398b2 <unknown>\n#7 0x562a59c3a6a1 <unknown>\n#8 0x562a5a19f8a9 <unknown>\n#9 0x562a5a1a27b1 <unknown>\n#10 0x562a5a18bea9 <unknown>\n#11 0x562a5a1a336e <unknown>\n#12 0x562a5a172410 <unknown>\n#13 0x562a5a1c70c8 <unknown>\n#14 0x562a5a1c729b <unknown>\n#15 0x562a5a1d8db8 <unknown>\n#16 0x7ff8bce9caa4 <unknown>\n#17 0x7ff8bcf29c6c <unknown>","statusTrace":"self = <greencity5307.tests.test_createupdateeconewspage.TestCreateUpdateEcoNewsPage object at 0x7fc76cf16960>\ndriver = <selenium.webdriver.chrome.webdriver.WebDriver (session=\"b6566a632eadd3ebb0050c90f787823e\")>\n\n    @allure.step(\"Fill in the form with valid data\")\n    def test_fill_in_form(self, driver):\n        \"\"\"Fill in the form with valid data.\"\"\"\n        page = CreateUpdateEcoNewsPage(driver)\n    \n>       form = page.get_form()\n               ^^^^^^^^^^^^^^^\n\ntests/test_createupdateeconewspage.py:32: \n_ _ _ _ _ _ _ _ _ _ _ _ _ _ _ _ _ _ _ _ _ _ _ _ _ _ _ _ _ _ _ _ _ _ _ _ _ _ _ _ \npages/create_update_eco_news_page.py:29: in get_form\n    return CreateUpdateEcoNewsFormComponent(self.find(self.form_locator))\n                                            ^^^^^^^^^^^^^^^^^^^^^^^^^^^^\npages/base_page.py:32: in find\n    return self.wait.until(EC.visibility_of_element_located(locator))\n           ^^^^^^^^^^^^^^^^^^^^^^^^^^^^^^^^^^^^^^^^^^^^^^^^^^^^^^^^^^\n_ _ _ _ _ _ _ _ _ _ _ _ _ _ _ _ _ _ _ _ _ _ _ _ _ _ _ _ _ _ _ _ _ _ _ _ _ _ _ _ \n\nself = <selenium.webdriver.support.wait.WebDriverWait (session=\"b6566a632eadd3ebb0050c90f787823e\")>\nmethod = <function visibility_of_element_located.<locals>._predicate at 0x7fc76cd151c0>\nmessage = ''\n\n    def until(self, method: Callable[[D], Literal[False] | T], message: str = \"\") -> T:\n        \"\"\"Wait until the method returns a value that is not False.\n    \n        Calls the method provided with the driver as an argument until the\n        return value does not evaluate to ``False``.\n    \n        Args:\n            method: A callable object that takes a WebDriver instance as an\n                argument.\n            message: Optional message for TimeoutException.\n    \n        Returns:\n            The result of the last call to `method`.\n    \n        Raises:\n            TimeoutException: If 'method' does not return a truthy value within\n                the WebDriverWait object's timeout.\n    \n        Example:\n            >>> from selenium.webdriver.common.by import By\n            >>> from selenium.webdriver.support.ui import WebDriverWait\n            >>> from selenium.webdriver.support import expected_conditions as EC\n            >>>\n            >>> # Wait until an element is visible on the page\n            >>> wait = WebDriverWait(driver, 10)\n            >>> element = wait.until(EC.visibility_of_element_located((By.ID, \"exampleId\")))\n            >>> print(element.text)\n        \"\"\"\n        screen = None\n        stacktrace = None\n    \n        end_time = time.monotonic() + self._timeout\n        while True:\n            try:\n                value = method(self._driver)\n                if value:\n                    return value\n            except self._ignored_exceptions as exc:\n                screen = getattr(exc, \"screen\", None)\n                stacktrace = getattr(exc, \"stacktrace\", None)\n            if time.monotonic() > end_time:\n                break\n            time.sleep(self._poll)\n>       raise TimeoutException(message, screen, stacktrace)\nE       selenium.common.exceptions.TimeoutException: Message: \nE       Stacktrace:\nE       #0 0x562a5a1d9a4a <unknown>\nE       #1 0x562a59bf26a2 <unknown>\nE       #2 0x562a59c47a8d <unknown>\nE       #3 0x562a59c47cd1 <unknown>\nE       #4 0x562a59c935c4 <unknown>\nE       #5 0x562a59c907f0 <unknown>\nE       #6 0x562a59c398b2 <unknown>\nE       #7 0x562a59c3a6a1 <unknown>\nE       #8 0x562a5a19f8a9 <unknown>\nE       #9 0x562a5a1a27b1 <unknown>\nE       #10 0x562a5a18bea9 <unknown>\nE       #11 0x562a5a1a336e <unknown>\nE       #12 0x562a5a172410 <unknown>\nE       #13 0x562a5a1c70c8 <unknown>\nE       #14 0x562a5a1c729b <unknown>\nE       #15 0x562a5a1d8db8 <unknown>\nE       #16 0x7ff8bce9caa4 <unknown>\nE       #17 0x7ff8bcf29c6c <unknown>\n\n/opt/hostedtoolcache/Python/3.12.12/x64/lib/python3.12/site-packages/selenium/webdriver/support/wait.py:121: TimeoutException","flaky":false,"newFailed":false,"newBroken":false,"newPassed":false,"retriesCount":0,"retriesStatusChange":false,"beforeStages":[{"name":"driver","time":{"start":1771273354332,"stop":1771273356531,"duration":2199},"status":"passed","steps":[],"attachments":[],"parameters":[],"stepsCount":0,"shouldDisplayMessage":false,"attachmentsCount":0,"hasContent":false,"attachmentStep":false}],"testStage":{"description":"Fill in the form with valid data.","status":"broken","statusMessage":"selenium.common.exceptions.TimeoutException: Message: \nStacktrace:\n#0 0x562a5a1d9a4a <unknown>\n#1 0x562a59bf26a2 <unknown>\n#2 0x562a59c47a8d <unknown>\n#3 0x562a59c47cd1 <unknown>\n#4 0x562a59c935c4 <unknown>\n#5 0x562a59c907f0 <unknown>\n#6 0x562a59c398b2 <unknown>\n#7 0x562a59c3a6a1 <unknown>\n#8 0x562a5a19f8a9 <unknown>\n#9 0x562a5a1a27b1 <unknown>\n#10 0x562a5a18bea9 <unknown>\n#11 0x562a5a1a336e <unknown>\n#12 0x562a5a172410 <unknown>\n#13 0x562a5a1c70c8 <unknown>\n#14 0x562a5a1c729b <unknown>\n#15 0x562a5a1d8db8 <unknown>\n#16 0x7ff8bce9caa4 <unknown>\n#17 0x7ff8bcf29c6c <unknown>","statusTrace":"self = <greencity5307.tests.test_createupdateeconewspage.TestCreateUpdateEcoNewsPage object at 0x7fc76cf16960>\ndriver = <selenium.webdriver.chrome.webdriver.WebDriver (session=\"b6566a632eadd3ebb0050c90f787823e\")>\n\n    @allure.step(\"Fill in the form with valid data\")\n    def test_fill_in_form(self, driver):\n        \"\"\"Fill in the form with valid data.\"\"\"\n        page = CreateUpdateEcoNewsPage(driver)\n    \n>       form = page.get_form()\n               ^^^^^^^^^^^^^^^\n\ntests/test_createupdateeconewspage.py:32: \n_ _ _ _ _ _ _ _ _ _ _ _ _ _ _ _ _ _ _ _ _ _ _ _ _ _ _ _ _ _ _ _ _ _ _ _ _ _ _ _ \npages/create_update_eco_news_page.py:29: in get_form\n    return CreateUpdateEcoNewsFormComponent(self.find(self.form_locator))\n                                            ^^^^^^^^^^^^^^^^^^^^^^^^^^^^\npages/base_page.py:32: in find\n    return self.wait.until(EC.visibility_of_element_located(locator))\n           ^^^^^^^^^^^^^^^^^^^^^^^^^^^^^^^^^^^^^^^^^^^^^^^^^^^^^^^^^^\n_ _ _ _ _ _ _ _ _ _ _ _ _ _ _ _ _ _ _ _ _ _ _ _ _ _ _ _ _ _ _ _ _ _ _ _ _ _ _ _ \n\nself = <selenium.webdriver.support.wait.WebDriverWait (session=\"b6566a632eadd3ebb0050c90f787823e\")>\nmethod = <function visibility_of_element_located.<locals>._predicate at 0x7fc76cd151c0>\nmessage = ''\n\n    def until(self, method: Callable[[D], Literal[False] | T], message: str = \"\") -> T:\n        \"\"\"Wait until the method returns a value that is not False.\n    \n        Calls the method provided with the driver as an argument until the\n        return value does not evaluate to ``False``.\n    \n        Args:\n            method: A callable object that takes a WebDriver instance as an\n                argument.\n            message: Optional message for TimeoutException.\n    \n        Returns:\n            The result of the last call to `method`.\n    \n        Raises:\n            TimeoutException: If 'method' does not return a truthy value within\n                the WebDriverWait object's timeout.\n    \n        Example:\n            >>> from selenium.webdriver.common.by import By\n            >>> from selenium.webdriver.support.ui import WebDriverWait\n            >>> from selenium.webdriver.support import expected_conditions as EC\n            >>>\n            >>> # Wait until an element is visible on the page\n            >>> wait = WebDriverWait(driver, 10)\n            >>> element = wait.until(EC.visibility_of_element_located((By.ID, \"exampleId\")))\n            >>> print(element.text)\n        \"\"\"\n        screen = None\n        stacktrace = None\n    \n        end_time = time.monotonic() + self._timeout\n        while True:\n            try:\n                value = method(self._driver)\n                if value:\n                    return value\n            except self._ignored_exceptions as exc:\n                screen = getattr(exc, \"screen\", None)\n                stacktrace = getattr(exc, \"stacktrace\", None)\n            if time.monotonic() > end_time:\n                break\n            time.sleep(self._poll)\n>       raise TimeoutException(message, screen, stacktrace)\nE       selenium.common.exceptions.TimeoutException: Message: \nE       Stacktrace:\nE       #0 0x562a5a1d9a4a <unknown>\nE       #1 0x562a59bf26a2 <unknown>\nE       #2 0x562a59c47a8d <unknown>\nE       #3 0x562a59c47cd1 <unknown>\nE       #4 0x562a59c935c4 <unknown>\nE       #5 0x562a59c907f0 <unknown>\nE       #6 0x562a59c398b2 <unknown>\nE       #7 0x562a59c3a6a1 <unknown>\nE       #8 0x562a5a19f8a9 <unknown>\nE       #9 0x562a5a1a27b1 <unknown>\nE       #10 0x562a5a18bea9 <unknown>\nE       #11 0x562a5a1a336e <unknown>\nE       #12 0x562a5a172410 <unknown>\nE       #13 0x562a5a1c70c8 <unknown>\nE       #14 0x562a5a1c729b <unknown>\nE       #15 0x562a5a1d8db8 <unknown>\nE       #16 0x7ff8bce9caa4 <unknown>\nE       #17 0x7ff8bcf29c6c <unknown>\n\n/opt/hostedtoolcache/Python/3.12.12/x64/lib/python3.12/site-packages/selenium/webdriver/support/wait.py:121: TimeoutException","steps":[{"name":"Fill in the form with valid data","time":{"start":1771273356531,"stop":1771273366591,"duration":10060},"status":"broken","statusMessage":"selenium.common.exceptions.TimeoutException: Message: \nStacktrace:\n#0 0x562a5a1d9a4a <unknown>\n#1 0x562a59bf26a2 <unknown>\n#2 0x562a59c47a8d <unknown>\n#3 0x562a59c47cd1 <unknown>\n#4 0x562a59c935c4 <unknown>\n#5 0x562a59c907f0 <unknown>\n#6 0x562a59c398b2 <unknown>\n#7 0x562a59c3a6a1 <unknown>\n#8 0x562a5a19f8a9 <unknown>\n#9 0x562a5a1a27b1 <unknown>\n#10 0x562a5a18bea9 <unknown>\n#11 0x562a5a1a336e <unknown>\n#12 0x562a5a172410 <unknown>\n#13 0x562a5a1c70c8 <unknown>\n#14 0x562a5a1c729b <unknown>\n#15 0x562a5a1d8db8 <unknown>\n#16 0x7ff8bce9caa4 <unknown>\n#17 0x7ff8bcf29c6c <unknown>\n\n","statusTrace":"  File \"/opt/hostedtoolcache/Python/3.12.12/x64/lib/python3.12/site-packages/allure_commons/_allure.py\", line 202, in impl\n    return func(*a, **kw)\n           ^^^^^^^^^^^^^^\n  File \"/home/runner/work/greencity5307/greencity5307/tests/test_createupdateeconewspage.py\", line 32, in test_fill_in_form\n    form = page.get_form()\n           ^^^^^^^^^^^^^^^\n  File \"/home/runner/work/greencity5307/greencity5307/pages/create_update_eco_news_page.py\", line 29, in get_form\n    return CreateUpdateEcoNewsFormComponent(self.find(self.form_locator))\n                                            ^^^^^^^^^^^^^^^^^^^^^^^^^^^^\n  File \"/home/runner/work/greencity5307/greencity5307/pages/base_page.py\", line 32, in find\n    return self.wait.until(EC.visibility_of_element_located(locator))\n           ^^^^^^^^^^^^^^^^^^^^^^^^^^^^^^^^^^^^^^^^^^^^^^^^^^^^^^^^^^\n  File \"/opt/hostedtoolcache/Python/3.12.12/x64/lib/python3.12/site-packages/selenium/webdriver/support/wait.py\", line 121, in until\n    raise TimeoutException(message, screen, stacktrace)\n","steps":[],"attachments":[],"parameters":[{"name":"driver","value":"<selenium.webdriver.chrome.webdriver.WebDriver (session=\"b6566a632eadd3ebb0050c90f787823e\")>"}],"stepsCount":0,"shouldDisplayMessage":true,"attachmentsCount":0,"hasContent":true,"attachmentStep":false}],"attachments":[],"parameters":[],"stepsCount":1,"shouldDisplayMessage":true,"attachmentsCount":0,"hasContent":true,"attachmentStep":false},"afterStages":[{"name":"driver::0","time":{"start":1771273366605,"stop":1771273366700,"duration":95},"status":"passed","steps":[],"attachments":[],"parameters":[],"stepsCount":0,"shouldDisplayMessage":false,"attachmentsCount":0,"hasContent":false,"attachmentStep":false}],"labels":[{"name":"tag","value":"regression"},{"name":"parentSuite","value":"tests"},{"name":"suite","value":"test_createupdateeconewspage"},{"name":"subSuite","value":"TestCreateUpdateEcoNewsPage"},{"name":"host","value":"runnervmjduv7"},{"name":"thread","value":"2635-MainThread"},{"name":"framework","value":"pytest"},{"name":"language","value":"cpython3"},{"name":"package","value":"tests.test_createupdateeconewspage"},{"name":"resultFormat","value":"allure2"}],"parameters":[{"name":"browser","value":"'chrome'"},{"name":"driver","value":"'chrome'"}],"links":[],"hidden":false,"retry":false,"extra":{"severity":"normal","retries":[],"categories":[{"name":"Test defects","matchedStatuses":[],"flaky":false}],"tags":["regression"]},"source":"29c93f801dafe6e.json","parameterValues":["'chrome'","'chrome'"]}