{"uid":"fd473e87d3ed2eb7","name":"test_submit_form[chrome]","fullName":"tests.test_createupdateeconewspage.TestCreateUpdateEcoNewsPage#test_submit_form","historyId":"e51e4dfc28a50fe1b931ba2cb9f77cbc","time":{"start":1771273369626,"stop":1771273379675,"duration":10049},"description":"Submit the form.","descriptionHtml":"<p>Submit the form.</p>\n","status":"broken","statusMessage":"selenium.common.exceptions.TimeoutException: Message: \nStacktrace:\n#0 0x562110c64a4a <unknown>\n#1 0x56211067d6a2 <unknown>\n#2 0x5621106d2a8d <unknown>\n#3 0x5621106d2cd1 <unknown>\n#4 0x56211071e5c4 <unknown>\n#5 0x56211071b7f0 <unknown>\n#6 0x5621106c48b2 <unknown>\n#7 0x5621106c56a1 <unknown>\n#8 0x562110c2a8a9 <unknown>\n#9 0x562110c2d7b1 <unknown>\n#10 0x562110c16ea9 <unknown>\n#11 0x562110c2e36e <unknown>\n#12 0x562110bfd410 <unknown>\n#13 0x562110c520c8 <unknown>\n#14 0x562110c5229b <unknown>\n#15 0x562110c63db8 <unknown>\n#16 0x7f0e2209caa4 <unknown>\n#17 0x7f0e22129c6c <unknown>","statusTrace":"self = <greencity5307.tests.test_createupdateeconewspage.TestCreateUpdateEcoNewsPage object at 0x7fc76cf15820>\ndriver = <selenium.webdriver.chrome.webdriver.WebDriver (session=\"645c6e27713d8d074e1f72ea1ec3c076\")>\n\n    @allure.step(\"Submit the form\")\n    def test_submit_form(self, driver):\n        \"\"\"Submit the form.\"\"\"\n        page = CreateUpdateEcoNewsPage(driver)\n    \n>       page.click_submit()\n\ntests/test_createupdateeconewspage.py:53: \n_ _ _ _ _ _ _ _ _ _ _ _ _ _ _ _ _ _ _ _ _ _ _ _ _ _ _ _ _ _ _ _ _ _ _ _ _ _ _ _ \npages/create_update_eco_news_page.py:33: in click_submit\n    self.click(self.submit_button)\npages/base_page.py:40: in click\n    self.find(locator).click()\n    ^^^^^^^^^^^^^^^^^^\npages/base_page.py:32: in find\n    return self.wait.until(EC.visibility_of_element_located(locator))\n           ^^^^^^^^^^^^^^^^^^^^^^^^^^^^^^^^^^^^^^^^^^^^^^^^^^^^^^^^^^\n_ _ _ _ _ _ _ _ _ _ _ _ _ _ _ _ _ _ _ _ _ _ _ _ _ _ _ _ _ _ _ _ _ _ _ _ _ _ _ _ \n\nself = <selenium.webdriver.support.wait.WebDriverWait (session=\"645c6e27713d8d074e1f72ea1ec3c076\")>\nmethod = <function visibility_of_element_located.<locals>._predicate at 0x7fc76cd14fe0>\nmessage = ''\n\n    def until(self, method: Callable[[D], Literal[False] | T], message: str = \"\") -> T:\n        \"\"\"Wait until the method returns a value that is not False.\n    \n        Calls the method provided with the driver as an argument until the\n        return value does not evaluate to ``False``.\n    \n        Args:\n            method: A callable object that takes a WebDriver instance as an\n                argument.\n            message: Optional message for TimeoutException.\n    \n        Returns:\n            The result of the last call to `method`.\n    \n        Raises:\n            TimeoutException: If 'method' does not return a truthy value within\n                the WebDriverWait object's timeout.\n    \n        Example:\n            >>> from selenium.webdriver.common.by import By\n            >>> from selenium.webdriver.support.ui import WebDriverWait\n            >>> from selenium.webdriver.support import expected_conditions as EC\n            >>>\n            >>> # Wait until an element is visible on the page\n            >>> wait = WebDriverWait(driver, 10)\n            >>> element = wait.until(EC.visibility_of_element_located((By.ID, \"exampleId\")))\n            >>> print(element.text)\n        \"\"\"\n        screen = None\n        stacktrace = None\n    \n        end_time = time.monotonic() + self._timeout\n        while True:\n            try:\n                value = method(self._driver)\n                if value:\n                    return value\n            except self._ignored_exceptions as exc:\n                screen = getattr(exc, \"screen\", None)\n                stacktrace = getattr(exc, \"stacktrace\", None)\n            if time.monotonic() > end_time:\n                break\n            time.sleep(self._poll)\n>       raise TimeoutException(message, screen, stacktrace)\nE       selenium.common.exceptions.TimeoutException: Message: \nE       Stacktrace:\nE       #0 0x562110c64a4a <unknown>\nE       #1 0x56211067d6a2 <unknown>\nE       #2 0x5621106d2a8d <unknown>\nE       #3 0x5621106d2cd1 <unknown>\nE       #4 0x56211071e5c4 <unknown>\nE       #5 0x56211071b7f0 <unknown>\nE       #6 0x5621106c48b2 <unknown>\nE       #7 0x5621106c56a1 <unknown>\nE       #8 0x562110c2a8a9 <unknown>\nE       #9 0x562110c2d7b1 <unknown>\nE       #10 0x562110c16ea9 <unknown>\nE       #11 0x562110c2e36e <unknown>\nE       #12 0x562110bfd410 <unknown>\nE       #13 0x562110c520c8 <unknown>\nE       #14 0x562110c5229b <unknown>\nE       #15 0x562110c63db8 <unknown>\nE       #16 0x7f0e2209caa4 <unknown>\nE       #17 0x7f0e22129c6c <unknown>\n\n/opt/hostedtoolcache/Python/3.12.12/x64/lib/python3.12/site-packages/selenium/webdriver/support/wait.py:121: TimeoutException","flaky":false,"newFailed":false,"newBroken":false,"newPassed":false,"retriesCount":0,"retriesStatusChange":false,"beforeStages":[{"name":"driver","time":{"start":1771273366701,"stop":1771273369626,"duration":2925},"status":"passed","steps":[],"attachments":[],"parameters":[],"stepsCount":0,"shouldDisplayMessage":false,"attachmentsCount":0,"hasContent":false,"attachmentStep":false}],"testStage":{"description":"Submit the form.","status":"broken","statusMessage":"selenium.common.exceptions.TimeoutException: Message: \nStacktrace:\n#0 0x562110c64a4a <unknown>\n#1 0x56211067d6a2 <unknown>\n#2 0x5621106d2a8d <unknown>\n#3 0x5621106d2cd1 <unknown>\n#4 0x56211071e5c4 <unknown>\n#5 0x56211071b7f0 <unknown>\n#6 0x5621106c48b2 <unknown>\n#7 0x5621106c56a1 <unknown>\n#8 0x562110c2a8a9 <unknown>\n#9 0x562110c2d7b1 <unknown>\n#10 0x562110c16ea9 <unknown>\n#11 0x562110c2e36e <unknown>\n#12 0x562110bfd410 <unknown>\n#13 0x562110c520c8 <unknown>\n#14 0x562110c5229b <unknown>\n#15 0x562110c63db8 <unknown>\n#16 0x7f0e2209caa4 <unknown>\n#17 0x7f0e22129c6c <unknown>","statusTrace":"self = <greencity5307.tests.test_createupdateeconewspage.TestCreateUpdateEcoNewsPage object at 0x7fc76cf15820>\ndriver = <selenium.webdriver.chrome.webdriver.WebDriver (session=\"645c6e27713d8d074e1f72ea1ec3c076\")>\n\n    @allure.step(\"Submit the form\")\n    def test_submit_form(self, driver):\n        \"\"\"Submit the form.\"\"\"\n        page = CreateUpdateEcoNewsPage(driver)\n    \n>       page.click_submit()\n\ntests/test_createupdateeconewspage.py:53: \n_ _ _ _ _ _ _ _ _ _ _ _ _ _ _ _ _ _ _ _ _ _ _ _ _ _ _ _ _ _ _ _ _ _ _ _ _ _ _ _ \npages/create_update_eco_news_page.py:33: in click_submit\n    self.click(self.submit_button)\npages/base_page.py:40: in click\n    self.find(locator).click()\n    ^^^^^^^^^^^^^^^^^^\npages/base_page.py:32: in find\n    return self.wait.until(EC.visibility_of_element_located(locator))\n           ^^^^^^^^^^^^^^^^^^^^^^^^^^^^^^^^^^^^^^^^^^^^^^^^^^^^^^^^^^\n_ _ _ _ _ _ _ _ _ _ _ _ _ _ _ _ _ _ _ _ _ _ _ _ _ _ _ _ _ _ _ _ _ _ _ _ _ _ _ _ \n\nself = <selenium.webdriver.support.wait.WebDriverWait (session=\"645c6e27713d8d074e1f72ea1ec3c076\")>\nmethod = <function visibility_of_element_located.<locals>._predicate at 0x7fc76cd14fe0>\nmessage = ''\n\n    def until(self, method: Callable[[D], Literal[False] | T], message: str = \"\") -> T:\n        \"\"\"Wait until the method returns a value that is not False.\n    \n        Calls the method provided with the driver as an argument until the\n        return value does not evaluate to ``False``.\n    \n        Args:\n            method: A callable object that takes a WebDriver instance as an\n                argument.\n            message: Optional message for TimeoutException.\n    \n        Returns:\n            The result of the last call to `method`.\n    \n        Raises:\n            TimeoutException: If 'method' does not return a truthy value within\n                the WebDriverWait object's timeout.\n    \n        Example:\n            >>> from selenium.webdriver.common.by import By\n            >>> from selenium.webdriver.support.ui import WebDriverWait\n            >>> from selenium.webdriver.support import expected_conditions as EC\n            >>>\n            >>> # Wait until an element is visible on the page\n            >>> wait = WebDriverWait(driver, 10)\n            >>> element = wait.until(EC.visibility_of_element_located((By.ID, \"exampleId\")))\n            >>> print(element.text)\n        \"\"\"\n        screen = None\n        stacktrace = None\n    \n        end_time = time.monotonic() + self._timeout\n        while True:\n            try:\n                value = method(self._driver)\n                if value:\n                    return value\n            except self._ignored_exceptions as exc:\n                screen = getattr(exc, \"screen\", None)\n                stacktrace = getattr(exc, \"stacktrace\", None)\n            if time.monotonic() > end_time:\n                break\n            time.sleep(self._poll)\n>       raise TimeoutException(message, screen, stacktrace)\nE       selenium.common.exceptions.TimeoutException: Message: \nE       Stacktrace:\nE       #0 0x562110c64a4a <unknown>\nE       #1 0x56211067d6a2 <unknown>\nE       #2 0x5621106d2a8d <unknown>\nE       #3 0x5621106d2cd1 <unknown>\nE       #4 0x56211071e5c4 <unknown>\nE       #5 0x56211071b7f0 <unknown>\nE       #6 0x5621106c48b2 <unknown>\nE       #7 0x5621106c56a1 <unknown>\nE       #8 0x562110c2a8a9 <unknown>\nE       #9 0x562110c2d7b1 <unknown>\nE       #10 0x562110c16ea9 <unknown>\nE       #11 0x562110c2e36e <unknown>\nE       #12 0x562110bfd410 <unknown>\nE       #13 0x562110c520c8 <unknown>\nE       #14 0x562110c5229b <unknown>\nE       #15 0x562110c63db8 <unknown>\nE       #16 0x7f0e2209caa4 <unknown>\nE       #17 0x7f0e22129c6c <unknown>\n\n/opt/hostedtoolcache/Python/3.12.12/x64/lib/python3.12/site-packages/selenium/webdriver/support/wait.py:121: TimeoutException","steps":[{"name":"Submit the form","time":{"start":1771273369627,"stop":1771273379675,"duration":10048},"status":"broken","statusMessage":"selenium.common.exceptions.TimeoutException: Message: \nStacktrace:\n#0 0x562110c64a4a <unknown>\n#1 0x56211067d6a2 <unknown>\n#2 0x5621106d2a8d <unknown>\n#3 0x5621106d2cd1 <unknown>\n#4 0x56211071e5c4 <unknown>\n#5 0x56211071b7f0 <unknown>\n#6 0x5621106c48b2 <unknown>\n#7 0x5621106c56a1 <unknown>\n#8 0x562110c2a8a9 <unknown>\n#9 0x562110c2d7b1 <unknown>\n#10 0x562110c16ea9 <unknown>\n#11 0x562110c2e36e <unknown>\n#12 0x562110bfd410 <unknown>\n#13 0x562110c520c8 <unknown>\n#14 0x562110c5229b <unknown>\n#15 0x562110c63db8 <unknown>\n#16 0x7f0e2209caa4 <unknown>\n#17 0x7f0e22129c6c <unknown>\n\n","statusTrace":"  File \"/opt/hostedtoolcache/Python/3.12.12/x64/lib/python3.12/site-packages/allure_commons/_allure.py\", line 202, in impl\n    return func(*a, **kw)\n           ^^^^^^^^^^^^^^\n  File \"/home/runner/work/greencity5307/greencity5307/tests/test_createupdateeconewspage.py\", line 53, in test_submit_form\n    page.click_submit()\n  File \"/home/runner/work/greencity5307/greencity5307/pages/create_update_eco_news_page.py\", line 33, in click_submit\n    self.click(self.submit_button)\n  File \"/home/runner/work/greencity5307/greencity5307/pages/base_page.py\", line 40, in click\n    self.find(locator).click()\n    ^^^^^^^^^^^^^^^^^^\n  File \"/home/runner/work/greencity5307/greencity5307/pages/base_page.py\", line 32, in find\n    return self.wait.until(EC.visibility_of_element_located(locator))\n           ^^^^^^^^^^^^^^^^^^^^^^^^^^^^^^^^^^^^^^^^^^^^^^^^^^^^^^^^^^\n  File \"/opt/hostedtoolcache/Python/3.12.12/x64/lib/python3.12/site-packages/selenium/webdriver/support/wait.py\", line 121, in until\n    raise TimeoutException(message, screen, stacktrace)\n","steps":[],"attachments":[],"parameters":[{"name":"driver","value":"<selenium.webdriver.chrome.webdriver.WebDriver (session=\"645c6e27713d8d074e1f72ea1ec3c076\")>"}],"stepsCount":0,"shouldDisplayMessage":true,"attachmentsCount":0,"hasContent":true,"attachmentStep":false}],"attachments":[],"parameters":[],"stepsCount":1,"shouldDisplayMessage":true,"attachmentsCount":0,"hasContent":true,"attachmentStep":false},"afterStages":[{"name":"driver::0","time":{"start":1771273379687,"stop":1771273379780,"duration":93},"status":"passed","steps":[],"attachments":[],"parameters":[],"stepsCount":0,"shouldDisplayMessage":false,"attachmentsCount":0,"hasContent":false,"attachmentStep":false}],"labels":[{"name":"tag","value":"regression"},{"name":"parentSuite","value":"tests"},{"name":"suite","value":"test_createupdateeconewspage"},{"name":"subSuite","value":"TestCreateUpdateEcoNewsPage"},{"name":"host","value":"runnervmjduv7"},{"name":"thread","value":"2635-MainThread"},{"name":"framework","value":"pytest"},{"name":"language","value":"cpython3"},{"name":"package","value":"tests.test_createupdateeconewspage"},{"name":"resultFormat","value":"allure2"}],"parameters":[{"name":"browser","value":"'chrome'"},{"name":"driver","value":"'chrome'"}],"links":[],"hidden":false,"retry":false,"extra":{"severity":"normal","retries":[],"categories":[{"name":"Test defects","matchedStatuses":[],"flaky":false}],"tags":["regression"]},"source":"fd473e87d3ed2eb7.json","parameterValues":["'chrome'","'chrome'"]}