{"uid":"aeda10ee7830b5ed","name":"Update basic profile information","fullName":"tests.ui.edit_profile_page_tests.test_edit_profile_info#test_update_basic_profile_information","historyId":"7ec42de503295ac4399cb4b823cfd32a","time":{"start":1772387209035,"stop":1772387221831,"duration":12796},"description":"Verify user can update name, city and credo on Edit Profile page and changes are saved successfully.","descriptionHtml":"<p>Verify user can update name, city and credo on Edit Profile page and changes are saved successfully.</p>\n","status":"broken","statusMessage":"selenium.common.exceptions.TimeoutException: Message: \nStacktrace:\n#0 0x5561c2003b6a <unknown>\n#1 0x5561c1a16a32 <unknown>\n#2 0x5561c1a6bd66 <unknown>\n#3 0x5561c1a6bfa1 <unknown>\n#4 0x5561c1ab7144 <unknown>\n#5 0x5561c1ab4369 <unknown>\n#6 0x5561c1a5dc0f <unknown>\n#7 0x5561c1a5e9d1 <unknown>\n#8 0x5561c1fc86b9 <unknown>\n#9 0x5561c1fcb5c1 <unknown>\n#10 0x5561c1fb4e29 <unknown>\n#11 0x5561c1fcc17e <unknown>\n#12 0x5561c1f9b4b0 <unknown>\n#13 0x5561c1ff0578 <unknown>\n#14 0x5561c1ff074b <unknown>\n#15 0x5561c20021a3 <unknown>\n#16 0x7ff3df89caa4 <unknown>\n#17 0x7ff3df929c6c <unknown>","statusTrace":"driver = <selenium.webdriver.chrome.webdriver.WebDriver (session=\"50cd7f3c79b70da0a012f0b467a33dc1\")>\nnew_name = 'Hlib', new_city = 'Київ', new_credo = 'I sort waste every day'\n\n    @pytest.mark.parametrize(\n        \"new_name, new_city, new_credo\",\n        [\n            (\"Hlib\", \"Київ\", \"I sort waste every day\"),\n            (\"Oleksandr\", \"Харків\", \"Save nature every day\"),\n        ],\n    )\n    @allure.title(\"Update basic profile information\")\n    @allure.description(\n        \"Verify user can update name, city and credo on Edit Profile page \"\n        \"and changes are saved successfully.\"\n    )\n    @allure.severity(allure.severity_level.NORMAL)\n    def test_update_basic_profile_information(driver: WebDriver, new_name, new_city, new_credo):\n        \"\"\"TC-EP-01\"\"\"\n    \n        base_page = BasePage(driver)\n    \n        with allure.step(\"User signs in with valid credentials\"):\n            sign_in_component = base_page.header.click_sign_in_link()\n            sign_in_component.sign_in(Config.USER_EMAIL, Config.USER_PASSWORD)\n    \n        with allure.step(\"User opens Edit Profile page\"):\n            my_space_page = MySpaceAbstractPage(driver)\n            my_space_page.profile_banner.click_edit_btn()\n    \n            page = ProfileEditPage(driver)\n            personal_info_block = page.personal_info\n    \n        with allure.step(\"User updates personal information\"):\n            personal_info_block.fill_name(new_name)\n>           personal_info_block.fill_city(new_city)\n\ntests/ui/edit_profile_page_tests/test_edit_profile_info.py:48: \n_ _ _ _ _ _ _ _ _ _ _ _ _ _ _ _ _ _ _ _ _ _ _ _ _ _ _ _ _ _ _ _ _ _ _ _ _ _ _ _ \ncomponents/personal_info_component.py:49: in fill_city\n    suggestion = wait.until(EC.presence_of_element_located((By.CSS_SELECTOR, \"mat-option\")))\n_ _ _ _ _ _ _ _ _ _ _ _ _ _ _ _ _ _ _ _ _ _ _ _ _ _ _ _ _ _ _ _ _ _ _ _ _ _ _ _ \n\nself = <selenium.webdriver.support.wait.WebDriverWait (session=\"50cd7f3c79b70da0a012f0b467a33dc1\")>\nmethod = <function presence_of_element_located.<locals>._predicate at 0x7f3779178720>\nmessage = ''\n\n    def until(self, method: Callable[[D], Literal[False] | T], message: str = \"\") -> T:\n        \"\"\"Wait until the method returns a value that is not False.\n    \n        Calls the method provided with the driver as an argument until the\n        return value does not evaluate to ``False``.\n    \n        Args:\n            method: A callable object that takes a WebDriver instance as an\n                argument.\n            message: Optional message for TimeoutException.\n    \n        Returns:\n            The result of the last call to `method`.\n    \n        Raises:\n            TimeoutException: If 'method' does not return a truthy value within\n                the WebDriverWait object's timeout.\n    \n        Example:\n            >>> from selenium.webdriver.common.by import By\n            >>> from selenium.webdriver.support.ui import WebDriverWait\n            >>> from selenium.webdriver.support import expected_conditions as EC\n            >>>\n            >>> # Wait until an element is visible on the page\n            >>> wait = WebDriverWait(driver, 10)\n            >>> element = wait.until(EC.visibility_of_element_located((By.ID, \"exampleId\")))\n            >>> print(element.text)\n        \"\"\"\n        screen = None\n        stacktrace = None\n    \n        end_time = time.monotonic() + self._timeout\n        while True:\n            try:\n                value = method(self._driver)\n                if value:\n                    return value\n            except self._ignored_exceptions as exc:\n                screen = getattr(exc, \"screen\", None)\n                stacktrace = getattr(exc, \"stacktrace\", None)\n            if time.monotonic() > end_time:\n                break\n            time.sleep(self._poll)\n>       raise TimeoutException(message, screen, stacktrace)\nE       selenium.common.exceptions.TimeoutException: Message: \nE       Stacktrace:\nE       #0 0x5561c2003b6a <unknown>\nE       #1 0x5561c1a16a32 <unknown>\nE       #2 0x5561c1a6bd66 <unknown>\nE       #3 0x5561c1a6bfa1 <unknown>\nE       #4 0x5561c1ab7144 <unknown>\nE       #5 0x5561c1ab4369 <unknown>\nE       #6 0x5561c1a5dc0f <unknown>\nE       #7 0x5561c1a5e9d1 <unknown>\nE       #8 0x5561c1fc86b9 <unknown>\nE       #9 0x5561c1fcb5c1 <unknown>\nE       #10 0x5561c1fb4e29 <unknown>\nE       #11 0x5561c1fcc17e <unknown>\nE       #12 0x5561c1f9b4b0 <unknown>\nE       #13 0x5561c1ff0578 <unknown>\nE       #14 0x5561c1ff074b <unknown>\nE       #15 0x5561c20021a3 <unknown>\nE       #16 0x7ff3df89caa4 <unknown>\nE       #17 0x7ff3df929c6c <unknown>\n\n/opt/hostedtoolcache/Python/3.12.12/x64/lib/python3.12/site-packages/selenium/webdriver/support/wait.py:121: TimeoutException","flaky":false,"newFailed":false,"newBroken":false,"newPassed":false,"retriesCount":0,"retriesStatusChange":false,"beforeStages":[{"name":"capture_logs_to_allure","time":{"start":1772387206299,"stop":1772387206299,"duration":0},"status":"passed","steps":[],"attachments":[],"parameters":[],"stepsCount":0,"shouldDisplayMessage":false,"attachmentsCount":0,"hasContent":false,"attachmentStep":false},{"name":"driver","time":{"start":1772387206300,"stop":1772387209034,"duration":2734},"status":"passed","steps":[],"attachments":[],"parameters":[],"stepsCount":0,"shouldDisplayMessage":false,"attachmentsCount":0,"hasContent":false,"attachmentStep":false}],"testStage":{"description":"Verify user can update name, city and credo on Edit Profile page and changes are saved successfully.","status":"broken","statusMessage":"selenium.common.exceptions.TimeoutException: Message: \nStacktrace:\n#0 0x5561c2003b6a <unknown>\n#1 0x5561c1a16a32 <unknown>\n#2 0x5561c1a6bd66 <unknown>\n#3 0x5561c1a6bfa1 <unknown>\n#4 0x5561c1ab7144 <unknown>\n#5 0x5561c1ab4369 <unknown>\n#6 0x5561c1a5dc0f <unknown>\n#7 0x5561c1a5e9d1 <unknown>\n#8 0x5561c1fc86b9 <unknown>\n#9 0x5561c1fcb5c1 <unknown>\n#10 0x5561c1fb4e29 <unknown>\n#11 0x5561c1fcc17e <unknown>\n#12 0x5561c1f9b4b0 <unknown>\n#13 0x5561c1ff0578 <unknown>\n#14 0x5561c1ff074b <unknown>\n#15 0x5561c20021a3 <unknown>\n#16 0x7ff3df89caa4 <unknown>\n#17 0x7ff3df929c6c <unknown>","statusTrace":"driver = <selenium.webdriver.chrome.webdriver.WebDriver (session=\"50cd7f3c79b70da0a012f0b467a33dc1\")>\nnew_name = 'Hlib', new_city = 'Київ', new_credo = 'I sort waste every day'\n\n    @pytest.mark.parametrize(\n        \"new_name, new_city, new_credo\",\n        [\n            (\"Hlib\", \"Київ\", \"I sort waste every day\"),\n            (\"Oleksandr\", \"Харків\", \"Save nature every day\"),\n        ],\n    )\n    @allure.title(\"Update basic profile information\")\n    @allure.description(\n        \"Verify user can update name, city and credo on Edit Profile page \"\n        \"and changes are saved successfully.\"\n    )\n    @allure.severity(allure.severity_level.NORMAL)\n    def test_update_basic_profile_information(driver: WebDriver, new_name, new_city, new_credo):\n        \"\"\"TC-EP-01\"\"\"\n    \n        base_page = BasePage(driver)\n    \n        with allure.step(\"User signs in with valid credentials\"):\n            sign_in_component = base_page.header.click_sign_in_link()\n            sign_in_component.sign_in(Config.USER_EMAIL, Config.USER_PASSWORD)\n    \n        with allure.step(\"User opens Edit Profile page\"):\n            my_space_page = MySpaceAbstractPage(driver)\n            my_space_page.profile_banner.click_edit_btn()\n    \n            page = ProfileEditPage(driver)\n            personal_info_block = page.personal_info\n    \n        with allure.step(\"User updates personal information\"):\n            personal_info_block.fill_name(new_name)\n>           personal_info_block.fill_city(new_city)\n\ntests/ui/edit_profile_page_tests/test_edit_profile_info.py:48: \n_ _ _ _ _ _ _ _ _ _ _ _ _ _ _ _ _ _ _ _ _ _ _ _ _ _ _ _ _ _ _ _ _ _ _ _ _ _ _ _ \ncomponents/personal_info_component.py:49: in fill_city\n    suggestion = wait.until(EC.presence_of_element_located((By.CSS_SELECTOR, \"mat-option\")))\n_ _ _ _ _ _ _ _ _ _ _ _ _ _ _ _ _ _ _ _ _ _ _ _ _ _ _ _ _ _ _ _ _ _ _ _ _ _ _ _ \n\nself = <selenium.webdriver.support.wait.WebDriverWait (session=\"50cd7f3c79b70da0a012f0b467a33dc1\")>\nmethod = <function presence_of_element_located.<locals>._predicate at 0x7f3779178720>\nmessage = ''\n\n    def until(self, method: Callable[[D], Literal[False] | T], message: str = \"\") -> T:\n        \"\"\"Wait until the method returns a value that is not False.\n    \n        Calls the method provided with the driver as an argument until the\n        return value does not evaluate to ``False``.\n    \n        Args:\n            method: A callable object that takes a WebDriver instance as an\n                argument.\n            message: Optional message for TimeoutException.\n    \n        Returns:\n            The result of the last call to `method`.\n    \n        Raises:\n            TimeoutException: If 'method' does not return a truthy value within\n                the WebDriverWait object's timeout.\n    \n        Example:\n            >>> from selenium.webdriver.common.by import By\n            >>> from selenium.webdriver.support.ui import WebDriverWait\n            >>> from selenium.webdriver.support import expected_conditions as EC\n            >>>\n            >>> # Wait until an element is visible on the page\n            >>> wait = WebDriverWait(driver, 10)\n            >>> element = wait.until(EC.visibility_of_element_located((By.ID, \"exampleId\")))\n            >>> print(element.text)\n        \"\"\"\n        screen = None\n        stacktrace = None\n    \n        end_time = time.monotonic() + self._timeout\n        while True:\n            try:\n                value = method(self._driver)\n                if value:\n                    return value\n            except self._ignored_exceptions as exc:\n                screen = getattr(exc, \"screen\", None)\n                stacktrace = getattr(exc, \"stacktrace\", None)\n            if time.monotonic() > end_time:\n                break\n            time.sleep(self._poll)\n>       raise TimeoutException(message, screen, stacktrace)\nE       selenium.common.exceptions.TimeoutException: Message: \nE       Stacktrace:\nE       #0 0x5561c2003b6a <unknown>\nE       #1 0x5561c1a16a32 <unknown>\nE       #2 0x5561c1a6bd66 <unknown>\nE       #3 0x5561c1a6bfa1 <unknown>\nE       #4 0x5561c1ab7144 <unknown>\nE       #5 0x5561c1ab4369 <unknown>\nE       #6 0x5561c1a5dc0f <unknown>\nE       #7 0x5561c1a5e9d1 <unknown>\nE       #8 0x5561c1fc86b9 <unknown>\nE       #9 0x5561c1fcb5c1 <unknown>\nE       #10 0x5561c1fb4e29 <unknown>\nE       #11 0x5561c1fcc17e <unknown>\nE       #12 0x5561c1f9b4b0 <unknown>\nE       #13 0x5561c1ff0578 <unknown>\nE       #14 0x5561c1ff074b <unknown>\nE       #15 0x5561c20021a3 <unknown>\nE       #16 0x7ff3df89caa4 <unknown>\nE       #17 0x7ff3df929c6c <unknown>\n\n/opt/hostedtoolcache/Python/3.12.12/x64/lib/python3.12/site-packages/selenium/webdriver/support/wait.py:121: TimeoutException","steps":[{"name":"User signs in with valid credentials","time":{"start":1772387209036,"stop":1772387210763,"duration":1727},"status":"passed","steps":[{"name":"Clicking signin button in the header","time":{"start":1772387209051,"stop":1772387209931,"duration":880},"status":"passed","steps":[],"attachments":[],"parameters":[],"stepsCount":0,"shouldDisplayMessage":false,"attachmentsCount":0,"hasContent":false,"attachmentStep":false},{"name":"Sign in","time":{"start":1772387209931,"stop":1772387210763,"duration":832},"status":"passed","steps":[],"attachments":[],"parameters":[{"name":"email","value":"'greencitytest69@hotmail.com'"},{"name":"password","value":"'asweQA5346!)'"}],"stepsCount":0,"shouldDisplayMessage":false,"attachmentsCount":0,"hasContent":true,"attachmentStep":false}],"attachments":[],"parameters":[],"stepsCount":2,"shouldDisplayMessage":false,"attachmentsCount":0,"hasContent":true,"attachmentStep":false},{"name":"User opens Edit Profile page","time":{"start":1772387210763,"stop":1772387211025,"duration":262},"status":"passed","steps":[{"name":"Click on Edit profile button on Profile Banner component","time":{"start":1772387210772,"stop":1772387210997,"duration":225},"status":"passed","steps":[],"attachments":[],"parameters":[],"stepsCount":0,"shouldDisplayMessage":false,"attachmentsCount":0,"hasContent":false,"attachmentStep":false}],"attachments":[],"parameters":[],"stepsCount":1,"shouldDisplayMessage":false,"attachmentsCount":0,"hasContent":true,"attachmentStep":false},{"name":"User updates personal information","time":{"start":1772387211025,"stop":1772387221831,"duration":10806},"status":"broken","statusMessage":"selenium.common.exceptions.TimeoutException: Message: \nStacktrace:\n#0 0x5561c2003b6a <unknown>\n#1 0x5561c1a16a32 <unknown>\n#2 0x5561c1a6bd66 <unknown>\n#3 0x5561c1a6bfa1 <unknown>\n#4 0x5561c1ab7144 <unknown>\n#5 0x5561c1ab4369 <unknown>\n#6 0x5561c1a5dc0f <unknown>\n#7 0x5561c1a5e9d1 <unknown>\n#8 0x5561c1fc86b9 <unknown>\n#9 0x5561c1fcb5c1 <unknown>\n#10 0x5561c1fb4e29 <unknown>\n#11 0x5561c1fcc17e <unknown>\n#12 0x5561c1f9b4b0 <unknown>\n#13 0x5561c1ff0578 <unknown>\n#14 0x5561c1ff074b <unknown>\n#15 0x5561c20021a3 <unknown>\n#16 0x7ff3df89caa4 <unknown>\n#17 0x7ff3df929c6c <unknown>\n\n","statusTrace":"  File \"/home/runner/work/greencity5307/greencity5307/tests/ui/edit_profile_page_tests/test_edit_profile_info.py\", line 48, in test_update_basic_profile_information\n    personal_info_block.fill_city(new_city)\n  File \"/opt/hostedtoolcache/Python/3.12.12/x64/lib/python3.12/site-packages/allure_commons/_allure.py\", line 202, in impl\n    return func(*a, **kw)\n           ^^^^^^^^^^^^^^\n  File \"/home/runner/work/greencity5307/greencity5307/components/personal_info_component.py\", line 49, in fill_city\n    suggestion = wait.until(EC.presence_of_element_located((By.CSS_SELECTOR, \"mat-option\")))\n                 ^^^^^^^^^^^^^^^^^^^^^^^^^^^^^^^^^^^^^^^^^^^^^^^^^^^^^^^^^^^^^^^^^^^^^^^^^^^\n  File \"/opt/hostedtoolcache/Python/3.12.12/x64/lib/python3.12/site-packages/selenium/webdriver/support/wait.py\", line 121, in until\n    raise TimeoutException(message, screen, stacktrace)\n","steps":[{"name":"Fill Name field with value: 'Hlib'","time":{"start":1772387211025,"stop":1772387211433,"duration":408},"status":"passed","steps":[],"attachments":[],"parameters":[{"name":"name","value":"'Hlib'"}],"stepsCount":0,"shouldDisplayMessage":false,"attachmentsCount":0,"hasContent":true,"attachmentStep":false},{"name":"Fill City field with value: 'Київ' and select suggestion","time":{"start":1772387211433,"stop":1772387221830,"duration":10397},"status":"broken","statusMessage":"selenium.common.exceptions.TimeoutException: Message: \nStacktrace:\n#0 0x5561c2003b6a <unknown>\n#1 0x5561c1a16a32 <unknown>\n#2 0x5561c1a6bd66 <unknown>\n#3 0x5561c1a6bfa1 <unknown>\n#4 0x5561c1ab7144 <unknown>\n#5 0x5561c1ab4369 <unknown>\n#6 0x5561c1a5dc0f <unknown>\n#7 0x5561c1a5e9d1 <unknown>\n#8 0x5561c1fc86b9 <unknown>\n#9 0x5561c1fcb5c1 <unknown>\n#10 0x5561c1fb4e29 <unknown>\n#11 0x5561c1fcc17e <unknown>\n#12 0x5561c1f9b4b0 <unknown>\n#13 0x5561c1ff0578 <unknown>\n#14 0x5561c1ff074b <unknown>\n#15 0x5561c20021a3 <unknown>\n#16 0x7ff3df89caa4 <unknown>\n#17 0x7ff3df929c6c <unknown>\n\n","statusTrace":"  File \"/opt/hostedtoolcache/Python/3.12.12/x64/lib/python3.12/site-packages/allure_commons/_allure.py\", line 202, in impl\n    return func(*a, **kw)\n           ^^^^^^^^^^^^^^\n  File \"/home/runner/work/greencity5307/greencity5307/components/personal_info_component.py\", line 49, in fill_city\n    suggestion = wait.until(EC.presence_of_element_located((By.CSS_SELECTOR, \"mat-option\")))\n                 ^^^^^^^^^^^^^^^^^^^^^^^^^^^^^^^^^^^^^^^^^^^^^^^^^^^^^^^^^^^^^^^^^^^^^^^^^^^\n  File \"/opt/hostedtoolcache/Python/3.12.12/x64/lib/python3.12/site-packages/selenium/webdriver/support/wait.py\", line 121, in until\n    raise TimeoutException(message, screen, stacktrace)\n","steps":[],"attachments":[],"parameters":[{"name":"city","value":"'Київ'"}],"stepsCount":0,"shouldDisplayMessage":true,"attachmentsCount":0,"hasContent":true,"attachmentStep":false}],"attachments":[],"parameters":[],"stepsCount":2,"shouldDisplayMessage":false,"attachmentsCount":0,"hasContent":true,"attachmentStep":false}],"attachments":[{"uid":"1dc3ad958bcb4c3f","name":"failed_test_update_basic_profile_information[chrome-Hlib-\\u041a\\u0438\\u0457\\u0432-I sort waste every day]_2026-03-01_17-47-01","source":"1dc3ad958bcb4c3f.png","type":"image/png","size":52227}],"parameters":[],"stepsCount":8,"shouldDisplayMessage":true,"attachmentsCount":1,"hasContent":true,"attachmentStep":false},"afterStages":[{"name":"driver::0","time":{"start":1772387221910,"stop":1772387222023,"duration":113},"status":"passed","steps":[],"attachments":[],"parameters":[],"stepsCount":0,"shouldDisplayMessage":false,"attachmentsCount":0,"hasContent":false,"attachmentStep":false},{"name":"capture_logs_to_allure::0","time":{"start":1772387222023,"stop":1772387222023,"duration":0},"status":"passed","steps":[],"attachments":[],"parameters":[],"stepsCount":0,"shouldDisplayMessage":false,"attachmentsCount":0,"hasContent":false,"attachmentStep":false}],"labels":[{"name":"severity","value":"normal"},{"name":"parentSuite","value":"tests.ui.edit_profile_page_tests"},{"name":"suite","value":"test_edit_profile_info"},{"name":"host","value":"runnervmnay03"},{"name":"thread","value":"2690-MainThread"},{"name":"framework","value":"pytest"},{"name":"language","value":"cpython3"},{"name":"package","value":"tests.ui.edit_profile_page_tests.test_edit_profile_info"},{"name":"resultFormat","value":"allure2"}],"parameters":[{"name":"browser","value":"'chrome'"},{"name":"driver","value":"'chrome'"},{"name":"new_city","value":"'Київ'"},{"name":"new_credo","value":"'I sort waste every day'"},{"name":"new_name","value":"'Hlib'"}],"links":[],"hidden":false,"retry":false,"extra":{"severity":"normal","retries":[],"categories":[{"name":"Test defects","matchedStatuses":[],"flaky":false}],"tags":[]},"source":"aeda10ee7830b5ed.json","parameterValues":["'chrome'","'chrome'","'Київ'","'I sort waste every day'","'Hlib'"]}