{"uid":"c17dd9bc95e6c594","name":"Update basic profile information","fullName":"tests.ui.edit_profile_page_tests.test_edit_profile_info#test_update_basic_profile_information","historyId":"6b753b3deff5bedb1b37880c36b808c6","time":{"start":1772387224398,"stop":1772387236889,"duration":12491},"description":"Verify user can update name, city and credo on Edit Profile page and changes are saved successfully.","descriptionHtml":"<p>Verify user can update name, city and credo on Edit Profile page and changes are saved successfully.</p>\n","status":"broken","statusMessage":"selenium.common.exceptions.TimeoutException: Message: \nStacktrace:\n#0 0x56189bc88b6a <unknown>\n#1 0x56189b69ba32 <unknown>\n#2 0x56189b6f0d66 <unknown>\n#3 0x56189b6f0fa1 <unknown>\n#4 0x56189b73c144 <unknown>\n#5 0x56189b739369 <unknown>\n#6 0x56189b6e2c0f <unknown>\n#7 0x56189b6e39d1 <unknown>\n#8 0x56189bc4d6b9 <unknown>\n#9 0x56189bc505c1 <unknown>\n#10 0x56189bc39e29 <unknown>\n#11 0x56189bc5117e <unknown>\n#12 0x56189bc204b0 <unknown>\n#13 0x56189bc75578 <unknown>\n#14 0x56189bc7574b <unknown>\n#15 0x56189bc871a3 <unknown>\n#16 0x7f38cdc9caa4 <unknown>\n#17 0x7f38cdd29c6c <unknown>","statusTrace":"driver = <selenium.webdriver.chrome.webdriver.WebDriver (session=\"74c727e63ff07e862b06a75eab96c4b7\")>\nnew_name = 'Oleksandr', new_city = 'Харків', new_credo = 'Save nature every day'\n\n    @pytest.mark.parametrize(\n        \"new_name, new_city, new_credo\",\n        [\n            (\"Hlib\", \"Київ\", \"I sort waste every day\"),\n            (\"Oleksandr\", \"Харків\", \"Save nature every day\"),\n        ],\n    )\n    @allure.title(\"Update basic profile information\")\n    @allure.description(\n        \"Verify user can update name, city and credo on Edit Profile page \"\n        \"and changes are saved successfully.\"\n    )\n    @allure.severity(allure.severity_level.NORMAL)\n    def test_update_basic_profile_information(driver: WebDriver, new_name, new_city, new_credo):\n        \"\"\"TC-EP-01\"\"\"\n    \n        base_page = BasePage(driver)\n    \n        with allure.step(\"User signs in with valid credentials\"):\n            sign_in_component = base_page.header.click_sign_in_link()\n            sign_in_component.sign_in(Config.USER_EMAIL, Config.USER_PASSWORD)\n    \n        with allure.step(\"User opens Edit Profile page\"):\n            my_space_page = MySpaceAbstractPage(driver)\n            my_space_page.profile_banner.click_edit_btn()\n    \n            page = ProfileEditPage(driver)\n            personal_info_block = page.personal_info\n    \n        with allure.step(\"User updates personal information\"):\n            personal_info_block.fill_name(new_name)\n>           personal_info_block.fill_city(new_city)\n\ntests/ui/edit_profile_page_tests/test_edit_profile_info.py:48: \n_ _ _ _ _ _ _ _ _ _ _ _ _ _ _ _ _ _ _ _ _ _ _ _ _ _ _ _ _ _ _ _ _ _ _ _ _ _ _ _ \ncomponents/personal_info_component.py:49: in fill_city\n    suggestion = wait.until(EC.presence_of_element_located((By.CSS_SELECTOR, \"mat-option\")))\n_ _ _ _ _ _ _ _ _ _ _ _ _ _ _ _ _ _ _ _ _ _ _ _ _ _ _ _ _ _ _ _ _ _ _ _ _ _ _ _ \n\nself = <selenium.webdriver.support.wait.WebDriverWait (session=\"74c727e63ff07e862b06a75eab96c4b7\")>\nmethod = <function presence_of_element_located.<locals>._predicate at 0x7f3779249760>\nmessage = ''\n\n    def until(self, method: Callable[[D], Literal[False] | T], message: str = \"\") -> T:\n        \"\"\"Wait until the method returns a value that is not False.\n    \n        Calls the method provided with the driver as an argument until the\n        return value does not evaluate to ``False``.\n    \n        Args:\n            method: A callable object that takes a WebDriver instance as an\n                argument.\n            message: Optional message for TimeoutException.\n    \n        Returns:\n            The result of the last call to `method`.\n    \n        Raises:\n            TimeoutException: If 'method' does not return a truthy value within\n                the WebDriverWait object's timeout.\n    \n        Example:\n            >>> from selenium.webdriver.common.by import By\n            >>> from selenium.webdriver.support.ui import WebDriverWait\n            >>> from selenium.webdriver.support import expected_conditions as EC\n            >>>\n            >>> # Wait until an element is visible on the page\n            >>> wait = WebDriverWait(driver, 10)\n            >>> element = wait.until(EC.visibility_of_element_located((By.ID, \"exampleId\")))\n            >>> print(element.text)\n        \"\"\"\n        screen = None\n        stacktrace = None\n    \n        end_time = time.monotonic() + self._timeout\n        while True:\n            try:\n                value = method(self._driver)\n                if value:\n                    return value\n            except self._ignored_exceptions as exc:\n                screen = getattr(exc, \"screen\", None)\n                stacktrace = getattr(exc, \"stacktrace\", None)\n            if time.monotonic() > end_time:\n                break\n            time.sleep(self._poll)\n>       raise TimeoutException(message, screen, stacktrace)\nE       selenium.common.exceptions.TimeoutException: Message: \nE       Stacktrace:\nE       #0 0x56189bc88b6a <unknown>\nE       #1 0x56189b69ba32 <unknown>\nE       #2 0x56189b6f0d66 <unknown>\nE       #3 0x56189b6f0fa1 <unknown>\nE       #4 0x56189b73c144 <unknown>\nE       #5 0x56189b739369 <unknown>\nE       #6 0x56189b6e2c0f <unknown>\nE       #7 0x56189b6e39d1 <unknown>\nE       #8 0x56189bc4d6b9 <unknown>\nE       #9 0x56189bc505c1 <unknown>\nE       #10 0x56189bc39e29 <unknown>\nE       #11 0x56189bc5117e <unknown>\nE       #12 0x56189bc204b0 <unknown>\nE       #13 0x56189bc75578 <unknown>\nE       #14 0x56189bc7574b <unknown>\nE       #15 0x56189bc871a3 <unknown>\nE       #16 0x7f38cdc9caa4 <unknown>\nE       #17 0x7f38cdd29c6c <unknown>\n\n/opt/hostedtoolcache/Python/3.12.12/x64/lib/python3.12/site-packages/selenium/webdriver/support/wait.py:121: TimeoutException","flaky":false,"newFailed":false,"newBroken":false,"newPassed":false,"retriesCount":0,"retriesStatusChange":false,"beforeStages":[{"name":"capture_logs_to_allure","time":{"start":1772387222025,"stop":1772387222025,"duration":0},"status":"passed","steps":[],"attachments":[],"parameters":[],"stepsCount":0,"shouldDisplayMessage":false,"attachmentsCount":0,"hasContent":false,"attachmentStep":false},{"name":"driver","time":{"start":1772387222025,"stop":1772387224397,"duration":2372},"status":"passed","steps":[],"attachments":[],"parameters":[],"stepsCount":0,"shouldDisplayMessage":false,"attachmentsCount":0,"hasContent":false,"attachmentStep":false}],"testStage":{"description":"Verify user can update name, city and credo on Edit Profile page and changes are saved successfully.","status":"broken","statusMessage":"selenium.common.exceptions.TimeoutException: Message: \nStacktrace:\n#0 0x56189bc88b6a <unknown>\n#1 0x56189b69ba32 <unknown>\n#2 0x56189b6f0d66 <unknown>\n#3 0x56189b6f0fa1 <unknown>\n#4 0x56189b73c144 <unknown>\n#5 0x56189b739369 <unknown>\n#6 0x56189b6e2c0f <unknown>\n#7 0x56189b6e39d1 <unknown>\n#8 0x56189bc4d6b9 <unknown>\n#9 0x56189bc505c1 <unknown>\n#10 0x56189bc39e29 <unknown>\n#11 0x56189bc5117e <unknown>\n#12 0x56189bc204b0 <unknown>\n#13 0x56189bc75578 <unknown>\n#14 0x56189bc7574b <unknown>\n#15 0x56189bc871a3 <unknown>\n#16 0x7f38cdc9caa4 <unknown>\n#17 0x7f38cdd29c6c <unknown>","statusTrace":"driver = <selenium.webdriver.chrome.webdriver.WebDriver (session=\"74c727e63ff07e862b06a75eab96c4b7\")>\nnew_name = 'Oleksandr', new_city = 'Харків', new_credo = 'Save nature every day'\n\n    @pytest.mark.parametrize(\n        \"new_name, new_city, new_credo\",\n        [\n            (\"Hlib\", \"Київ\", \"I sort waste every day\"),\n            (\"Oleksandr\", \"Харків\", \"Save nature every day\"),\n        ],\n    )\n    @allure.title(\"Update basic profile information\")\n    @allure.description(\n        \"Verify user can update name, city and credo on Edit Profile page \"\n        \"and changes are saved successfully.\"\n    )\n    @allure.severity(allure.severity_level.NORMAL)\n    def test_update_basic_profile_information(driver: WebDriver, new_name, new_city, new_credo):\n        \"\"\"TC-EP-01\"\"\"\n    \n        base_page = BasePage(driver)\n    \n        with allure.step(\"User signs in with valid credentials\"):\n            sign_in_component = base_page.header.click_sign_in_link()\n            sign_in_component.sign_in(Config.USER_EMAIL, Config.USER_PASSWORD)\n    \n        with allure.step(\"User opens Edit Profile page\"):\n            my_space_page = MySpaceAbstractPage(driver)\n            my_space_page.profile_banner.click_edit_btn()\n    \n            page = ProfileEditPage(driver)\n            personal_info_block = page.personal_info\n    \n        with allure.step(\"User updates personal information\"):\n            personal_info_block.fill_name(new_name)\n>           personal_info_block.fill_city(new_city)\n\ntests/ui/edit_profile_page_tests/test_edit_profile_info.py:48: \n_ _ _ _ _ _ _ _ _ _ _ _ _ _ _ _ _ _ _ _ _ _ _ _ _ _ _ _ _ _ _ _ _ _ _ _ _ _ _ _ \ncomponents/personal_info_component.py:49: in fill_city\n    suggestion = wait.until(EC.presence_of_element_located((By.CSS_SELECTOR, \"mat-option\")))\n_ _ _ _ _ _ _ _ _ _ _ _ _ _ _ _ _ _ _ _ _ _ _ _ _ _ _ _ _ _ _ _ _ _ _ _ _ _ _ _ \n\nself = <selenium.webdriver.support.wait.WebDriverWait (session=\"74c727e63ff07e862b06a75eab96c4b7\")>\nmethod = <function presence_of_element_located.<locals>._predicate at 0x7f3779249760>\nmessage = ''\n\n    def until(self, method: Callable[[D], Literal[False] | T], message: str = \"\") -> T:\n        \"\"\"Wait until the method returns a value that is not False.\n    \n        Calls the method provided with the driver as an argument until the\n        return value does not evaluate to ``False``.\n    \n        Args:\n            method: A callable object that takes a WebDriver instance as an\n                argument.\n            message: Optional message for TimeoutException.\n    \n        Returns:\n            The result of the last call to `method`.\n    \n        Raises:\n            TimeoutException: If 'method' does not return a truthy value within\n                the WebDriverWait object's timeout.\n    \n        Example:\n            >>> from selenium.webdriver.common.by import By\n            >>> from selenium.webdriver.support.ui import WebDriverWait\n            >>> from selenium.webdriver.support import expected_conditions as EC\n            >>>\n            >>> # Wait until an element is visible on the page\n            >>> wait = WebDriverWait(driver, 10)\n            >>> element = wait.until(EC.visibility_of_element_located((By.ID, \"exampleId\")))\n            >>> print(element.text)\n        \"\"\"\n        screen = None\n        stacktrace = None\n    \n        end_time = time.monotonic() + self._timeout\n        while True:\n            try:\n                value = method(self._driver)\n                if value:\n                    return value\n            except self._ignored_exceptions as exc:\n                screen = getattr(exc, \"screen\", None)\n                stacktrace = getattr(exc, \"stacktrace\", None)\n            if time.monotonic() > end_time:\n                break\n            time.sleep(self._poll)\n>       raise TimeoutException(message, screen, stacktrace)\nE       selenium.common.exceptions.TimeoutException: Message: \nE       Stacktrace:\nE       #0 0x56189bc88b6a <unknown>\nE       #1 0x56189b69ba32 <unknown>\nE       #2 0x56189b6f0d66 <unknown>\nE       #3 0x56189b6f0fa1 <unknown>\nE       #4 0x56189b73c144 <unknown>\nE       #5 0x56189b739369 <unknown>\nE       #6 0x56189b6e2c0f <unknown>\nE       #7 0x56189b6e39d1 <unknown>\nE       #8 0x56189bc4d6b9 <unknown>\nE       #9 0x56189bc505c1 <unknown>\nE       #10 0x56189bc39e29 <unknown>\nE       #11 0x56189bc5117e <unknown>\nE       #12 0x56189bc204b0 <unknown>\nE       #13 0x56189bc75578 <unknown>\nE       #14 0x56189bc7574b <unknown>\nE       #15 0x56189bc871a3 <unknown>\nE       #16 0x7f38cdc9caa4 <unknown>\nE       #17 0x7f38cdd29c6c <unknown>\n\n/opt/hostedtoolcache/Python/3.12.12/x64/lib/python3.12/site-packages/selenium/webdriver/support/wait.py:121: TimeoutException","steps":[{"name":"User signs in with valid credentials","time":{"start":1772387224398,"stop":1772387225912,"duration":1514},"status":"passed","steps":[{"name":"Clicking signin button in the header","time":{"start":1772387224415,"stop":1772387225127,"duration":712},"status":"passed","steps":[],"attachments":[],"parameters":[],"stepsCount":0,"shouldDisplayMessage":false,"attachmentsCount":0,"hasContent":false,"attachmentStep":false},{"name":"Sign in","time":{"start":1772387225127,"stop":1772387225912,"duration":785},"status":"passed","steps":[],"attachments":[],"parameters":[{"name":"email","value":"'greencitytest69@hotmail.com'"},{"name":"password","value":"'asweQA5346!)'"}],"stepsCount":0,"shouldDisplayMessage":false,"attachmentsCount":0,"hasContent":true,"attachmentStep":false}],"attachments":[],"parameters":[],"stepsCount":2,"shouldDisplayMessage":false,"attachmentsCount":0,"hasContent":true,"attachmentStep":false},{"name":"User opens Edit Profile page","time":{"start":1772387225912,"stop":1772387226115,"duration":203},"status":"passed","steps":[{"name":"Click on Edit profile button on Profile Banner component","time":{"start":1772387225923,"stop":1772387226101,"duration":178},"status":"passed","steps":[],"attachments":[],"parameters":[],"stepsCount":0,"shouldDisplayMessage":false,"attachmentsCount":0,"hasContent":false,"attachmentStep":false}],"attachments":[],"parameters":[],"stepsCount":1,"shouldDisplayMessage":false,"attachmentsCount":0,"hasContent":true,"attachmentStep":false},{"name":"User updates personal information","time":{"start":1772387226115,"stop":1772387236888,"duration":10773},"status":"broken","statusMessage":"selenium.common.exceptions.TimeoutException: Message: \nStacktrace:\n#0 0x56189bc88b6a <unknown>\n#1 0x56189b69ba32 <unknown>\n#2 0x56189b6f0d66 <unknown>\n#3 0x56189b6f0fa1 <unknown>\n#4 0x56189b73c144 <unknown>\n#5 0x56189b739369 <unknown>\n#6 0x56189b6e2c0f <unknown>\n#7 0x56189b6e39d1 <unknown>\n#8 0x56189bc4d6b9 <unknown>\n#9 0x56189bc505c1 <unknown>\n#10 0x56189bc39e29 <unknown>\n#11 0x56189bc5117e <unknown>\n#12 0x56189bc204b0 <unknown>\n#13 0x56189bc75578 <unknown>\n#14 0x56189bc7574b <unknown>\n#15 0x56189bc871a3 <unknown>\n#16 0x7f38cdc9caa4 <unknown>\n#17 0x7f38cdd29c6c <unknown>\n\n","statusTrace":"  File \"/home/runner/work/greencity5307/greencity5307/tests/ui/edit_profile_page_tests/test_edit_profile_info.py\", line 48, in test_update_basic_profile_information\n    personal_info_block.fill_city(new_city)\n  File \"/opt/hostedtoolcache/Python/3.12.12/x64/lib/python3.12/site-packages/allure_commons/_allure.py\", line 202, in impl\n    return func(*a, **kw)\n           ^^^^^^^^^^^^^^\n  File \"/home/runner/work/greencity5307/greencity5307/components/personal_info_component.py\", line 49, in fill_city\n    suggestion = wait.until(EC.presence_of_element_located((By.CSS_SELECTOR, \"mat-option\")))\n                 ^^^^^^^^^^^^^^^^^^^^^^^^^^^^^^^^^^^^^^^^^^^^^^^^^^^^^^^^^^^^^^^^^^^^^^^^^^^\n  File \"/opt/hostedtoolcache/Python/3.12.12/x64/lib/python3.12/site-packages/selenium/webdriver/support/wait.py\", line 121, in until\n    raise TimeoutException(message, screen, stacktrace)\n","steps":[{"name":"Fill Name field with value: 'Oleksandr'","time":{"start":1772387226115,"stop":1772387226519,"duration":404},"status":"passed","steps":[],"attachments":[],"parameters":[{"name":"name","value":"'Oleksandr'"}],"stepsCount":0,"shouldDisplayMessage":false,"attachmentsCount":0,"hasContent":true,"attachmentStep":false},{"name":"Fill City field with value: 'Харків' and select suggestion","time":{"start":1772387226519,"stop":1772387236888,"duration":10369},"status":"broken","statusMessage":"selenium.common.exceptions.TimeoutException: Message: \nStacktrace:\n#0 0x56189bc88b6a <unknown>\n#1 0x56189b69ba32 <unknown>\n#2 0x56189b6f0d66 <unknown>\n#3 0x56189b6f0fa1 <unknown>\n#4 0x56189b73c144 <unknown>\n#5 0x56189b739369 <unknown>\n#6 0x56189b6e2c0f <unknown>\n#7 0x56189b6e39d1 <unknown>\n#8 0x56189bc4d6b9 <unknown>\n#9 0x56189bc505c1 <unknown>\n#10 0x56189bc39e29 <unknown>\n#11 0x56189bc5117e <unknown>\n#12 0x56189bc204b0 <unknown>\n#13 0x56189bc75578 <unknown>\n#14 0x56189bc7574b <unknown>\n#15 0x56189bc871a3 <unknown>\n#16 0x7f38cdc9caa4 <unknown>\n#17 0x7f38cdd29c6c <unknown>\n\n","statusTrace":"  File \"/opt/hostedtoolcache/Python/3.12.12/x64/lib/python3.12/site-packages/allure_commons/_allure.py\", line 202, in impl\n    return func(*a, **kw)\n           ^^^^^^^^^^^^^^\n  File \"/home/runner/work/greencity5307/greencity5307/components/personal_info_component.py\", line 49, in fill_city\n    suggestion = wait.until(EC.presence_of_element_located((By.CSS_SELECTOR, \"mat-option\")))\n                 ^^^^^^^^^^^^^^^^^^^^^^^^^^^^^^^^^^^^^^^^^^^^^^^^^^^^^^^^^^^^^^^^^^^^^^^^^^^\n  File \"/opt/hostedtoolcache/Python/3.12.12/x64/lib/python3.12/site-packages/selenium/webdriver/support/wait.py\", line 121, in until\n    raise TimeoutException(message, screen, stacktrace)\n","steps":[],"attachments":[],"parameters":[{"name":"city","value":"'Харків'"}],"stepsCount":0,"shouldDisplayMessage":true,"attachmentsCount":0,"hasContent":true,"attachmentStep":false}],"attachments":[],"parameters":[],"stepsCount":2,"shouldDisplayMessage":false,"attachmentsCount":0,"hasContent":true,"attachmentStep":false}],"attachments":[{"uid":"a5b83fd25bba511a","name":"failed_test_update_basic_profile_information[chrome-Oleksandr-\\u0425\\u0430\\u0440\\u043a\\u0456\\u0432-Save nature every day]_2026-03-01_17-47-16","source":"a5b83fd25bba511a.png","type":"image/png","size":53618}],"parameters":[],"stepsCount":8,"shouldDisplayMessage":true,"attachmentsCount":1,"hasContent":true,"attachmentStep":false},"afterStages":[{"name":"driver::0","time":{"start":1772387236944,"stop":1772387237050,"duration":106},"status":"passed","steps":[],"attachments":[],"parameters":[],"stepsCount":0,"shouldDisplayMessage":false,"attachmentsCount":0,"hasContent":false,"attachmentStep":false},{"name":"capture_logs_to_allure::0","time":{"start":1772387237050,"stop":1772387237050,"duration":0},"status":"passed","steps":[],"attachments":[],"parameters":[],"stepsCount":0,"shouldDisplayMessage":false,"attachmentsCount":0,"hasContent":false,"attachmentStep":false}],"labels":[{"name":"severity","value":"normal"},{"name":"parentSuite","value":"tests.ui.edit_profile_page_tests"},{"name":"suite","value":"test_edit_profile_info"},{"name":"host","value":"runnervmnay03"},{"name":"thread","value":"2690-MainThread"},{"name":"framework","value":"pytest"},{"name":"language","value":"cpython3"},{"name":"package","value":"tests.ui.edit_profile_page_tests.test_edit_profile_info"},{"name":"resultFormat","value":"allure2"}],"parameters":[{"name":"browser","value":"'chrome'"},{"name":"driver","value":"'chrome'"},{"name":"new_city","value":"'Харків'"},{"name":"new_credo","value":"'Save nature every day'"},{"name":"new_name","value":"'Oleksandr'"}],"links":[],"hidden":false,"retry":false,"extra":{"severity":"normal","retries":[],"categories":[{"name":"Test defects","matchedStatuses":[],"flaky":false}],"tags":[]},"source":"c17dd9bc95e6c594.json","parameterValues":["'chrome'","'chrome'","'Харків'","'Save nature every day'","'Oleksandr'"]}