{"uid":"e8933d34bc1cb480","name":"test_slider_keyboard_interaction[chrome]","fullName":"tests.ui.my_habit_tests.test_slider_keyboard_interaction#test_slider_keyboard_interaction","historyId":"01f03472b1170f9085ac8530eb18e8c9","time":{"start":1772141545308,"stop":1772141556767,"duration":11459},"description":"Check slider working","descriptionHtml":"<p>Check slider working</p>\n","status":"broken","statusMessage":"selenium.common.exceptions.NoSuchElementException: Message: Lazy resolution failed: Element via 'xpath'='(//app-one-habit)[1]' not found.; For documentation on this error, please visit: https://www.selenium.dev/documentation/webdriver/troubleshooting/errors#nosuchelementexception","statusTrace":"self = <pages.my_habit_page.MyHabitPage object at 0x7f7eece08320>, by = 'xpath'\nvalue = '(//app-one-habit)[1]'\nelement_type = <class 'components.user_habit_card_component.UserHabitCardComponent'>\n\n    def _resolve_element(self, by: str, value: str, element_type: type[T]) -> T:\n        \"\"\"\n        Explicitly locates and instantiates a WebElement or a Component.\n        \"\"\"\n        try:\n            # Search is triggered ONLY at the moment of physical attribute access\n>           web_element = self.root.find_element(by, value)\n\nutils/page_factory.py:61: \n_ _ _ _ _ _ _ _ _ _ _ _ _ _ _ _ _ _ _ _ _ _ _ _ _ _ _ _ _ _ _ _ _ _ _ _ _ _ _ _ \n/opt/hostedtoolcache/Python/3.12.12/x64/lib/python3.12/site-packages/selenium/webdriver/remote/webdriver.py:802: in find_element\n    return self.execute(Command.FIND_ELEMENT, {\"using\": by, \"value\": value})[\"value\"]\n/opt/hostedtoolcache/Python/3.12.12/x64/lib/python3.12/site-packages/selenium/webdriver/remote/webdriver.py:432: in execute\n    self.error_handler.check_response(response)\n_ _ _ _ _ _ _ _ _ _ _ _ _ _ _ _ _ _ _ _ _ _ _ _ _ _ _ _ _ _ _ _ _ _ _ _ _ _ _ _ \n\nself = <selenium.webdriver.remote.errorhandler.ErrorHandler object at 0x7f7eece0a8d0>\nresponse = {'status': 404, 'value': '{\"value\":{\"error\":\"no such element\",\"message\":\"no such element: Unable to locate element: {\\...\\\\n#15 0x55ec358251a3 \\\\u003Cunknown>\\\\n#16 0x7fb64489caa4 \\\\u003Cunknown>\\\\n#17 0x7fb644929c6c \\\\u003Cunknown>\\\\n\"}}'}\n\n    def check_response(self, response: dict[str, Any]) -> None:\n        \"\"\"Check that a JSON response from the WebDriver does not have an error.\n    \n        Args:\n            response: The JSON response from the WebDriver server as a dictionary\n                object.\n    \n        Raises:\n            WebDriverException: If the response contains an error message.\n        \"\"\"\n        status = response.get(\"status\", None)\n        if not status or status == ErrorCode.SUCCESS:\n            return\n        value = None\n        message = response.get(\"message\", \"\")\n        screen: str = response.get(\"screen\", \"\")\n        stacktrace = None\n        if isinstance(status, int):\n            value_json = response.get(\"value\", None)\n            if value_json and isinstance(value_json, str):\n                try:\n                    value = json.loads(value_json)\n                    if isinstance(value, dict):\n                        if len(value) == 1:\n                            value = value[\"value\"]\n                        status = value.get(\"error\", None)\n                        if not status:\n                            status = value.get(\"status\", ErrorCode.UNKNOWN_ERROR)\n                            message = value.get(\"value\") or value.get(\"message\")\n                            if not isinstance(message, str):\n                                value = message\n                                message = message.get(\"message\") if isinstance(message, dict) else None\n                        else:\n                            message = value.get(\"message\", None)\n                except ValueError:\n                    pass\n    \n        exception_class: type[WebDriverException]\n        e = ErrorCode()\n        error_codes = [item for item in dir(e) if not item.startswith(\"__\")]\n        for error_code in error_codes:\n            error_info = getattr(ErrorCode, error_code)\n            if isinstance(error_info, list) and status in error_info:\n                exception_class = getattr(ExceptionMapping, error_code, WebDriverException)\n                break\n        else:\n            exception_class = WebDriverException\n    \n        if not value:\n            value = response[\"value\"]\n        if isinstance(value, str):\n            raise exception_class(value)\n        if message == \"\" and \"message\" in value:\n            message = value[\"message\"]\n    \n        screen = None  # type: ignore[assignment]\n        if \"screen\" in value:\n            screen = value[\"screen\"]\n    \n        stacktrace = None\n        st_value = value.get(\"stackTrace\") or value.get(\"stacktrace\")\n        if st_value:\n            if isinstance(st_value, str):\n                stacktrace = st_value.split(\"\\n\")\n            else:\n                stacktrace = []\n                try:\n                    for frame in st_value:\n                        line = frame.get(\"lineNumber\", \"\")\n                        file = frame.get(\"fileName\", \"<anonymous>\")\n                        if line:\n                            file = f\"{file}:{line}\"\n                        meth = frame.get(\"methodName\", \"<anonymous>\")\n                        if \"className\" in frame:\n                            meth = f\"{frame['className']}.{meth}\"\n                        msg = \"    at %s (%s)\"\n                        msg = msg % (meth, file)\n                        stacktrace.append(msg)\n                except TypeError:\n                    pass\n        if exception_class == UnexpectedAlertPresentException:\n            alert_text = None\n            if \"data\" in value:\n                alert_text = value[\"data\"].get(\"text\")\n            elif \"alert\" in value:\n                alert_text = value[\"alert\"].get(\"text\")\n            raise exception_class(message, screen, stacktrace, alert_text)  # type: ignore[call-arg]  # mypy is not smart enough here\n>       raise exception_class(message, screen, stacktrace)\nE       selenium.common.exceptions.NoSuchElementException: Message: no such element: Unable to locate element: {\"method\":\"xpath\",\"selector\":\"(//app-one-habit)[1]\"}\nE         (Session info: chrome=145.0.7632.116); For documentation on this error, please visit: https://www.selenium.dev/documentation/webdriver/troubleshooting/errors#nosuchelementexception\nE       Stacktrace:\nE       #0 0x55ec35826b6a <unknown>\nE       #1 0x55ec35239a32 <unknown>\nE       #2 0x55ec3528ed66 <unknown>\nE       #3 0x55ec3528efa1 <unknown>\nE       #4 0x55ec352da144 <unknown>\nE       #5 0x55ec352d7369 <unknown>\nE       #6 0x55ec35280c0f <unknown>\nE       #7 0x55ec352819d1 <unknown>\nE       #8 0x55ec357eb6b9 <unknown>\nE       #9 0x55ec357ee5c1 <unknown>\nE       #10 0x55ec357d7e29 <unknown>\nE       #11 0x55ec357ef17e <unknown>\nE       #12 0x55ec357be4b0 <unknown>\nE       #13 0x55ec35813578 <unknown>\nE       #14 0x55ec3581374b <unknown>\nE       #15 0x55ec358251a3 <unknown>\nE       #16 0x7fb64489caa4 <unknown>\nE       #17 0x7fb644929c6c <unknown>\n\n/opt/hostedtoolcache/Python/3.12.12/x64/lib/python3.12/site-packages/selenium/webdriver/remote/errorhandler.py:232: NoSuchElementException\n\nThe above exception was the direct cause of the following exception:\n\ndriver = <selenium.webdriver.chrome.webdriver.WebDriver (session=\"f384a639ed36d4c5e9863f7f55b48492\")>\n\n    def test_slider_keyboard_interaction(driver: WebDriver):\n        \"\"\"Check slider working\"\"\"\n        base_page = BasePage(driver)\n    \n        sign_in_component = base_page.header.click_sign_in_link()\n    \n        sign_in_component.sign_in(Config.USER_EMAIL, Config.USER_PASSWORD)\n    \n        page = MyHabitPage(driver)\n    \n>       habit_card = page.get_habit_card()\n\ntests/ui/my_habit_tests/test_slider_keyboard_interaction.py:20: \n_ _ _ _ _ _ _ _ _ _ _ _ _ _ _ _ _ _ _ _ _ _ _ _ _ _ _ _ _ _ _ _ _ _ _ _ _ _ _ _ \npages/my_habit_page.py:31: in get_habit_card\n    return self.first_habit_card\nutils/page_factory.py:92: in __getattr__\n    return self._lazy_resolvers[name]()\nutils/page_factory.py:53: in <lambda>\n    lambda b=by, v=value, t=el_type: self._resolve_element(b, v, t)\n_ _ _ _ _ _ _ _ _ _ _ _ _ _ _ _ _ _ _ _ _ _ _ _ _ _ _ _ _ _ _ _ _ _ _ _ _ _ _ _ \n\nself = <pages.my_habit_page.MyHabitPage object at 0x7f7eece08320>, by = 'xpath'\nvalue = '(//app-one-habit)[1]'\nelement_type = <class 'components.user_habit_card_component.UserHabitCardComponent'>\n\n    def _resolve_element(self, by: str, value: str, element_type: type[T]) -> T:\n        \"\"\"\n        Explicitly locates and instantiates a WebElement or a Component.\n        \"\"\"\n        try:\n            # Search is triggered ONLY at the moment of physical attribute access\n            web_element = self.root.find_element(by, value)\n        except NoSuchElementException as e:\n>           raise NoSuchElementException(\n                f\"Lazy resolution failed: Element via '{by}'='{value}' not found.\"\n            ) from e\nE           selenium.common.exceptions.NoSuchElementException: Message: Lazy resolution failed: Element via 'xpath'='(//app-one-habit)[1]' not found.; For documentation on this error, please visit: https://www.selenium.dev/documentation/webdriver/troubleshooting/errors#nosuchelementexception\n\nutils/page_factory.py:63: NoSuchElementException","flaky":false,"newFailed":false,"newBroken":false,"newPassed":false,"retriesCount":0,"retriesStatusChange":false,"beforeStages":[{"name":"capture_logs_to_allure","time":{"start":1772141542525,"stop":1772141542525,"duration":0},"status":"passed","steps":[],"attachments":[],"parameters":[],"stepsCount":0,"shouldDisplayMessage":false,"attachmentsCount":0,"hasContent":false,"attachmentStep":false},{"name":"driver","time":{"start":1772141542525,"stop":1772141545308,"duration":2783},"status":"passed","steps":[],"attachments":[],"parameters":[],"stepsCount":0,"shouldDisplayMessage":false,"attachmentsCount":0,"hasContent":false,"attachmentStep":false}],"testStage":{"description":"Check slider working","status":"broken","statusMessage":"selenium.common.exceptions.NoSuchElementException: Message: Lazy resolution failed: Element via 'xpath'='(//app-one-habit)[1]' not found.; For documentation on this error, please visit: https://www.selenium.dev/documentation/webdriver/troubleshooting/errors#nosuchelementexception","statusTrace":"self = <pages.my_habit_page.MyHabitPage object at 0x7f7eece08320>, by = 'xpath'\nvalue = '(//app-one-habit)[1]'\nelement_type = <class 'components.user_habit_card_component.UserHabitCardComponent'>\n\n    def _resolve_element(self, by: str, value: str, element_type: type[T]) -> T:\n        \"\"\"\n        Explicitly locates and instantiates a WebElement or a Component.\n        \"\"\"\n        try:\n            # Search is triggered ONLY at the moment of physical attribute access\n>           web_element = self.root.find_element(by, value)\n\nutils/page_factory.py:61: \n_ _ _ _ _ _ _ _ _ _ _ _ _ _ _ _ _ _ _ _ _ _ _ _ _ _ _ _ _ _ _ _ _ _ _ _ _ _ _ _ \n/opt/hostedtoolcache/Python/3.12.12/x64/lib/python3.12/site-packages/selenium/webdriver/remote/webdriver.py:802: in find_element\n    return self.execute(Command.FIND_ELEMENT, {\"using\": by, \"value\": value})[\"value\"]\n/opt/hostedtoolcache/Python/3.12.12/x64/lib/python3.12/site-packages/selenium/webdriver/remote/webdriver.py:432: in execute\n    self.error_handler.check_response(response)\n_ _ _ _ _ _ _ _ _ _ _ _ _ _ _ _ _ _ _ _ _ _ _ _ _ _ _ _ _ _ _ _ _ _ _ _ _ _ _ _ \n\nself = <selenium.webdriver.remote.errorhandler.ErrorHandler object at 0x7f7eece0a8d0>\nresponse = {'status': 404, 'value': '{\"value\":{\"error\":\"no such element\",\"message\":\"no such element: Unable to locate element: {\\...\\\\n#15 0x55ec358251a3 \\\\u003Cunknown>\\\\n#16 0x7fb64489caa4 \\\\u003Cunknown>\\\\n#17 0x7fb644929c6c \\\\u003Cunknown>\\\\n\"}}'}\n\n    def check_response(self, response: dict[str, Any]) -> None:\n        \"\"\"Check that a JSON response from the WebDriver does not have an error.\n    \n        Args:\n            response: The JSON response from the WebDriver server as a dictionary\n                object.\n    \n        Raises:\n            WebDriverException: If the response contains an error message.\n        \"\"\"\n        status = response.get(\"status\", None)\n        if not status or status == ErrorCode.SUCCESS:\n            return\n        value = None\n        message = response.get(\"message\", \"\")\n        screen: str = response.get(\"screen\", \"\")\n        stacktrace = None\n        if isinstance(status, int):\n            value_json = response.get(\"value\", None)\n            if value_json and isinstance(value_json, str):\n                try:\n                    value = json.loads(value_json)\n                    if isinstance(value, dict):\n                        if len(value) == 1:\n                            value = value[\"value\"]\n                        status = value.get(\"error\", None)\n                        if not status:\n                            status = value.get(\"status\", ErrorCode.UNKNOWN_ERROR)\n                            message = value.get(\"value\") or value.get(\"message\")\n                            if not isinstance(message, str):\n                                value = message\n                                message = message.get(\"message\") if isinstance(message, dict) else None\n                        else:\n                            message = value.get(\"message\", None)\n                except ValueError:\n                    pass\n    \n        exception_class: type[WebDriverException]\n        e = ErrorCode()\n        error_codes = [item for item in dir(e) if not item.startswith(\"__\")]\n        for error_code in error_codes:\n            error_info = getattr(ErrorCode, error_code)\n            if isinstance(error_info, list) and status in error_info:\n                exception_class = getattr(ExceptionMapping, error_code, WebDriverException)\n                break\n        else:\n            exception_class = WebDriverException\n    \n        if not value:\n            value = response[\"value\"]\n        if isinstance(value, str):\n            raise exception_class(value)\n        if message == \"\" and \"message\" in value:\n            message = value[\"message\"]\n    \n        screen = None  # type: ignore[assignment]\n        if \"screen\" in value:\n            screen = value[\"screen\"]\n    \n        stacktrace = None\n        st_value = value.get(\"stackTrace\") or value.get(\"stacktrace\")\n        if st_value:\n            if isinstance(st_value, str):\n                stacktrace = st_value.split(\"\\n\")\n            else:\n                stacktrace = []\n                try:\n                    for frame in st_value:\n                        line = frame.get(\"lineNumber\", \"\")\n                        file = frame.get(\"fileName\", \"<anonymous>\")\n                        if line:\n                            file = f\"{file}:{line}\"\n                        meth = frame.get(\"methodName\", \"<anonymous>\")\n                        if \"className\" in frame:\n                            meth = f\"{frame['className']}.{meth}\"\n                        msg = \"    at %s (%s)\"\n                        msg = msg % (meth, file)\n                        stacktrace.append(msg)\n                except TypeError:\n                    pass\n        if exception_class == UnexpectedAlertPresentException:\n            alert_text = None\n            if \"data\" in value:\n                alert_text = value[\"data\"].get(\"text\")\n            elif \"alert\" in value:\n                alert_text = value[\"alert\"].get(\"text\")\n            raise exception_class(message, screen, stacktrace, alert_text)  # type: ignore[call-arg]  # mypy is not smart enough here\n>       raise exception_class(message, screen, stacktrace)\nE       selenium.common.exceptions.NoSuchElementException: Message: no such element: Unable to locate element: {\"method\":\"xpath\",\"selector\":\"(//app-one-habit)[1]\"}\nE         (Session info: chrome=145.0.7632.116); For documentation on this error, please visit: https://www.selenium.dev/documentation/webdriver/troubleshooting/errors#nosuchelementexception\nE       Stacktrace:\nE       #0 0x55ec35826b6a <unknown>\nE       #1 0x55ec35239a32 <unknown>\nE       #2 0x55ec3528ed66 <unknown>\nE       #3 0x55ec3528efa1 <unknown>\nE       #4 0x55ec352da144 <unknown>\nE       #5 0x55ec352d7369 <unknown>\nE       #6 0x55ec35280c0f <unknown>\nE       #7 0x55ec352819d1 <unknown>\nE       #8 0x55ec357eb6b9 <unknown>\nE       #9 0x55ec357ee5c1 <unknown>\nE       #10 0x55ec357d7e29 <unknown>\nE       #11 0x55ec357ef17e <unknown>\nE       #12 0x55ec357be4b0 <unknown>\nE       #13 0x55ec35813578 <unknown>\nE       #14 0x55ec3581374b <unknown>\nE       #15 0x55ec358251a3 <unknown>\nE       #16 0x7fb64489caa4 <unknown>\nE       #17 0x7fb644929c6c <unknown>\n\n/opt/hostedtoolcache/Python/3.12.12/x64/lib/python3.12/site-packages/selenium/webdriver/remote/errorhandler.py:232: NoSuchElementException\n\nThe above exception was the direct cause of the following exception:\n\ndriver = <selenium.webdriver.chrome.webdriver.WebDriver (session=\"f384a639ed36d4c5e9863f7f55b48492\")>\n\n    def test_slider_keyboard_interaction(driver: WebDriver):\n        \"\"\"Check slider working\"\"\"\n        base_page = BasePage(driver)\n    \n        sign_in_component = base_page.header.click_sign_in_link()\n    \n        sign_in_component.sign_in(Config.USER_EMAIL, Config.USER_PASSWORD)\n    \n        page = MyHabitPage(driver)\n    \n>       habit_card = page.get_habit_card()\n\ntests/ui/my_habit_tests/test_slider_keyboard_interaction.py:20: \n_ _ _ _ _ _ _ _ _ _ _ _ _ _ _ _ _ _ _ _ _ _ _ _ _ _ _ _ _ _ _ _ _ _ _ _ _ _ _ _ \npages/my_habit_page.py:31: in get_habit_card\n    return self.first_habit_card\nutils/page_factory.py:92: in __getattr__\n    return self._lazy_resolvers[name]()\nutils/page_factory.py:53: in <lambda>\n    lambda b=by, v=value, t=el_type: self._resolve_element(b, v, t)\n_ _ _ _ _ _ _ _ _ _ _ _ _ _ _ _ _ _ _ _ _ _ _ _ _ _ _ _ _ _ _ _ _ _ _ _ _ _ _ _ \n\nself = <pages.my_habit_page.MyHabitPage object at 0x7f7eece08320>, by = 'xpath'\nvalue = '(//app-one-habit)[1]'\nelement_type = <class 'components.user_habit_card_component.UserHabitCardComponent'>\n\n    def _resolve_element(self, by: str, value: str, element_type: type[T]) -> T:\n        \"\"\"\n        Explicitly locates and instantiates a WebElement or a Component.\n        \"\"\"\n        try:\n            # Search is triggered ONLY at the moment of physical attribute access\n            web_element = self.root.find_element(by, value)\n        except NoSuchElementException as e:\n>           raise NoSuchElementException(\n                f\"Lazy resolution failed: Element via '{by}'='{value}' not found.\"\n            ) from e\nE           selenium.common.exceptions.NoSuchElementException: Message: Lazy resolution failed: Element via 'xpath'='(//app-one-habit)[1]' not found.; For documentation on this error, please visit: https://www.selenium.dev/documentation/webdriver/troubleshooting/errors#nosuchelementexception\n\nutils/page_factory.py:63: NoSuchElementException","steps":[{"name":"Clicking signin button in the header","time":{"start":1772141545319,"stop":1772141545963,"duration":644},"status":"passed","steps":[],"attachments":[],"parameters":[],"stepsCount":0,"shouldDisplayMessage":false,"attachmentsCount":0,"hasContent":false,"attachmentStep":false},{"name":"Sign in","time":{"start":1772141545963,"stop":1772141546744,"duration":781},"status":"passed","steps":[],"attachments":[],"parameters":[{"name":"email","value":"'greencitytest69@hotmail.com'"},{"name":"password","value":"'asweQA5346!)'"}],"stepsCount":0,"shouldDisplayMessage":false,"attachmentsCount":0,"hasContent":true,"attachmentStep":false},{"name":"Get habit card component","time":{"start":1772141546744,"stop":1772141556767,"duration":10023},"status":"broken","statusMessage":"selenium.common.exceptions.NoSuchElementException: Message: Lazy resolution failed: Element via 'xpath'='(//app-one-habit)[1]' not found.; For documentation on this error, please visit: https://www.selenium.dev/documentation/webdriver/troubleshooting/errors#nosuchelementexception\n\n","statusTrace":"  File \"/opt/hostedtoolcache/Python/3.12.12/x64/lib/python3.12/site-packages/allure_commons/_allure.py\", line 202, in impl\n    return func(*a, **kw)\n           ^^^^^^^^^^^^^^\n  File \"/home/runner/work/greencity5307/greencity5307/pages/my_habit_page.py\", line 31, in get_habit_card\n    return self.first_habit_card\n           ^^^^^^^^^^^^^^^^^^^^^\n  File \"/home/runner/work/greencity5307/greencity5307/utils/page_factory.py\", line 92, in __getattr__\n    return self._lazy_resolvers[name]()\n           ^^^^^^^^^^^^^^^^^^^^^^^^^^^^\n  File \"/home/runner/work/greencity5307/greencity5307/utils/page_factory.py\", line 53, in <lambda>\n    lambda b=by, v=value, t=el_type: self._resolve_element(b, v, t)\n                                     ^^^^^^^^^^^^^^^^^^^^^^^^^^^^^^\n  File \"/home/runner/work/greencity5307/greencity5307/utils/page_factory.py\", line 63, in _resolve_element\n    raise NoSuchElementException(\n","steps":[],"attachments":[],"parameters":[],"stepsCount":0,"shouldDisplayMessage":true,"attachmentsCount":0,"hasContent":true,"attachmentStep":false}],"attachments":[{"uid":"f1996ef7edcb4231","name":"failed_test_slider_keyboard_interaction[chrome]_2026-02-26_21-32-36","source":"f1996ef7edcb4231.png","type":"image/png","size":154392}],"parameters":[],"stepsCount":3,"shouldDisplayMessage":true,"attachmentsCount":1,"hasContent":true,"attachmentStep":false},"afterStages":[{"name":"driver::0","time":{"start":1772141556886,"stop":1772141556989,"duration":103},"status":"passed","steps":[],"attachments":[],"parameters":[],"stepsCount":0,"shouldDisplayMessage":false,"attachmentsCount":0,"hasContent":false,"attachmentStep":false},{"name":"capture_logs_to_allure::0","time":{"start":1772141556990,"stop":1772141556990,"duration":0},"status":"passed","steps":[],"attachments":[],"parameters":[],"stepsCount":0,"shouldDisplayMessage":false,"attachmentsCount":0,"hasContent":false,"attachmentStep":false}],"labels":[{"name":"parentSuite","value":"tests.ui.my_habit_tests"},{"name":"suite","value":"test_slider_keyboard_interaction"},{"name":"host","value":"runnervmnay03"},{"name":"thread","value":"2671-MainThread"},{"name":"framework","value":"pytest"},{"name":"language","value":"cpython3"},{"name":"package","value":"tests.ui.my_habit_tests.test_slider_keyboard_interaction"},{"name":"resultFormat","value":"allure2"}],"parameters":[{"name":"browser","value":"'chrome'"},{"name":"driver","value":"'chrome'"}],"links":[],"hidden":false,"retry":false,"extra":{"severity":"normal","retries":[],"categories":[{"name":"Test defects","matchedStatuses":[],"flaky":false}],"history":{"statistic":{"failed":0,"broken":2,"skipped":0,"passed":0,"unknown":0,"total":2},"items":[{"uid":"64854019ddaa0a58","reportUrl":"https://UA-5307-TAQC.github.io/greencity5307/pr-121/268/#testresult/64854019ddaa0a58","status":"broken","statusDetails":"TypeError: SignInComponent.sign_in() takes 3 positional arguments but 4 were given","time":{"start":1772124195139,"stop":1772124196787,"duration":1648}}]},"tags":[]},"source":"e8933d34bc1cb480.json","parameterValues":["'chrome'","'chrome'"]}