{"uid":"4d000eb33ab89a25","name":"Test Validation: Create Eco News with Valid Data. Open Create Eco News page.","fullName":"tests.test_createupdateeconewspage.TestCreateUpdateEcoNewsPage#test_open_create_update_eco_news_page","historyId":"7ad66326c6543dceaa43414e727d98b6","time":{"start":1771324313552,"stop":1771324323743,"duration":10191},"description":"This test verifies that a user can successfully open eco news page. ","descriptionHtml":"<p>This test verifies that a user can successfully open eco news page.</p>\n","status":"broken","statusMessage":"selenium.common.exceptions.TimeoutException: Message: \nStacktrace:\n#0 0x55604e051a4a <unknown>\n#1 0x55604da6a6a2 <unknown>\n#2 0x55604dabfa8d <unknown>\n#3 0x55604dabfcd1 <unknown>\n#4 0x55604db0b5c4 <unknown>\n#5 0x55604db087f0 <unknown>\n#6 0x55604dab18b2 <unknown>\n#7 0x55604dab26a1 <unknown>\n#8 0x55604e0178a9 <unknown>\n#9 0x55604e01a7b1 <unknown>\n#10 0x55604e003ea9 <unknown>\n#11 0x55604e01b36e <unknown>\n#12 0x55604dfea410 <unknown>\n#13 0x55604e03f0c8 <unknown>\n#14 0x55604e03f29b <unknown>\n#15 0x55604e050db8 <unknown>\n#16 0x7f212909caa4 <unknown>\n#17 0x7f2129129c6c <unknown>","statusTrace":"self = <greencity5307.tests.test_createupdateeconewspage.TestCreateUpdateEcoNewsPage object at 0x7f46d7b2bd70>\ndriver = <selenium.webdriver.chrome.webdriver.WebDriver (session=\"b9c4933c369b0568e37116879ada01c8\")>\n\n    @allure.title(\"Test Validation: Create Eco News with Valid Data. Open Create Eco News page.\")\n    @allure.description(\n        \"This test verifies that a user can successfully open eco news page. \")\n    @allure.severity(allure.severity_level.CRITICAL)\n    @allure.label(\"owner\", \"vitalina.kliuieva\")\n    @allure.testcase(\"TC-101\")\n    @allure.step(\"Open Create Eco News page\")\n    def test_open_create_update_eco_news_page(self, driver):\n        \"\"\"Open Create Eco News page.\"\"\"\n>       page = CreateUpdateEcoNewsPage(driver)\n               ^^^^^^^^^^^^^^^^^^^^^^^^^^^^^^^\n\ntests/test_createupdateeconewspage.py:26: \n_ _ _ _ _ _ _ _ _ _ _ _ _ _ _ _ _ _ _ _ _ _ _ _ _ _ _ _ _ _ _ _ _ _ _ _ _ _ _ _ \npages/create_update_eco_news_page.py:22: in __init__\n    self.title_component = CreateUpdateNewsTitleComponent(self.find(self.page_title_locator))\n                                                          ^^^^^^^^^^^^^^^^^^^^^^^^^^^^^^^^^^\npages/base_page.py:32: in find\n    return self.wait.until(EC.visibility_of_element_located(locator))\n           ^^^^^^^^^^^^^^^^^^^^^^^^^^^^^^^^^^^^^^^^^^^^^^^^^^^^^^^^^^\n_ _ _ _ _ _ _ _ _ _ _ _ _ _ _ _ _ _ _ _ _ _ _ _ _ _ _ _ _ _ _ _ _ _ _ _ _ _ _ _ \n\nself = <selenium.webdriver.support.wait.WebDriverWait (session=\"b9c4933c369b0568e37116879ada01c8\")>\nmethod = <function visibility_of_element_located.<locals>._predicate at 0x7f46d7902c00>\nmessage = ''\n\n    def until(self, method: Callable[[D], Literal[False] | T], message: str = \"\") -> T:\n        \"\"\"Wait until the method returns a value that is not False.\n    \n        Calls the method provided with the driver as an argument until the\n        return value does not evaluate to ``False``.\n    \n        Args:\n            method: A callable object that takes a WebDriver instance as an\n                argument.\n            message: Optional message for TimeoutException.\n    \n        Returns:\n            The result of the last call to `method`.\n    \n        Raises:\n            TimeoutException: If 'method' does not return a truthy value within\n                the WebDriverWait object's timeout.\n    \n        Example:\n            >>> from selenium.webdriver.common.by import By\n            >>> from selenium.webdriver.support.ui import WebDriverWait\n            >>> from selenium.webdriver.support import expected_conditions as EC\n            >>>\n            >>> # Wait until an element is visible on the page\n            >>> wait = WebDriverWait(driver, 10)\n            >>> element = wait.until(EC.visibility_of_element_located((By.ID, \"exampleId\")))\n            >>> print(element.text)\n        \"\"\"\n        screen = None\n        stacktrace = None\n    \n        end_time = time.monotonic() + self._timeout\n        while True:\n            try:\n                value = method(self._driver)\n                if value:\n                    return value\n            except self._ignored_exceptions as exc:\n                screen = getattr(exc, \"screen\", None)\n                stacktrace = getattr(exc, \"stacktrace\", None)\n            if time.monotonic() > end_time:\n                break\n            time.sleep(self._poll)\n>       raise TimeoutException(message, screen, stacktrace)\nE       selenium.common.exceptions.TimeoutException: Message: \nE       Stacktrace:\nE       #0 0x55604e051a4a <unknown>\nE       #1 0x55604da6a6a2 <unknown>\nE       #2 0x55604dabfa8d <unknown>\nE       #3 0x55604dabfcd1 <unknown>\nE       #4 0x55604db0b5c4 <unknown>\nE       #5 0x55604db087f0 <unknown>\nE       #6 0x55604dab18b2 <unknown>\nE       #7 0x55604dab26a1 <unknown>\nE       #8 0x55604e0178a9 <unknown>\nE       #9 0x55604e01a7b1 <unknown>\nE       #10 0x55604e003ea9 <unknown>\nE       #11 0x55604e01b36e <unknown>\nE       #12 0x55604dfea410 <unknown>\nE       #13 0x55604e03f0c8 <unknown>\nE       #14 0x55604e03f29b <unknown>\nE       #15 0x55604e050db8 <unknown>\nE       #16 0x7f212909caa4 <unknown>\nE       #17 0x7f2129129c6c <unknown>\n\n/opt/hostedtoolcache/Python/3.12.12/x64/lib/python3.12/site-packages/selenium/webdriver/support/wait.py:121: TimeoutException","flaky":false,"newFailed":false,"newBroken":false,"newPassed":false,"retriesCount":0,"retriesStatusChange":false,"beforeStages":[{"name":"driver","time":{"start":1771324310842,"stop":1771324313552,"duration":2710},"status":"passed","steps":[],"attachments":[],"parameters":[],"stepsCount":0,"shouldDisplayMessage":false,"attachmentsCount":0,"hasContent":false,"attachmentStep":false}],"testStage":{"description":"This test verifies that a user can successfully open eco news page. ","status":"broken","statusMessage":"selenium.common.exceptions.TimeoutException: Message: \nStacktrace:\n#0 0x55604e051a4a <unknown>\n#1 0x55604da6a6a2 <unknown>\n#2 0x55604dabfa8d <unknown>\n#3 0x55604dabfcd1 <unknown>\n#4 0x55604db0b5c4 <unknown>\n#5 0x55604db087f0 <unknown>\n#6 0x55604dab18b2 <unknown>\n#7 0x55604dab26a1 <unknown>\n#8 0x55604e0178a9 <unknown>\n#9 0x55604e01a7b1 <unknown>\n#10 0x55604e003ea9 <unknown>\n#11 0x55604e01b36e <unknown>\n#12 0x55604dfea410 <unknown>\n#13 0x55604e03f0c8 <unknown>\n#14 0x55604e03f29b <unknown>\n#15 0x55604e050db8 <unknown>\n#16 0x7f212909caa4 <unknown>\n#17 0x7f2129129c6c <unknown>","statusTrace":"self = <greencity5307.tests.test_createupdateeconewspage.TestCreateUpdateEcoNewsPage object at 0x7f46d7b2bd70>\ndriver = <selenium.webdriver.chrome.webdriver.WebDriver (session=\"b9c4933c369b0568e37116879ada01c8\")>\n\n    @allure.title(\"Test Validation: Create Eco News with Valid Data. Open Create Eco News page.\")\n    @allure.description(\n        \"This test verifies that a user can successfully open eco news page. \")\n    @allure.severity(allure.severity_level.CRITICAL)\n    @allure.label(\"owner\", \"vitalina.kliuieva\")\n    @allure.testcase(\"TC-101\")\n    @allure.step(\"Open Create Eco News page\")\n    def test_open_create_update_eco_news_page(self, driver):\n        \"\"\"Open Create Eco News page.\"\"\"\n>       page = CreateUpdateEcoNewsPage(driver)\n               ^^^^^^^^^^^^^^^^^^^^^^^^^^^^^^^\n\ntests/test_createupdateeconewspage.py:26: \n_ _ _ _ _ _ _ _ _ _ _ _ _ _ _ _ _ _ _ _ _ _ _ _ _ _ _ _ _ _ _ _ _ _ _ _ _ _ _ _ \npages/create_update_eco_news_page.py:22: in __init__\n    self.title_component = CreateUpdateNewsTitleComponent(self.find(self.page_title_locator))\n                                                          ^^^^^^^^^^^^^^^^^^^^^^^^^^^^^^^^^^\npages/base_page.py:32: in find\n    return self.wait.until(EC.visibility_of_element_located(locator))\n           ^^^^^^^^^^^^^^^^^^^^^^^^^^^^^^^^^^^^^^^^^^^^^^^^^^^^^^^^^^\n_ _ _ _ _ _ _ _ _ _ _ _ _ _ _ _ _ _ _ _ _ _ _ _ _ _ _ _ _ _ _ _ _ _ _ _ _ _ _ _ \n\nself = <selenium.webdriver.support.wait.WebDriverWait (session=\"b9c4933c369b0568e37116879ada01c8\")>\nmethod = <function visibility_of_element_located.<locals>._predicate at 0x7f46d7902c00>\nmessage = ''\n\n    def until(self, method: Callable[[D], Literal[False] | T], message: str = \"\") -> T:\n        \"\"\"Wait until the method returns a value that is not False.\n    \n        Calls the method provided with the driver as an argument until the\n        return value does not evaluate to ``False``.\n    \n        Args:\n            method: A callable object that takes a WebDriver instance as an\n                argument.\n            message: Optional message for TimeoutException.\n    \n        Returns:\n            The result of the last call to `method`.\n    \n        Raises:\n            TimeoutException: If 'method' does not return a truthy value within\n                the WebDriverWait object's timeout.\n    \n        Example:\n            >>> from selenium.webdriver.common.by import By\n            >>> from selenium.webdriver.support.ui import WebDriverWait\n            >>> from selenium.webdriver.support import expected_conditions as EC\n            >>>\n            >>> # Wait until an element is visible on the page\n            >>> wait = WebDriverWait(driver, 10)\n            >>> element = wait.until(EC.visibility_of_element_located((By.ID, \"exampleId\")))\n            >>> print(element.text)\n        \"\"\"\n        screen = None\n        stacktrace = None\n    \n        end_time = time.monotonic() + self._timeout\n        while True:\n            try:\n                value = method(self._driver)\n                if value:\n                    return value\n            except self._ignored_exceptions as exc:\n                screen = getattr(exc, \"screen\", None)\n                stacktrace = getattr(exc, \"stacktrace\", None)\n            if time.monotonic() > end_time:\n                break\n            time.sleep(self._poll)\n>       raise TimeoutException(message, screen, stacktrace)\nE       selenium.common.exceptions.TimeoutException: Message: \nE       Stacktrace:\nE       #0 0x55604e051a4a <unknown>\nE       #1 0x55604da6a6a2 <unknown>\nE       #2 0x55604dabfa8d <unknown>\nE       #3 0x55604dabfcd1 <unknown>\nE       #4 0x55604db0b5c4 <unknown>\nE       #5 0x55604db087f0 <unknown>\nE       #6 0x55604dab18b2 <unknown>\nE       #7 0x55604dab26a1 <unknown>\nE       #8 0x55604e0178a9 <unknown>\nE       #9 0x55604e01a7b1 <unknown>\nE       #10 0x55604e003ea9 <unknown>\nE       #11 0x55604e01b36e <unknown>\nE       #12 0x55604dfea410 <unknown>\nE       #13 0x55604e03f0c8 <unknown>\nE       #14 0x55604e03f29b <unknown>\nE       #15 0x55604e050db8 <unknown>\nE       #16 0x7f212909caa4 <unknown>\nE       #17 0x7f2129129c6c <unknown>\n\n/opt/hostedtoolcache/Python/3.12.12/x64/lib/python3.12/site-packages/selenium/webdriver/support/wait.py:121: TimeoutException","steps":[{"name":"Open Create Eco News page","time":{"start":1771324313552,"stop":1771324323742,"duration":10190},"status":"broken","statusMessage":"selenium.common.exceptions.TimeoutException: Message: \nStacktrace:\n#0 0x55604e051a4a <unknown>\n#1 0x55604da6a6a2 <unknown>\n#2 0x55604dabfa8d <unknown>\n#3 0x55604dabfcd1 <unknown>\n#4 0x55604db0b5c4 <unknown>\n#5 0x55604db087f0 <unknown>\n#6 0x55604dab18b2 <unknown>\n#7 0x55604dab26a1 <unknown>\n#8 0x55604e0178a9 <unknown>\n#9 0x55604e01a7b1 <unknown>\n#10 0x55604e003ea9 <unknown>\n#11 0x55604e01b36e <unknown>\n#12 0x55604dfea410 <unknown>\n#13 0x55604e03f0c8 <unknown>\n#14 0x55604e03f29b <unknown>\n#15 0x55604e050db8 <unknown>\n#16 0x7f212909caa4 <unknown>\n#17 0x7f2129129c6c <unknown>\n\n","statusTrace":"  File \"/opt/hostedtoolcache/Python/3.12.12/x64/lib/python3.12/site-packages/allure_commons/_allure.py\", line 202, in impl\n    return func(*a, **kw)\n           ^^^^^^^^^^^^^^\n  File \"/home/runner/work/greencity5307/greencity5307/tests/test_createupdateeconewspage.py\", line 26, in test_open_create_update_eco_news_page\n    page = CreateUpdateEcoNewsPage(driver)\n           ^^^^^^^^^^^^^^^^^^^^^^^^^^^^^^^\n  File \"/home/runner/work/greencity5307/greencity5307/pages/create_update_eco_news_page.py\", line 22, in __init__\n    self.title_component = CreateUpdateNewsTitleComponent(self.find(self.page_title_locator))\n                                                          ^^^^^^^^^^^^^^^^^^^^^^^^^^^^^^^^^^\n  File \"/home/runner/work/greencity5307/greencity5307/pages/base_page.py\", line 32, in find\n    return self.wait.until(EC.visibility_of_element_located(locator))\n           ^^^^^^^^^^^^^^^^^^^^^^^^^^^^^^^^^^^^^^^^^^^^^^^^^^^^^^^^^^\n  File \"/opt/hostedtoolcache/Python/3.12.12/x64/lib/python3.12/site-packages/selenium/webdriver/support/wait.py\", line 121, in until\n    raise TimeoutException(message, screen, stacktrace)\n","steps":[],"attachments":[],"parameters":[{"name":"driver","value":"<selenium.webdriver.chrome.webdriver.WebDriver (session=\"b9c4933c369b0568e37116879ada01c8\")>"}],"stepsCount":0,"shouldDisplayMessage":true,"attachmentsCount":0,"hasContent":true,"attachmentStep":false}],"attachments":[],"parameters":[],"stepsCount":1,"shouldDisplayMessage":true,"attachmentsCount":0,"hasContent":true,"attachmentStep":false},"afterStages":[{"name":"driver::0","time":{"start":1771324323786,"stop":1771324323883,"duration":97},"status":"passed","steps":[],"attachments":[],"parameters":[],"stepsCount":0,"shouldDisplayMessage":false,"attachmentsCount":0,"hasContent":false,"attachmentStep":false}],"labels":[{"name":"owner","value":"vitalina.kliuieva"},{"name":"severity","value":"critical"},{"name":"tag","value":"regression"},{"name":"parentSuite","value":"tests"},{"name":"suite","value":"test_createupdateeconewspage"},{"name":"subSuite","value":"TestCreateUpdateEcoNewsPage"},{"name":"host","value":"runnervmjduv7"},{"name":"thread","value":"2660-MainThread"},{"name":"framework","value":"pytest"},{"name":"language","value":"cpython3"},{"name":"package","value":"tests.test_createupdateeconewspage"},{"name":"resultFormat","value":"allure2"}],"parameters":[{"name":"browser","value":"'chrome'"},{"name":"driver","value":"'chrome'"}],"links":[{"name":"TC-101","url":"TC-101","type":"tms"}],"hidden":false,"retry":false,"extra":{"severity":"critical","owner":"vitalina.kliuieva","retries":[],"categories":[{"name":"Test defects","matchedStatuses":[],"flaky":false}],"history":{"statistic":{"failed":0,"broken":2,"skipped":0,"passed":0,"unknown":0,"total":2},"items":[{"uid":"4d63e947a4544ff8","reportUrl":"https://UA-5307-TAQC.github.io/greencity5307/pr-78/114/#testresult/4d63e947a4544ff8","status":"broken","statusDetails":"selenium.common.exceptions.TimeoutException: Message: \nStacktrace:\n#0 0x557fad286a4a <unknown>\n#1 0x557facc9f6a2 <unknown>\n#2 0x557faccf4a8d <unknown>\n#3 0x557faccf4cd1 <unknown>\n#4 0x557facd405c4 <unknown>\n#5 0x557facd3d7f0 <unknown>\n#6 0x557facce68b2 <unknown>\n#7 0x557facce76a1 <unknown>\n#8 0x557fad24c8a9 <unknown>\n#9 0x557fad24f7b1 <unknown>\n#10 0x557fad238ea9 <unknown>\n#11 0x557fad25036e <unknown>\n#12 0x557fad21f410 <unknown>\n#13 0x557fad2740c8 <unknown>\n#14 0x557fad27429b <unknown>\n#15 0x557fad285db8 <unknown>\n#16 0x7fbaf8e9caa4 <unknown>\n#17 0x7fbaf8f29c6c <unknown>","time":{"start":1771273344047,"stop":1771273354177,"duration":10130}}]},"tags":["regression"]},"source":"4d000eb33ab89a25.json","parameterValues":["'chrome'","'chrome'"]}