{"uid":"5a62da20e2abb883","name":"Change language test for main page.","fullName":"tests.ui.test_change_language#test_change_language","historyId":"46d2213f4ba144acf43881a31cb51ce5","time":{"start":1771325967699,"stop":1771325978132,"duration":10433},"description":"Change language test for main page.","descriptionHtml":"<p>Change language test for main page.</p>\n","status":"broken","statusMessage":"selenium.common.exceptions.TimeoutException: Message: Текст не змінився на 'Еко Новини' після перемикання","statusTrace":"driver = <selenium.webdriver.chrome.webdriver.WebDriver (session=\"02c93771695cbc8cb8f02e6e48445b91\")>\n\n    @allure.title('Change language test for main page.')\n    def test_change_language(driver: WebDriver):\n        \"\"\"Change language test for main page.\"\"\"\n        main_page = MainPage(driver)\n    \n>       WebDriverWait(driver, 10).until(\n            expected_conditions.text_to_be_present_in_element(main_page.eco_news_locator, \"Еко Новини\"),\n            message=\"Текст не змінився на 'Еко Новини' після перемикання\"\n        )\n\ntests/ui/test_change_language.py:13: \n_ _ _ _ _ _ _ _ _ _ _ _ _ _ _ _ _ _ _ _ _ _ _ _ _ _ _ _ _ _ _ _ _ _ _ _ _ _ _ _ \n\nself = <selenium.webdriver.support.wait.WebDriverWait (session=\"02c93771695cbc8cb8f02e6e48445b91\")>\nmethod = <function text_to_be_present_in_element.<locals>._predicate at 0x7f4cd82f1da0>\nmessage = \"Текст не змінився на 'Еко Новини' після перемикання\"\n\n    def until(self, method: Callable[[D], Literal[False] | T], message: str = \"\") -> T:\n        \"\"\"Wait until the method returns a value that is not False.\n    \n        Calls the method provided with the driver as an argument until the\n        return value does not evaluate to ``False``.\n    \n        Args:\n            method: A callable object that takes a WebDriver instance as an\n                argument.\n            message: Optional message for TimeoutException.\n    \n        Returns:\n            The result of the last call to `method`.\n    \n        Raises:\n            TimeoutException: If 'method' does not return a truthy value within\n                the WebDriverWait object's timeout.\n    \n        Example:\n            >>> from selenium.webdriver.common.by import By\n            >>> from selenium.webdriver.support.ui import WebDriverWait\n            >>> from selenium.webdriver.support import expected_conditions as EC\n            >>>\n            >>> # Wait until an element is visible on the page\n            >>> wait = WebDriverWait(driver, 10)\n            >>> element = wait.until(EC.visibility_of_element_located((By.ID, \"exampleId\")))\n            >>> print(element.text)\n        \"\"\"\n        screen = None\n        stacktrace = None\n    \n        end_time = time.monotonic() + self._timeout\n        while True:\n            try:\n                value = method(self._driver)\n                if value:\n                    return value\n            except self._ignored_exceptions as exc:\n                screen = getattr(exc, \"screen\", None)\n                stacktrace = getattr(exc, \"stacktrace\", None)\n            if time.monotonic() > end_time:\n                break\n            time.sleep(self._poll)\n>       raise TimeoutException(message, screen, stacktrace)\nE       selenium.common.exceptions.TimeoutException: Message: Текст не змінився на 'Еко Новини' після перемикання\n\n/opt/hostedtoolcache/Python/3.12.12/x64/lib/python3.12/site-packages/selenium/webdriver/support/wait.py:121: TimeoutException","flaky":false,"newFailed":false,"newBroken":false,"newPassed":false,"retriesCount":0,"retriesStatusChange":false,"beforeStages":[{"name":"driver","time":{"start":1771325957480,"stop":1771325967699,"duration":10219},"status":"passed","steps":[],"attachments":[],"parameters":[],"stepsCount":0,"shouldDisplayMessage":false,"attachmentsCount":0,"hasContent":false,"attachmentStep":false}],"afterStages":[{"name":"driver::0","time":{"start":1771325978158,"stop":1771325978256,"duration":98},"status":"passed","steps":[],"attachments":[],"parameters":[],"stepsCount":0,"shouldDisplayMessage":false,"attachmentsCount":0,"hasContent":false,"attachmentStep":false}],"labels":[{"name":"parentSuite","value":"tests.ui"},{"name":"suite","value":"test_change_language"},{"name":"host","value":"runnervmjduv7"},{"name":"thread","value":"2636-MainThread"},{"name":"framework","value":"pytest"},{"name":"language","value":"cpython3"},{"name":"package","value":"tests.ui.test_change_language"},{"name":"resultFormat","value":"allure2"}],"parameters":[{"name":"browser","value":"'chrome'"},{"name":"driver","value":"'chrome'"}],"links":[],"hidden":false,"retry":false,"extra":{"severity":"normal","retries":[],"categories":[{"name":"Test defects","matchedStatuses":[],"flaky":false}],"history":{"statistic":{"failed":0,"broken":3,"skipped":0,"passed":0,"unknown":0,"total":3},"items":[{"uid":"4c86b87947afafc9","reportUrl":"https://UA-5307-TAQC.github.io/greencity5307/pr-96/130/#testresult/4c86b87947afafc9","status":"broken","statusDetails":"selenium.common.exceptions.SessionNotCreatedException: Message: session not created: Chrome instance exited. Examine ChromeDriver verbose log to determine the cause.; For documentation on this error, please visit: https://www.selenium.dev/documentation/webdriver/troubleshooting/errors#sessionnotcreatedexception\nStacktrace:\n#0 0x55e5066e8a4a <unknown>\n#1 0x55e5061016a2 <unknown>\n#2 0x55e50613f1dd <unknown>\n#3 0x55e506139ef9 <unknown>\n#4 0x55e50618c06e <unknown>\n#5 0x55e50618b75c <unknown>\n#6 0x55e5061488b2 <unknown>\n#7 0x55e5061496a1 <unknown>\n#8 0x55e5066ae8a9 <unknown>\n#9 0x55e5066b17b1 <unknown>\n#10 0x55e50669aea9 <unknown>\n#11 0x55e5066b236e <unknown>\n#12 0x55e506681410 <unknown>\n#13 0x55e5066d60c8 <unknown>\n#14 0x55e5066d629b <unknown>\n#15 0x55e5066e7db8 <unknown>\n#16 0x7f05b409caa4 <unknown>\n#17 0x7f05b4129c6c <unknown>","time":{"start":1771323630537,"stop":1771323630537,"duration":0}},{"uid":"c6cdcd52517abe27","reportUrl":"https://UA-5307-TAQC.github.io/greencity5307/pr-96/123/#testresult/c6cdcd52517abe27","status":"broken","statusDetails":"selenium.common.exceptions.SessionNotCreatedException: Message: session not created: Chrome instance exited. Examine ChromeDriver verbose log to determine the cause.; For documentation on this error, please visit: https://www.selenium.dev/documentation/webdriver/troubleshooting/errors#sessionnotcreatedexception\nStacktrace:\n#0 0x55b0b3ba3a4a <unknown>\n#1 0x55b0b35bc6a2 <unknown>\n#2 0x55b0b35fa1dd <unknown>\n#3 0x55b0b35f4ef9 <unknown>\n#4 0x55b0b364706e <unknown>\n#5 0x55b0b364675c <unknown>\n#6 0x55b0b36038b2 <unknown>\n#7 0x55b0b36046a1 <unknown>\n#8 0x55b0b3b698a9 <unknown>\n#9 0x55b0b3b6c7b1 <unknown>\n#10 0x55b0b3b55ea9 <unknown>\n#11 0x55b0b3b6d36e <unknown>\n#12 0x55b0b3b3c410 <unknown>\n#13 0x55b0b3b910c8 <unknown>\n#14 0x55b0b3b9129b <unknown>\n#15 0x55b0b3ba2db8 <unknown>\n#16 0x7fb93369caa4 <unknown>\n#17 0x7fb933729c6c <unknown>","time":{"start":1771312831679,"stop":1771312831679,"duration":0}}]},"tags":[]},"source":"5a62da20e2abb883.json","parameterValues":["'chrome'","'chrome'"]}