{"uid":"c6cdcd52517abe27","name":"Change language test for main page.","fullName":"tests.ui.test_change_language#test_change_language","historyId":"46d2213f4ba144acf43881a31cb51ce5","time":{"start":1771312831679,"stop":1771312831679,"duration":0},"description":"Change language test for main page.","descriptionHtml":"<p>Change language test for main page.</p>\n","status":"broken","statusMessage":"selenium.common.exceptions.SessionNotCreatedException: Message: session not created: Chrome instance exited. Examine ChromeDriver verbose log to determine the cause.; For documentation on this error, please visit: https://www.selenium.dev/documentation/webdriver/troubleshooting/errors#sessionnotcreatedexception\nStacktrace:\n#0 0x55b0b3ba3a4a <unknown>\n#1 0x55b0b35bc6a2 <unknown>\n#2 0x55b0b35fa1dd <unknown>\n#3 0x55b0b35f4ef9 <unknown>\n#4 0x55b0b364706e <unknown>\n#5 0x55b0b364675c <unknown>\n#6 0x55b0b36038b2 <unknown>\n#7 0x55b0b36046a1 <unknown>\n#8 0x55b0b3b698a9 <unknown>\n#9 0x55b0b3b6c7b1 <unknown>\n#10 0x55b0b3b55ea9 <unknown>\n#11 0x55b0b3b6d36e <unknown>\n#12 0x55b0b3b3c410 <unknown>\n#13 0x55b0b3b910c8 <unknown>\n#14 0x55b0b3b9129b <unknown>\n#15 0x55b0b3ba2db8 <unknown>\n#16 0x7fb93369caa4 <unknown>\n#17 0x7fb933729c6c <unknown>","statusTrace":"request = <SubRequest 'driver' for <Function test_change_language[chrome]>>\n\n    @fixture(params=[\"chrome\"], scope=\"function\")\n    def driver(request):\n        \"\"\"\n        Parametrized pytest fixture that returns a Selenium WebDriver for Chrome and Firefox.\n        - Param values: \"chrome\" or \"firefox\"\n        - Set `HEADLESS` env var to `1` or `true` to enable headless mode.\n        \"\"\"\n        allure.dynamic.parameter(\"browser\", request.param)\n        browser = request.param\n        headless_flag = Config.HEADLESS\n    \n        drv = None\n        match browser:\n            case \"firefox\":\n                opts = FirefoxOptions()\n                if headless_flag:\n                    opts.headless = True\n                drv = webdriver.Firefox(options=opts)\n            case \"chrome\":\n                opts = ChromeOptions()\n                if headless_flag:\n                    opts.add_argument(\"--headless=new\")\n                opts.add_argument(\"--no-sandbox\")\n                opts.add_argument(\"--disable-gpu\")\n                opts.add_argument(\"--window-size=1920,1080\")\n>               drv = webdriver.Chrome(options=opts)\n                      ^^^^^^^^^^^^^^^^^^^^^^^^^^^^^^\n\ntests/conftest.py:36: \n_ _ _ _ _ _ _ _ _ _ _ _ _ _ _ _ _ _ _ _ _ _ _ _ _ _ _ _ _ _ _ _ _ _ _ _ _ _ _ _ \n/opt/hostedtoolcache/Python/3.12.12/x64/lib/python3.12/site-packages/selenium/webdriver/chrome/webdriver.py:45: in __init__\n    super().__init__(\n/opt/hostedtoolcache/Python/3.12.12/x64/lib/python3.12/site-packages/selenium/webdriver/chromium/webdriver.py:66: in __init__\n    super().__init__(command_executor=executor, options=self.options)\n/opt/hostedtoolcache/Python/3.12.12/x64/lib/python3.12/site-packages/selenium/webdriver/common/webdriver.py:25: in __init__\n    super().__init__(*args, **kwargs)\n/opt/hostedtoolcache/Python/3.12.12/x64/lib/python3.12/site-packages/selenium/webdriver/remote/webdriver.py:257: in __init__\n    self.start_session(capabilities)\n/opt/hostedtoolcache/Python/3.12.12/x64/lib/python3.12/site-packages/selenium/webdriver/remote/webdriver.py:352: in start_session\n    response = self.execute(Command.NEW_SESSION, caps)[\"value\"]\n               ^^^^^^^^^^^^^^^^^^^^^^^^^^^^^^^^^^^^^^^\n/opt/hostedtoolcache/Python/3.12.12/x64/lib/python3.12/site-packages/selenium/webdriver/remote/webdriver.py:432: in execute\n    self.error_handler.check_response(response)\n_ _ _ _ _ _ _ _ _ _ _ _ _ _ _ _ _ _ _ _ _ _ _ _ _ _ _ _ _ _ _ _ _ _ _ _ _ _ _ _ \n\nself = <selenium.webdriver.remote.errorhandler.ErrorHandler object at 0x7f4224e18cb0>\nresponse = {'status': 500, 'value': '{\"value\":{\"error\":\"session not created\",\"message\":\"session not created: Chrome instance exit...\\\\n#15 0x55b0b3ba2db8 \\\\u003Cunknown>\\\\n#16 0x7fb93369caa4 \\\\u003Cunknown>\\\\n#17 0x7fb933729c6c \\\\u003Cunknown>\\\\n\"}}'}\n\n    def check_response(self, response: dict[str, Any]) -> None:\n        \"\"\"Check that a JSON response from the WebDriver does not have an error.\n    \n        Args:\n            response: The JSON response from the WebDriver server as a dictionary\n                object.\n    \n        Raises:\n            WebDriverException: If the response contains an error message.\n        \"\"\"\n        status = response.get(\"status\", None)\n        if not status or status == ErrorCode.SUCCESS:\n            return\n        value = None\n        message = response.get(\"message\", \"\")\n        screen: str = response.get(\"screen\", \"\")\n        stacktrace = None\n        if isinstance(status, int):\n            value_json = response.get(\"value\", None)\n            if value_json and isinstance(value_json, str):\n                try:\n                    value = json.loads(value_json)\n                    if isinstance(value, dict):\n                        if len(value) == 1:\n                            value = value[\"value\"]\n                        status = value.get(\"error\", None)\n                        if not status:\n                            status = value.get(\"status\", ErrorCode.UNKNOWN_ERROR)\n                            message = value.get(\"value\") or value.get(\"message\")\n                            if not isinstance(message, str):\n                                value = message\n                                message = message.get(\"message\") if isinstance(message, dict) else None\n                        else:\n                            message = value.get(\"message\", None)\n                except ValueError:\n                    pass\n    \n        exception_class: type[WebDriverException]\n        e = ErrorCode()\n        error_codes = [item for item in dir(e) if not item.startswith(\"__\")]\n        for error_code in error_codes:\n            error_info = getattr(ErrorCode, error_code)\n            if isinstance(error_info, list) and status in error_info:\n                exception_class = getattr(ExceptionMapping, error_code, WebDriverException)\n                break\n        else:\n            exception_class = WebDriverException\n    \n        if not value:\n            value = response[\"value\"]\n        if isinstance(value, str):\n            raise exception_class(value)\n        if message == \"\" and \"message\" in value:\n            message = value[\"message\"]\n    \n        screen = None  # type: ignore[assignment]\n        if \"screen\" in value:\n            screen = value[\"screen\"]\n    \n        stacktrace = None\n        st_value = value.get(\"stackTrace\") or value.get(\"stacktrace\")\n        if st_value:\n            if isinstance(st_value, str):\n                stacktrace = st_value.split(\"\\n\")\n            else:\n                stacktrace = []\n                try:\n                    for frame in st_value:\n                        line = frame.get(\"lineNumber\", \"\")\n                        file = frame.get(\"fileName\", \"<anonymous>\")\n                        if line:\n                            file = f\"{file}:{line}\"\n                        meth = frame.get(\"methodName\", \"<anonymous>\")\n                        if \"className\" in frame:\n                            meth = f\"{frame['className']}.{meth}\"\n                        msg = \"    at %s (%s)\"\n                        msg = msg % (meth, file)\n                        stacktrace.append(msg)\n                except TypeError:\n                    pass\n        if exception_class == UnexpectedAlertPresentException:\n            alert_text = None\n            if \"data\" in value:\n                alert_text = value[\"data\"].get(\"text\")\n            elif \"alert\" in value:\n                alert_text = value[\"alert\"].get(\"text\")\n            raise exception_class(message, screen, stacktrace, alert_text)  # type: ignore[call-arg]  # mypy is not smart enough here\n>       raise exception_class(message, screen, stacktrace)\nE       selenium.common.exceptions.SessionNotCreatedException: Message: session not created: Chrome instance exited. Examine ChromeDriver verbose log to determine the cause.; For documentation on this error, please visit: https://www.selenium.dev/documentation/webdriver/troubleshooting/errors#sessionnotcreatedexception\nE       Stacktrace:\nE       #0 0x55b0b3ba3a4a <unknown>\nE       #1 0x55b0b35bc6a2 <unknown>\nE       #2 0x55b0b35fa1dd <unknown>\nE       #3 0x55b0b35f4ef9 <unknown>\nE       #4 0x55b0b364706e <unknown>\nE       #5 0x55b0b364675c <unknown>\nE       #6 0x55b0b36038b2 <unknown>\nE       #7 0x55b0b36046a1 <unknown>\nE       #8 0x55b0b3b698a9 <unknown>\nE       #9 0x55b0b3b6c7b1 <unknown>\nE       #10 0x55b0b3b55ea9 <unknown>\nE       #11 0x55b0b3b6d36e <unknown>\nE       #12 0x55b0b3b3c410 <unknown>\nE       #13 0x55b0b3b910c8 <unknown>\nE       #14 0x55b0b3b9129b <unknown>\nE       #15 0x55b0b3ba2db8 <unknown>\nE       #16 0x7fb93369caa4 <unknown>\nE       #17 0x7fb933729c6c <unknown>\n\n/opt/hostedtoolcache/Python/3.12.12/x64/lib/python3.12/site-packages/selenium/webdriver/remote/errorhandler.py:232: SessionNotCreatedException","flaky":false,"newFailed":false,"newBroken":false,"newPassed":false,"retriesCount":0,"retriesStatusChange":false,"beforeStages":[{"name":"driver","time":{"start":1771312831680,"stop":1771312837365,"duration":5685},"status":"broken","statusMessage":"selenium.common.exceptions.SessionNotCreatedException: Message: session not created: Chrome instance exited. Examine ChromeDriver verbose log to determine the cause.; For documentation on this error, please visit: https://www.selenium.dev/documentation/webdriver/troubleshooting/errors#sessionnotcreatedexception\nStacktrace:\n#0 0x55b0b3ba3a4a <unknown>\n#1 0x55b0b35bc6a2 <unknown>\n#2 0x55b0b35fa1dd <unknown>\n#3 0x55b0b35f4ef9 <unknown>\n#4 0x55b0b364706e <unknown>\n#5 0x55b0b364675c <unknown>\n#6 0x55b0b36038b2 <unknown>\n#7 0x55b0b36046a1 <unknown>\n#8 0x55b0b3b698a9 <unknown>\n#9 0x55b0b3b6c7b1 <unknown>\n#10 0x55b0b3b55ea9 <unknown>\n#11 0x55b0b3b6d36e <unknown>\n#12 0x55b0b3b3c410 <unknown>\n#13 0x55b0b3b910c8 <unknown>\n#14 0x55b0b3b9129b <unknown>\n#15 0x55b0b3ba2db8 <unknown>\n#16 0x7fb93369caa4 <unknown>\n#17 0x7fb933729c6c <unknown>\n\n","statusTrace":"  File \"/opt/hostedtoolcache/Python/3.12.12/x64/lib/python3.12/site-packages/pluggy/_callers.py\", line 38, in run_old_style_hookwrapper\n    res = yield\n          ^^^^^\n  File \"/opt/hostedtoolcache/Python/3.12.12/x64/lib/python3.12/site-packages/pluggy/_callers.py\", line 139, in _multicall\n    teardown.throw(exception)\n  File \"/opt/hostedtoolcache/Python/3.12.12/x64/lib/python3.12/site-packages/_pytest/setuponly.py\", line 36, in pytest_fixture_setup\n    return (yield)\n            ^^^^^\n  File \"/opt/hostedtoolcache/Python/3.12.12/x64/lib/python3.12/site-packages/pluggy/_callers.py\", line 121, in _multicall\n    res = hook_impl.function(*args)\n          ^^^^^^^^^^^^^^^^^^^^^^^^^\n  File \"/opt/hostedtoolcache/Python/3.12.12/x64/lib/python3.12/site-packages/_pytest/fixtures.py\", line 1202, in pytest_fixture_setup\n    result = call_fixture_func(fixturefunc, request, kwargs)\n             ^^^^^^^^^^^^^^^^^^^^^^^^^^^^^^^^^^^^^^^^^^^^^^^\n  File \"/opt/hostedtoolcache/Python/3.12.12/x64/lib/python3.12/site-packages/_pytest/fixtures.py\", line 908, in call_fixture_func\n    fixture_result = next(generator)\n                     ^^^^^^^^^^^^^^^\n  File \"/home/runner/work/greencity5307/greencity5307/tests/conftest.py\", line 36, in driver\n    drv = webdriver.Chrome(options=opts)\n          ^^^^^^^^^^^^^^^^^^^^^^^^^^^^^^\n  File \"/opt/hostedtoolcache/Python/3.12.12/x64/lib/python3.12/site-packages/selenium/webdriver/chrome/webdriver.py\", line 45, in __init__\n    super().__init__(\n  File \"/opt/hostedtoolcache/Python/3.12.12/x64/lib/python3.12/site-packages/selenium/webdriver/chromium/webdriver.py\", line 66, in __init__\n    super().__init__(command_executor=executor, options=self.options)\n  File \"/opt/hostedtoolcache/Python/3.12.12/x64/lib/python3.12/site-packages/selenium/webdriver/common/webdriver.py\", line 25, in __init__\n    super().__init__(*args, **kwargs)\n  File \"/opt/hostedtoolcache/Python/3.12.12/x64/lib/python3.12/site-packages/selenium/webdriver/remote/webdriver.py\", line 257, in __init__\n    self.start_session(capabilities)\n  File \"/opt/hostedtoolcache/Python/3.12.12/x64/lib/python3.12/site-packages/selenium/webdriver/remote/webdriver.py\", line 352, in start_session\n    response = self.execute(Command.NEW_SESSION, caps)[\"value\"]\n               ^^^^^^^^^^^^^^^^^^^^^^^^^^^^^^^^^^^^^^^\n  File \"/opt/hostedtoolcache/Python/3.12.12/x64/lib/python3.12/site-packages/selenium/webdriver/remote/webdriver.py\", line 432, in execute\n    self.error_handler.check_response(response)\n  File \"/opt/hostedtoolcache/Python/3.12.12/x64/lib/python3.12/site-packages/selenium/webdriver/remote/errorhandler.py\", line 232, in check_response\n    raise exception_class(message, screen, stacktrace)\n","steps":[],"attachments":[],"parameters":[],"stepsCount":0,"shouldDisplayMessage":true,"attachmentsCount":0,"hasContent":true,"attachmentStep":false}],"afterStages":[],"labels":[{"name":"parentSuite","value":"tests.ui"},{"name":"suite","value":"test_change_language"},{"name":"host","value":"runnervmjduv7"},{"name":"thread","value":"2575-MainThread"},{"name":"framework","value":"pytest"},{"name":"language","value":"cpython3"},{"name":"package","value":"tests.ui.test_change_language"},{"name":"resultFormat","value":"allure2"}],"parameters":[{"name":"browser","value":"'chrome'"},{"name":"driver","value":"'chrome'"}],"links":[],"hidden":false,"retry":false,"extra":{"severity":"normal","retries":[],"categories":[{"name":"Test defects","matchedStatuses":[],"flaky":false}],"tags":[]},"source":"c6cdcd52517abe27.json","parameterValues":["'chrome'","'chrome'"]}